              :-) GROMACS - gmx mdrun, 2020.1-Ubuntu-2020.1-1 (-:

                            GROMACS is written by:
     Emile Apol      Rossen Apostolov      Paul Bauer     Herman J.C. Berendsen
    Par Bjelkmar      Christian Blau   Viacheslav Bolnykh     Kevin Boyd    
 Aldert van Buuren   Rudi van Drunen     Anton Feenstra       Alan Gray     
  Gerrit Groenhof     Anca Hamuraru    Vincent Hindriksen  M. Eric Irrgang  
  Aleksei Iupinov   Christoph Junghans     Joe Jordan     Dimitrios Karkoulis
    Peter Kasson        Jiri Kraus      Carsten Kutzner      Per Larsson    
  Justin A. Lemkul    Viveca Lindahl    Magnus Lundborg     Erik Marklund   
    Pascal Merz     Pieter Meulenhoff    Teemu Murtola       Szilard Pall   
    Sander Pronk      Roland Schulz      Michael Shirts    Alexey Shvetsov  
   Alfons Sijbers     Peter Tieleman      Jon Vincent      Teemu Virolainen 
 Christian Wennberg    Maarten Wolf      Artem Zhmurov   
                           and the project leaders:
        Mark Abraham, Berk Hess, Erik Lindahl, and David van der Spoel

Copyright (c) 1991-2000, University of Groningen, The Netherlands.
Copyright (c) 2001-2019, The GROMACS development team at
Uppsala University, Stockholm University and
the Royal Institute of Technology, Sweden.
check out http://www.gromacs.org for more information.

GROMACS is free software; you can redistribute it and/or modify it
under the terms of the GNU Lesser General Public License
as published by the Free Software Foundation; either version 2.1
of the License, or (at your option) any later version.

GROMACS:      gmx mdrun, version 2020.1-Ubuntu-2020.1-1
Executable:   /usr/bin/gmx
Data prefix:  /usr
Working dir:  /mnt/d/Textbook-Sem7/BT5420 Computer Simulations of Biomolecular Systems/Assignments/Assignment 2/Tutorial
Process ID:   289
Command line:
  gmx mdrun -v -deffnm md

GROMACS version:    2020.1-Ubuntu-2020.1-1
Precision:          single
Memory model:       64 bit
MPI library:        thread_mpi
OpenMP support:     enabled (GMX_OPENMP_MAX_THREADS = 64)
GPU support:        disabled
SIMD instructions:  SSE2
FFT library:        fftw-3.3.8-sse2-avx
RDTSCP usage:       disabled
TNG support:        enabled
Hwloc support:      hwloc-2.1.0
Tracing support:    disabled
C compiler:         /usr/bin/cc GNU 9.3.0
C compiler flags:   -msse2 -fexcess-precision=fast -funroll-all-loops
C++ compiler:       /usr/bin/c++ GNU 9.3.0
C++ compiler flags: -msse2 -fexcess-precision=fast -funroll-all-loops -fopenmp


Running on 1 node with total 4 cores, 8 logical cores
Hardware detected:
  CPU info:
    Vendor: Intel
    Brand:  Intel(R) Core(TM) i5-8265U CPU @ 1.60GHz
    Family: 6   Model: 142   Stepping: 11
    Features: aes apic avx avx2 clfsh cmov cx8 cx16 f16c fma htt intel lahf mmx msr nonstop_tsc pcid pclmuldq pdcm pdpe1gb popcnt pse rdrnd rdtscp sse2 sse3 sse4.1 sse4.2 ssse3 tdt x2apic
  Hardware topology: Basic
    Sockets, cores, and logical processors:
      Socket  0: [   0   1] [   2   3] [   4   5] [   6   7]

Highest SIMD level requested by all nodes in run: AVX2_256
SIMD instructions selected at compile time:       SSE2
This program was compiled for different hardware than you are running on,
which could influence performance.
The current CPU can measure timings more accurately than the code in
gmx mdrun was configured to use. This might affect your simulation
speed as accurate timings are needed for load-balancing.
Please consider rebuilding gmx mdrun with the GMX_USE_RDTSCP=ON CMake option.

++++ PLEASE READ AND CITE THE FOLLOWING REFERENCE ++++
M. J. Abraham, T. Murtola, R. Schulz, S. Páll, J. C. Smith, B. Hess, E.
Lindahl
GROMACS: High performance molecular simulations through multi-level
parallelism from laptops to supercomputers
SoftwareX 1 (2015) pp. 19-25
-------- -------- --- Thank You --- -------- --------


++++ PLEASE READ AND CITE THE FOLLOWING REFERENCE ++++
S. Páll, M. J. Abraham, C. Kutzner, B. Hess, E. Lindahl
Tackling Exascale Software Challenges in Molecular Dynamics Simulations with
GROMACS
In S. Markidis & E. Laure (Eds.), Solving Software Challenges for Exascale 8759 (2015) pp. 3-27
-------- -------- --- Thank You --- -------- --------


++++ PLEASE READ AND CITE THE FOLLOWING REFERENCE ++++
S. Pronk, S. Páll, R. Schulz, P. Larsson, P. Bjelkmar, R. Apostolov, M. R.
Shirts, J. C. Smith, P. M. Kasson, D. van der Spoel, B. Hess, and E. Lindahl
GROMACS 4.5: a high-throughput and highly parallel open source molecular
simulation toolkit
Bioinformatics 29 (2013) pp. 845-54
-------- -------- --- Thank You --- -------- --------


++++ PLEASE READ AND CITE THE FOLLOWING REFERENCE ++++
B. Hess and C. Kutzner and D. van der Spoel and E. Lindahl
GROMACS 4: Algorithms for highly efficient, load-balanced, and scalable
molecular simulation
J. Chem. Theory Comput. 4 (2008) pp. 435-447
-------- -------- --- Thank You --- -------- --------


++++ PLEASE READ AND CITE THE FOLLOWING REFERENCE ++++
D. van der Spoel, E. Lindahl, B. Hess, G. Groenhof, A. E. Mark and H. J. C.
Berendsen
GROMACS: Fast, Flexible and Free
J. Comp. Chem. 26 (2005) pp. 1701-1719
-------- -------- --- Thank You --- -------- --------


++++ PLEASE READ AND CITE THE FOLLOWING REFERENCE ++++
E. Lindahl and B. Hess and D. van der Spoel
GROMACS 3.0: A package for molecular simulation and trajectory analysis
J. Mol. Mod. 7 (2001) pp. 306-317
-------- -------- --- Thank You --- -------- --------


++++ PLEASE READ AND CITE THE FOLLOWING REFERENCE ++++
H. J. C. Berendsen, D. van der Spoel and R. van Drunen
GROMACS: A message-passing parallel molecular dynamics implementation
Comp. Phys. Comm. 91 (1995) pp. 43-56
-------- -------- --- Thank You --- -------- --------

Input Parameters:
   integrator                     = md
   tinit                          = 0
   dt                             = 0.002
   nsteps                         = 500000
   init-step                      = 0
   simulation-part                = 1
   comm-mode                      = Linear
   nstcomm                        = 100
   bd-fric                        = 0
   ld-seed                        = -436950075
   emtol                          = 10
   emstep                         = 0.01
   niter                          = 20
   fcstep                         = 0
   nstcgsteep                     = 1000
   nbfgscorr                      = 10
   rtpi                           = 0.05
   nstxout                        = 0
   nstvout                        = 0
   nstfout                        = 0
   nstlog                         = 5000
   nstcalcenergy                  = 100
   nstenergy                      = 5000
   nstxout-compressed             = 2500
   compressed-x-precision         = 1000
   cutoff-scheme                  = Verlet
   nstlist                        = 10
   pbc                            = xyz
   periodic-molecules             = false
   verlet-buffer-tolerance        = 0.005
   rlist                          = 1.2
   coulombtype                    = PME
   coulomb-modifier               = Potential-shift
   rcoulomb-switch                = 0
   rcoulomb                       = 1.2
   epsilon-r                      = 1
   epsilon-rf                     = inf
   vdw-type                       = Cut-off
   vdw-modifier                   = Force-switch
   rvdw-switch                    = 1
   rvdw                           = 1.2
   DispCorr                       = EnerPres
   table-extension                = 1
   fourierspacing                 = 0.16
   fourier-nx                     = 44
   fourier-ny                     = 44
   fourier-nz                     = 44
   pme-order                      = 4
   ewald-rtol                     = 1e-05
   ewald-rtol-lj                  = 0.001
   lj-pme-comb-rule               = Geometric
   ewald-geometry                 = 0
   epsilon-surface                = 0
   tcoupl                         = Nose-Hoover
   nsttcouple                     = 10
   nh-chain-length                = 1
   print-nose-hoover-chain-variables = false
   pcoupl                         = Parrinello-Rahman
   pcoupltype                     = Isotropic
   nstpcouple                     = 10
   tau-p                          = 2
   compressibility (3x3):
      compressibility[    0]={ 4.50000e-05,  0.00000e+00,  0.00000e+00}
      compressibility[    1]={ 0.00000e+00,  4.50000e-05,  0.00000e+00}
      compressibility[    2]={ 0.00000e+00,  0.00000e+00,  4.50000e-05}
   ref-p (3x3):
      ref-p[    0]={ 1.00000e+00,  0.00000e+00,  0.00000e+00}
      ref-p[    1]={ 0.00000e+00,  1.00000e+00,  0.00000e+00}
      ref-p[    2]={ 0.00000e+00,  0.00000e+00,  1.00000e+00}
   refcoord-scaling               = COM
   posres-com (3):
      posres-com[0]= 0.00000e+00
      posres-com[1]= 0.00000e+00
      posres-com[2]= 0.00000e+00
   posres-comB (3):
      posres-comB[0]= 0.00000e+00
      posres-comB[1]= 0.00000e+00
      posres-comB[2]= 0.00000e+00
   QMMM                           = false
   QMconstraints                  = 0
   QMMMscheme                     = 0
   MMChargeScaleFactor            = 1
qm-opts:
   ngQM                           = 0
   constraint-algorithm           = Lincs
   continuation                   = true
   Shake-SOR                      = false
   shake-tol                      = 0.0001
   lincs-order                    = 4
   lincs-iter                     = 1
   lincs-warnangle                = 30
   nwall                          = 0
   wall-type                      = 9-3
   wall-r-linpot                  = -1
   wall-atomtype[0]               = -1
   wall-atomtype[1]               = -1
   wall-density[0]                = 0
   wall-density[1]                = 0
   wall-ewald-zfac                = 3
   pull                           = false
   awh                            = false
   rotation                       = false
   interactiveMD                  = false
   disre                          = No
   disre-weighting                = Conservative
   disre-mixed                    = false
   dr-fc                          = 1000
   dr-tau                         = 0
   nstdisreout                    = 100
   orire-fc                       = 0
   orire-tau                      = 0
   nstorireout                    = 100
   free-energy                    = no
   cos-acceleration               = 0
   deform (3x3):
      deform[    0]={ 0.00000e+00,  0.00000e+00,  0.00000e+00}
      deform[    1]={ 0.00000e+00,  0.00000e+00,  0.00000e+00}
      deform[    2]={ 0.00000e+00,  0.00000e+00,  0.00000e+00}
   simulated-tempering            = false
   swapcoords                     = no
   userint1                       = 0
   userint2                       = 0
   userint3                       = 0
   userint4                       = 0
   userreal1                      = 0
   userreal2                      = 0
   userreal3                      = 0
   userreal4                      = 0
   applied-forces:
     electric-field:
       x:
         E0                       = 0
         omega                    = 0
         t0                       = 0
         sigma                    = 0
       y:
         E0                       = 0
         omega                    = 0
         t0                       = 0
         sigma                    = 0
       z:
         E0                       = 0
         omega                    = 0
         t0                       = 0
         sigma                    = 0
     density-guided-simulation:
       active                     = false
       group                      = protein
       similarity-measure         = inner-product
       atom-spreading-weight      = unity
       force-constant             = 1e+09
       gaussian-transform-spreading-width = 0.2
       gaussian-transform-spreading-range-in-multiples-of-width = 4
       reference-density-filename = reference.mrc
       nst                        = 1
       normalize-densities        = true
       adaptive-force-scaling     = false
       adaptive-force-scaling-time-constant = 4
grpopts:
   nrdf:     3895.83     63837.2
   ref-t:         300         300
   tau-t:         0.5         0.5
annealing:          No          No
annealing-npoints:           0           0
   acc:	           0           0           0
   nfreeze:           N           N           N
   energygrp-flags[  0]: 0

Changing nstlist from 10 to 80, rlist from 1.2 to 1.32


Using 1 MPI thread

Non-default thread affinity set, disabling internal thread affinity

Using 8 OpenMP threads 

System total charge: 0.000
Will do PME sum in reciprocal space for electrostatic interactions.

++++ PLEASE READ AND CITE THE FOLLOWING REFERENCE ++++
U. Essmann, L. Perera, M. L. Berkowitz, T. Darden, H. Lee and L. G. Pedersen 
A smooth particle mesh Ewald method
J. Chem. Phys. 103 (1995) pp. 8577-8592
-------- -------- --- Thank You --- -------- --------

Using a Gaussian width (1/beta) of 0.384195 nm for Ewald
Potential shift: LJ r^-12: -2.648e-01 r^-6: -5.349e-01, Ewald -8.333e-06
Initialized non-bonded Coulomb Ewald tables, spacing: 1.02e-03 size: 1176

Generated table with 1160 data points for 1-4 COUL.
Tabscale = 500 points/nm
Generated table with 1160 data points for 1-4 LJ6.
Tabscale = 500 points/nm
Generated table with 1160 data points for 1-4 LJ12.
Tabscale = 500 points/nm

Using SIMD 4x4 nonbonded short-range kernels

Using a dual 4x4 pair-list setup updated with dynamic pruning:
  outer list: updated every 80 steps, buffer 0.120 nm, rlist 1.320 nm
  inner list: updated every 13 steps, buffer 0.002 nm, rlist 1.202 nm
At tolerance 0.005 kJ/mol/ps per atom, equivalent classical 1x1 list would be:
  outer list: updated every 80 steps, buffer 0.264 nm, rlist 1.464 nm
  inner list: updated every 13 steps, buffer 0.052 nm, rlist 1.252 nm

Long Range LJ corr.: <C6> 3.0481e-04


Initializing LINear Constraint Solver

++++ PLEASE READ AND CITE THE FOLLOWING REFERENCE ++++
B. Hess and H. Bekker and H. J. C. Berendsen and J. G. E. M. Fraaije
LINCS: A Linear Constraint Solver for molecular simulations
J. Comp. Chem. 18 (1997) pp. 1463-1472
-------- -------- --- Thank You --- -------- --------

The number of constraints is 1984

++++ PLEASE READ AND CITE THE FOLLOWING REFERENCE ++++
S. Miyamoto and P. A. Kollman
SETTLE: An Analytical Version of the SHAKE and RATTLE Algorithms for Rigid
Water Models
J. Comp. Chem. 13 (1992) pp. 952-962
-------- -------- --- Thank You --- -------- --------

There are: 33876 Atoms
Center of mass motion removal mode is Linear
We have the following groups for center of mass motion removal:
  0:  rest

Started mdrun on rank 0 Fri Oct 30 14:12:05 2020

           Step           Time
              0        0.00000

   Energies (kJ/mol)
            U-B    Proper Dih.  Improper Dih.      CMAP Dih.          LJ-14
    4.05877e+03    2.83882e+03    2.44642e+02   -8.59505e+02    1.83589e+03
     Coulomb-14        LJ (SR)  Disper. corr.   Coulomb (SR)   Coul. recip.
    1.41813e+04    6.25234e+04   -3.12185e+03   -5.32320e+05    1.56317e+03
      Potential    Kinetic En.   Total Energy  Conserved En.    Temperature
   -4.49056e+05    8.38794e+04   -3.65177e+05   -3.65156e+05    2.97886e+02
 Pres. DC (bar) Pressure (bar)   Constr. rmsd
   -1.52366e+02    5.49545e-01    3.04722e-05

           Step           Time
           5000       10.00000

   Energies (kJ/mol)
            U-B    Proper Dih.  Improper Dih.      CMAP Dih.          LJ-14
    4.29180e+03    2.98059e+03    2.92666e+02   -9.16638e+02    1.86369e+03
     Coulomb-14        LJ (SR)  Disper. corr.   Coulomb (SR)   Coul. recip.
    1.42144e+04    6.05159e+04   -3.11680e+03   -5.28688e+05    1.57521e+03
      Potential    Kinetic En.   Total Energy  Conserved En.    Temperature
   -4.46987e+05    8.46694e+04   -3.62318e+05   -3.65053e+05    3.00692e+02
 Pres. DC (bar) Pressure (bar)   Constr. rmsd
   -1.51874e+02   -2.31135e+02    2.95578e-05

           Step           Time
          10000       20.00000

   Energies (kJ/mol)
            U-B    Proper Dih.  Improper Dih.      CMAP Dih.          LJ-14
    4.41467e+03    2.83117e+03    3.11605e+02   -8.33090e+02    1.83608e+03
     Coulomb-14        LJ (SR)  Disper. corr.   Coulomb (SR)   Coul. recip.
    1.41913e+04    6.22989e+04   -3.11996e+03   -5.31930e+05    1.64636e+03
      Potential    Kinetic En.   Total Energy  Conserved En.    Temperature
   -4.48352e+05    8.54776e+04   -3.62875e+05   -3.65019e+05    3.03562e+02
 Pres. DC (bar) Pressure (bar)   Constr. rmsd
   -1.52182e+02    5.51371e+01    2.80957e-05

           Step           Time
          15000       30.00000

   Energies (kJ/mol)
            U-B    Proper Dih.  Improper Dih.      CMAP Dih.          LJ-14
    4.42498e+03    2.78004e+03    2.88411e+02   -8.85105e+02    1.87451e+03
     Coulomb-14        LJ (SR)  Disper. corr.   Coulomb (SR)   Coul. recip.
    1.42000e+04    6.20710e+04   -3.13806e+03   -5.32056e+05    1.67735e+03
      Potential    Kinetic En.   Total Energy  Conserved En.    Temperature
   -4.48763e+05    8.44391e+04   -3.64323e+05   -3.65105e+05    2.99874e+02
 Pres. DC (bar) Pressure (bar)   Constr. rmsd
   -1.53951e+02    6.75649e+01    3.00952e-05

           Step           Time
          20000       40.00000

   Energies (kJ/mol)
            U-B    Proper Dih.  Improper Dih.      CMAP Dih.          LJ-14
    4.37656e+03    3.03485e+03    3.15014e+02   -8.80641e+02    1.82464e+03
     Coulomb-14        LJ (SR)  Disper. corr.   Coulomb (SR)   Coul. recip.
    1.40478e+04    6.33101e+04   -3.12372e+03   -5.32611e+05    1.57665e+03
      Potential    Kinetic En.   Total Energy  Conserved En.    Temperature
   -4.48130e+05    8.45485e+04   -3.63581e+05   -3.65319e+05    3.00263e+02
 Pres. DC (bar) Pressure (bar)   Constr. rmsd
   -1.52549e+02    2.57489e+02    3.00143e-05

           Step           Time
          25000       50.00000

   Energies (kJ/mol)
            U-B    Proper Dih.  Improper Dih.      CMAP Dih.          LJ-14
    4.50861e+03    2.90928e+03    3.18018e+02   -8.68816e+02    1.87094e+03
     Coulomb-14        LJ (SR)  Disper. corr.   Coulomb (SR)   Coul. recip.
    1.39089e+04    6.14011e+04   -3.10758e+03   -5.29531e+05    1.59555e+03
      Potential    Kinetic En.   Total Energy  Conserved En.    Temperature
   -4.46995e+05    8.50301e+04   -3.61965e+05   -3.65412e+05    3.01973e+02
 Pres. DC (bar) Pressure (bar)   Constr. rmsd
   -1.50977e+02   -6.20229e+01    2.87678e-05

Writing checkpoint, step 27440 at Fri Oct 30 14:27:07 2020


           Step           Time
          30000       60.00000

   Energies (kJ/mol)
            U-B    Proper Dih.  Improper Dih.      CMAP Dih.          LJ-14
    4.83059e+03    2.93769e+03    3.11200e+02   -8.31899e+02    1.87295e+03
     Coulomb-14        LJ (SR)  Disper. corr.   Coulomb (SR)   Coul. recip.
    1.38590e+04    6.29089e+04   -3.11492e+03   -5.31920e+05    1.62611e+03
      Potential    Kinetic En.   Total Energy  Conserved En.    Temperature
   -4.47521e+05    8.48099e+04   -3.62711e+05   -3.65094e+05    3.01191e+02
 Pres. DC (bar) Pressure (bar)   Constr. rmsd
   -1.51691e+02    4.42838e+01    3.27723e-05

           Step           Time
          35000       70.00000

   Energies (kJ/mol)
            U-B    Proper Dih.  Improper Dih.      CMAP Dih.          LJ-14
    4.41996e+03    2.80527e+03    3.11279e+02   -8.50128e+02    1.86418e+03
     Coulomb-14        LJ (SR)  Disper. corr.   Coulomb (SR)   Coul. recip.
    1.40587e+04    6.14495e+04   -3.11802e+03   -5.30023e+05    1.63655e+03
      Potential    Kinetic En.   Total Energy  Conserved En.    Temperature
   -4.47445e+05    8.50506e+04   -3.62395e+05   -3.64780e+05    3.02046e+02
 Pres. DC (bar) Pressure (bar)   Constr. rmsd
   -1.51992e+02   -7.97412e+01    3.02004e-05

           Step           Time
          40000       80.00000

   Energies (kJ/mol)
            U-B    Proper Dih.  Improper Dih.      CMAP Dih.          LJ-14
    4.50752e+03    2.82706e+03    2.76102e+02   -8.95265e+02    1.77903e+03
     Coulomb-14        LJ (SR)  Disper. corr.   Coulomb (SR)   Coul. recip.
    1.42428e+04    6.28236e+04   -3.12679e+03   -5.32776e+05    1.63719e+03
      Potential    Kinetic En.   Total Energy  Conserved En.    Temperature
   -4.48705e+05    8.45309e+04   -3.64174e+05   -3.65078e+05    3.00200e+02
 Pres. DC (bar) Pressure (bar)   Constr. rmsd
   -1.52848e+02   -5.42557e+01    3.18501e-05

           Step           Time
          45000       90.00000

   Energies (kJ/mol)
            U-B    Proper Dih.  Improper Dih.      CMAP Dih.          LJ-14
    4.28582e+03    2.84030e+03    3.04988e+02   -8.86412e+02    1.85462e+03
     Coulomb-14        LJ (SR)  Disper. corr.   Coulomb (SR)   Coul. recip.
    1.40438e+04    6.08280e+04   -3.12275e+03   -5.28936e+05    1.62538e+03
      Potential    Kinetic En.   Total Energy  Conserved En.    Temperature
   -4.47163e+05    8.42744e+04   -3.62888e+05   -3.64464e+05    2.99289e+02
 Pres. DC (bar) Pressure (bar)   Constr. rmsd
   -1.52454e+02   -1.05116e+02    3.04608e-05

           Step           Time
          50000      100.00000

   Energies (kJ/mol)
            U-B    Proper Dih.  Improper Dih.      CMAP Dih.          LJ-14
    4.52517e+03    2.91414e+03    3.20564e+02   -8.36235e+02    1.84170e+03
     Coulomb-14        LJ (SR)  Disper. corr.   Coulomb (SR)   Coul. recip.
    1.40472e+04    6.21311e+04   -3.13170e+03   -5.31134e+05    1.62580e+03
      Potential    Kinetic En.   Total Energy  Conserved En.    Temperature
   -4.47697e+05    8.44921e+04   -3.63204e+05   -3.64715e+05    3.00062e+02
 Pres. DC (bar) Pressure (bar)   Constr. rmsd
   -1.53329e+02   -1.68838e+01    3.06306e-05

Writing checkpoint, step 54640 at Fri Oct 30 14:42:06 2020


           Step           Time
          55000      110.00000

   Energies (kJ/mol)
            U-B    Proper Dih.  Improper Dih.      CMAP Dih.          LJ-14
    4.44162e+03    2.78645e+03    2.78201e+02   -8.79030e+02    1.81540e+03
     Coulomb-14        LJ (SR)  Disper. corr.   Coulomb (SR)   Coul. recip.
    1.37719e+04    6.22523e+04   -3.12103e+03   -5.31734e+05    1.66058e+03
      Potential    Kinetic En.   Total Energy  Conserved En.    Temperature
   -4.48728e+05    8.40898e+04   -3.64638e+05   -3.64727e+05    2.98634e+02
 Pres. DC (bar) Pressure (bar)   Constr. rmsd
   -1.52286e+02   -9.98549e+01    3.27605e-05

           Step           Time
          60000      120.00000

   Energies (kJ/mol)
            U-B    Proper Dih.  Improper Dih.      CMAP Dih.          LJ-14
    4.49622e+03    2.82835e+03    3.06647e+02   -8.75963e+02    1.80957e+03
     Coulomb-14        LJ (SR)  Disper. corr.   Coulomb (SR)   Coul. recip.
    1.38602e+04    6.19872e+04   -3.11496e+03   -5.30399e+05    1.63588e+03
      Potential    Kinetic En.   Total Energy  Conserved En.    Temperature
   -4.47466e+05    8.43349e+04   -3.63131e+05   -3.64456e+05    2.99504e+02
 Pres. DC (bar) Pressure (bar)   Constr. rmsd
   -1.51695e+02   -8.08225e+01    3.35630e-05

           Step           Time
          65000      130.00000

   Energies (kJ/mol)
            U-B    Proper Dih.  Improper Dih.      CMAP Dih.          LJ-14
    4.43124e+03    2.92840e+03    2.91241e+02   -8.71694e+02    1.83499e+03
     Coulomb-14        LJ (SR)  Disper. corr.   Coulomb (SR)   Coul. recip.
    1.36861e+04    6.30580e+04   -3.13065e+03   -5.32136e+05    1.61623e+03
      Potential    Kinetic En.   Total Energy  Conserved En.    Temperature
   -4.48292e+05    8.54400e+04   -3.62852e+05   -3.64284e+05    3.03429e+02
 Pres. DC (bar) Pressure (bar)   Constr. rmsd
   -1.53226e+02    1.19414e+02    3.26266e-05

           Step           Time
          70000      140.00000

   Energies (kJ/mol)
            U-B    Proper Dih.  Improper Dih.      CMAP Dih.          LJ-14
    4.47620e+03    2.93992e+03    3.04364e+02   -9.11048e+02    1.83850e+03
     Coulomb-14        LJ (SR)  Disper. corr.   Coulomb (SR)   Coul. recip.
    1.39463e+04    6.29213e+04   -3.13003e+03   -5.31617e+05    1.63178e+03
      Potential    Kinetic En.   Total Energy  Conserved En.    Temperature
   -4.47600e+05    8.38400e+04   -3.63760e+05   -3.64344e+05    2.97747e+02
 Pres. DC (bar) Pressure (bar)   Constr. rmsd
   -1.53165e+02    7.96361e+01    3.33586e-05

           Step           Time
          75000      150.00000

   Energies (kJ/mol)
            U-B    Proper Dih.  Improper Dih.      CMAP Dih.          LJ-14
    4.47518e+03    2.94459e+03    2.71547e+02   -9.43411e+02    1.86678e+03
     Coulomb-14        LJ (SR)  Disper. corr.   Coulomb (SR)   Coul. recip.
    1.40921e+04    6.15541e+04   -3.12310e+03   -5.31334e+05    1.65418e+03
      Potential    Kinetic En.   Total Energy  Conserved En.    Temperature
   -4.48542e+05    8.41878e+04   -3.64354e+05   -3.64365e+05    2.98982e+02
 Pres. DC (bar) Pressure (bar)   Constr. rmsd
   -1.52488e+02   -1.20812e+02    3.03262e-05

Writing checkpoint, step 78880 at Fri Oct 30 14:57:07 2020


           Step           Time
          80000      160.00000

   Energies (kJ/mol)
            U-B    Proper Dih.  Improper Dih.      CMAP Dih.          LJ-14
    4.28190e+03    2.95220e+03    3.65583e+02   -9.31575e+02    1.79581e+03
     Coulomb-14        LJ (SR)  Disper. corr.   Coulomb (SR)   Coul. recip.
    1.39280e+04    6.31712e+04   -3.12923e+03   -5.34161e+05    1.56963e+03
      Potential    Kinetic En.   Total Energy  Conserved En.    Temperature
   -4.50157e+05    8.38103e+04   -3.66347e+05   -3.64333e+05    2.97641e+02
 Pres. DC (bar) Pressure (bar)   Constr. rmsd
   -1.53087e+02   -2.48469e+01    3.30254e-05

Writing checkpoint, step 81600 at Fri Oct 30 15:28:56 2020


Writing checkpoint, step 81680 at Fri Oct 30 15:29:00 2020


           Step           Time
          85000      170.00000

   Energies (kJ/mol)
            U-B    Proper Dih.  Improper Dih.      CMAP Dih.          LJ-14
    4.42082e+03    2.96004e+03    2.68927e+02   -8.30036e+02    1.82544e+03
     Coulomb-14        LJ (SR)  Disper. corr.   Coulomb (SR)   Coul. recip.
    1.44371e+04    6.30602e+04   -3.12813e+03   -5.32092e+05    1.67065e+03
      Potential    Kinetic En.   Total Energy  Conserved En.    Temperature
   -4.47407e+05    8.47093e+04   -3.62698e+05   -3.64258e+05    3.00834e+02
 Pres. DC (bar) Pressure (bar)   Constr. rmsd
   -1.52979e+02    6.84010e+01    3.24853e-05

           Step           Time
          90000      180.00000

   Energies (kJ/mol)
            U-B    Proper Dih.  Improper Dih.      CMAP Dih.          LJ-14
    4.30315e+03    2.85531e+03    2.80160e+02   -9.04439e+02    1.78534e+03
     Coulomb-14        LJ (SR)  Disper. corr.   Coulomb (SR)   Coul. recip.
    1.41512e+04    6.41203e+04   -3.11464e+03   -5.33155e+05    1.62041e+03
      Potential    Kinetic En.   Total Energy  Conserved En.    Temperature
   -4.48058e+05    8.43642e+04   -3.63694e+05   -3.64344e+05    2.99608e+02
 Pres. DC (bar) Pressure (bar)   Constr. rmsd
   -1.51664e+02    1.80727e+02    3.15824e-05

           Step           Time
          95000      190.00000

   Energies (kJ/mol)
            U-B    Proper Dih.  Improper Dih.      CMAP Dih.          LJ-14
    4.41476e+03    2.90005e+03    2.80573e+02   -8.84261e+02    1.81120e+03
     Coulomb-14        LJ (SR)  Disper. corr.   Coulomb (SR)   Coul. recip.
    1.42301e+04    6.15205e+04   -3.10983e+03   -5.30624e+05    1.70533e+03
      Potential    Kinetic En.   Total Energy  Conserved En.    Temperature
   -4.47756e+05    8.43898e+04   -3.63366e+05   -3.63895e+05    2.99699e+02
 Pres. DC (bar) Pressure (bar)   Constr. rmsd
   -1.51197e+02   -1.91876e+02    3.02086e-05

           Step           Time
         100000      200.00000

   Energies (kJ/mol)
            U-B    Proper Dih.  Improper Dih.      CMAP Dih.          LJ-14
    4.43755e+03    2.86576e+03    2.92421e+02   -8.67966e+02    1.75684e+03
     Coulomb-14        LJ (SR)  Disper. corr.   Coulomb (SR)   Coul. recip.
    1.39529e+04    6.15044e+04   -3.11956e+03   -5.30387e+05    1.57046e+03
      Potential    Kinetic En.   Total Energy  Conserved En.    Temperature
   -4.47994e+05    8.46222e+04   -3.63372e+05   -3.63905e+05    3.00524e+02
 Pres. DC (bar) Pressure (bar)   Constr. rmsd
   -1.52143e+02   -1.68024e+02    3.23524e-05

           Step           Time
         105000      210.00000

   Energies (kJ/mol)
            U-B    Proper Dih.  Improper Dih.      CMAP Dih.          LJ-14
    4.58631e+03    2.89230e+03    3.21471e+02   -8.84943e+02    1.87763e+03
     Coulomb-14        LJ (SR)  Disper. corr.   Coulomb (SR)   Coul. recip.
    1.39143e+04    6.15681e+04   -3.11493e+03   -5.30934e+05    1.63100e+03
      Potential    Kinetic En.   Total Energy  Conserved En.    Temperature
   -4.48143e+05    8.38307e+04   -3.64312e+05   -3.64027e+05    2.97714e+02
 Pres. DC (bar) Pressure (bar)   Constr. rmsd
   -1.51692e+02   -9.62720e+01    2.99640e-05

           Step           Time
         110000      220.00000

   Energies (kJ/mol)
            U-B    Proper Dih.  Improper Dih.      CMAP Dih.          LJ-14
    4.39942e+03    2.81413e+03    3.09393e+02   -8.79331e+02    1.84595e+03
     Coulomb-14        LJ (SR)  Disper. corr.   Coulomb (SR)   Coul. recip.
    1.42405e+04    6.32687e+04   -3.11608e+03   -5.32193e+05    1.65663e+03
      Potential    Kinetic En.   Total Energy  Conserved En.    Temperature
   -4.47654e+05    8.45700e+04   -3.63084e+05   -3.63861e+05    3.00339e+02
 Pres. DC (bar) Pressure (bar)   Constr. rmsd
   -1.51804e+02    1.56542e+02    3.08231e-05

Writing checkpoint, step 110800 at Fri Oct 30 15:42:06 2020


           Step           Time
         115000      230.00000

   Energies (kJ/mol)
            U-B    Proper Dih.  Improper Dih.      CMAP Dih.          LJ-14
    4.32056e+03    2.78436e+03    2.61829e+02   -8.40083e+02    1.86207e+03
     Coulomb-14        LJ (SR)  Disper. corr.   Coulomb (SR)   Coul. recip.
    1.42037e+04    6.23434e+04   -3.11882e+03   -5.31874e+05    1.61089e+03
      Potential    Kinetic En.   Total Energy  Conserved En.    Temperature
   -4.48446e+05    8.42045e+04   -3.64241e+05   -3.63756e+05    2.99041e+02
 Pres. DC (bar) Pressure (bar)   Constr. rmsd
   -1.52071e+02    2.45934e+01    2.95254e-05

           Step           Time
         120000      240.00000

   Energies (kJ/mol)
            U-B    Proper Dih.  Improper Dih.      CMAP Dih.          LJ-14
    4.59262e+03    2.84640e+03    2.65027e+02   -8.85211e+02    1.84507e+03
     Coulomb-14        LJ (SR)  Disper. corr.   Coulomb (SR)   Coul. recip.
    1.39312e+04    6.23453e+04   -3.12891e+03   -5.32575e+05    1.55331e+03
      Potential    Kinetic En.   Total Energy  Conserved En.    Temperature
   -4.49210e+05    8.44012e+04   -3.64808e+05   -3.63611e+05    2.99740e+02
 Pres. DC (bar) Pressure (bar)   Constr. rmsd
   -1.53056e+02   -1.27843e+02    3.13115e-05

           Step           Time
         125000      250.00000

   Energies (kJ/mol)
            U-B    Proper Dih.  Improper Dih.      CMAP Dih.          LJ-14
    4.47038e+03    2.89291e+03    3.00389e+02   -8.23562e+02    1.82147e+03
     Coulomb-14        LJ (SR)  Disper. corr.   Coulomb (SR)   Coul. recip.
    1.40666e+04    6.28427e+04   -3.12348e+03   -5.32101e+05    1.63771e+03
      Potential    Kinetic En.   Total Energy  Conserved En.    Temperature
   -4.48016e+05    8.45134e+04   -3.63503e+05   -3.63421e+05    3.00138e+02
 Pres. DC (bar) Pressure (bar)   Constr. rmsd
   -1.52525e+02    7.87528e+01    3.13096e-05

           Step           Time
         130000      260.00000

   Energies (kJ/mol)
            U-B    Proper Dih.  Improper Dih.      CMAP Dih.          LJ-14
    4.33970e+03    2.77284e+03    2.67152e+02   -8.48978e+02    1.80507e+03
     Coulomb-14        LJ (SR)  Disper. corr.   Coulomb (SR)   Coul. recip.
    1.42036e+04    6.32236e+04   -3.12354e+03   -5.32711e+05    1.60880e+03
      Potential    Kinetic En.   Total Energy  Conserved En.    Temperature
   -4.48463e+05    8.47385e+04   -3.63725e+05   -3.63484e+05    3.00937e+02
 Pres. DC (bar) Pressure (bar)   Constr. rmsd
   -1.52531e+02    1.17425e+02    3.20037e-05

           Step           Time
         135000      270.00000

   Energies (kJ/mol)
            U-B    Proper Dih.  Improper Dih.      CMAP Dih.          LJ-14
    4.51682e+03    2.78520e+03    2.61645e+02   -8.54833e+02    1.83416e+03
     Coulomb-14        LJ (SR)  Disper. corr.   Coulomb (SR)   Coul. recip.
    1.41212e+04    6.28029e+04   -3.11307e+03   -5.32473e+05    1.57086e+03
      Potential    Kinetic En.   Total Energy  Conserved En.    Temperature
   -4.48548e+05    8.40955e+04   -3.64453e+05   -3.63517e+05    2.98654e+02
 Pres. DC (bar) Pressure (bar)   Constr. rmsd
   -1.51511e+02   -6.10092e+01    3.15827e-05

           Step           Time
         140000      280.00000

   Energies (kJ/mol)
            U-B    Proper Dih.  Improper Dih.      CMAP Dih.          LJ-14
    4.56263e+03    2.88230e+03    2.96240e+02   -8.54262e+02    1.83975e+03
     Coulomb-14        LJ (SR)  Disper. corr.   Coulomb (SR)   Coul. recip.
    1.42322e+04    6.24026e+04   -3.11896e+03   -5.30054e+05    1.60123e+03
      Potential    Kinetic En.   Total Energy  Conserved En.    Temperature
   -4.46210e+05    8.47349e+04   -3.61475e+05   -3.63438e+05    3.00925e+02
 Pres. DC (bar) Pressure (bar)   Constr. rmsd
   -1.52084e+02    9.30412e+01    3.16578e-05

           Step           Time
         145000      290.00000

   Energies (kJ/mol)
            U-B    Proper Dih.  Improper Dih.      CMAP Dih.          LJ-14
    4.42169e+03    2.81687e+03    3.02477e+02   -9.03201e+02    1.84147e+03
     Coulomb-14        LJ (SR)  Disper. corr.   Coulomb (SR)   Coul. recip.
    1.42318e+04    6.26239e+04   -3.11493e+03   -5.31830e+05    1.63104e+03
      Potential    Kinetic En.   Total Energy  Conserved En.    Temperature
   -4.47979e+05    8.45263e+04   -3.63453e+05   -3.63430e+05    3.00184e+02
 Pres. DC (bar) Pressure (bar)   Constr. rmsd
   -1.51692e+02   -2.89628e+01    3.26141e-05

Writing checkpoint, step 145920 at Fri Oct 30 15:57:08 2020


           Step           Time
         150000      300.00000

   Energies (kJ/mol)
            U-B    Proper Dih.  Improper Dih.      CMAP Dih.          LJ-14
    4.36694e+03    2.84692e+03    3.06496e+02   -8.35529e+02    1.82554e+03
     Coulomb-14        LJ (SR)  Disper. corr.   Coulomb (SR)   Coul. recip.
    1.40590e+04    6.16400e+04   -3.12488e+03   -5.30053e+05    1.57046e+03
      Potential    Kinetic En.   Total Energy  Conserved En.    Temperature
   -4.47398e+05    8.44298e+04   -3.62968e+05   -3.63738e+05    2.99841e+02
 Pres. DC (bar) Pressure (bar)   Constr. rmsd
   -1.52662e+02   -3.62614e+01    3.02627e-05

           Step           Time
         155000      310.00000

   Energies (kJ/mol)
            U-B    Proper Dih.  Improper Dih.      CMAP Dih.          LJ-14
    4.26545e+03    2.82032e+03    2.87112e+02   -8.94196e+02    1.80427e+03
     Coulomb-14        LJ (SR)  Disper. corr.   Coulomb (SR)   Coul. recip.
    1.41630e+04    6.38867e+04   -3.14448e+03   -5.33334e+05    1.57238e+03
      Potential    Kinetic En.   Total Energy  Conserved En.    Temperature
   -4.48574e+05    8.49605e+04   -3.63613e+05   -3.63580e+05    3.01726e+02
 Pres. DC (bar) Pressure (bar)   Constr. rmsd
   -1.54581e+02    3.37576e+02    3.17453e-05

           Step           Time
         160000      320.00000

   Energies (kJ/mol)
            U-B    Proper Dih.  Improper Dih.      CMAP Dih.          LJ-14
    4.19549e+03    2.81844e+03    2.72948e+02   -9.13516e+02    1.85745e+03
     Coulomb-14        LJ (SR)  Disper. corr.   Coulomb (SR)   Coul. recip.
    1.42432e+04    6.36195e+04   -3.11857e+03   -5.33323e+05    1.57836e+03
      Potential    Kinetic En.   Total Energy  Conserved En.    Temperature
   -4.48770e+05    8.42989e+04   -3.64471e+05   -3.63533e+05    2.99376e+02
 Pres. DC (bar) Pressure (bar)   Constr. rmsd
   -1.52046e+02    1.33185e+02    3.05199e-05

           Step           Time
         165000      330.00000

   Energies (kJ/mol)
            U-B    Proper Dih.  Improper Dih.      CMAP Dih.          LJ-14
    4.41304e+03    2.89387e+03    2.82515e+02   -8.95847e+02    1.85283e+03
     Coulomb-14        LJ (SR)  Disper. corr.   Coulomb (SR)   Coul. recip.
    1.41535e+04    6.25928e+04   -3.11728e+03   -5.31225e+05    1.58388e+03
      Potential    Kinetic En.   Total Energy  Conserved En.    Temperature
   -4.47465e+05    8.43632e+04   -3.63102e+05   -3.63095e+05    2.99605e+02
 Pres. DC (bar) Pressure (bar)   Constr. rmsd
   -1.51921e+02   -7.29004e+00    3.18334e-05

           Step           Time
         170000      340.00000

   Energies (kJ/mol)
            U-B    Proper Dih.  Improper Dih.      CMAP Dih.          LJ-14
    4.38048e+03    2.81971e+03    3.01443e+02   -9.03572e+02    1.89243e+03
     Coulomb-14        LJ (SR)  Disper. corr.   Coulomb (SR)   Coul. recip.
    1.40783e+04    6.35608e+04   -3.12414e+03   -5.33393e+05    1.62647e+03
      Potential    Kinetic En.   Total Energy  Conserved En.    Temperature
   -4.48761e+05    8.40732e+04   -3.64688e+05   -3.63574e+05    2.98575e+02
 Pres. DC (bar) Pressure (bar)   Constr. rmsd
   -1.52590e+02    1.55004e+02    3.02369e-05

           Step           Time
         175000      350.00000

   Energies (kJ/mol)
            U-B    Proper Dih.  Improper Dih.      CMAP Dih.          LJ-14
    4.54023e+03    2.90726e+03    3.01249e+02   -8.60310e+02    1.83024e+03
     Coulomb-14        LJ (SR)  Disper. corr.   Coulomb (SR)   Coul. recip.
    1.39398e+04    6.32442e+04   -3.12262e+03   -5.32823e+05    1.55908e+03
      Potential    Kinetic En.   Total Energy  Conserved En.    Temperature
   -4.48484e+05    8.46716e+04   -3.63812e+05   -3.63487e+05    3.00700e+02
 Pres. DC (bar) Pressure (bar)   Constr. rmsd
   -1.52442e+02    2.18070e+01    3.23948e-05

Writing checkpoint, step 179120 at Fri Oct 30 16:12:06 2020


           Step           Time
         180000      360.00000

   Energies (kJ/mol)
            U-B    Proper Dih.  Improper Dih.      CMAP Dih.          LJ-14
    4.03686e+03    2.81901e+03    2.55989e+02   -8.58974e+02    1.84769e+03
     Coulomb-14        LJ (SR)  Disper. corr.   Coulomb (SR)   Coul. recip.
    1.42375e+04    6.16723e+04   -3.11522e+03   -5.31200e+05    1.59031e+03
      Potential    Kinetic En.   Total Energy  Conserved En.    Temperature
   -4.48714e+05    8.42578e+04   -3.64457e+05   -3.63171e+05    2.99230e+02
 Pres. DC (bar) Pressure (bar)   Constr. rmsd
   -1.51721e+02   -2.45093e+02    3.13925e-05

           Step           Time
         185000      370.00000

   Energies (kJ/mol)
            U-B    Proper Dih.  Improper Dih.      CMAP Dih.          LJ-14
    4.22607e+03    2.81390e+03    2.77997e+02   -8.63124e+02    1.77846e+03
     Coulomb-14        LJ (SR)  Disper. corr.   Coulomb (SR)   Coul. recip.
    1.43251e+04    6.19008e+04   -3.13106e+03   -5.30959e+05    1.64584e+03
      Potential    Kinetic En.   Total Energy  Conserved En.    Temperature
   -4.47985e+05    8.43335e+04   -3.63651e+05   -3.62778e+05    2.99499e+02
 Pres. DC (bar) Pressure (bar)   Constr. rmsd
   -1.53266e+02   -6.46465e+01    3.02481e-05

           Step           Time
         190000      380.00000

   Energies (kJ/mol)
            U-B    Proper Dih.  Improper Dih.      CMAP Dih.          LJ-14
    4.75999e+03    2.77619e+03    2.88164e+02   -8.21834e+02    1.86149e+03
     Coulomb-14        LJ (SR)  Disper. corr.   Coulomb (SR)   Coul. recip.
    1.39026e+04    6.29798e+04   -3.13258e+03   -5.32211e+05    1.58674e+03
      Potential    Kinetic En.   Total Energy  Conserved En.    Temperature
   -4.48011e+05    8.52565e+04   -3.62754e+05   -3.62493e+05    3.02777e+02
 Pres. DC (bar) Pressure (bar)   Constr. rmsd
   -1.53415e+02    1.76083e+02    3.14081e-05

           Step           Time
         195000      390.00000

   Energies (kJ/mol)
            U-B    Proper Dih.  Improper Dih.      CMAP Dih.          LJ-14
    4.49880e+03    2.88263e+03    3.16433e+02   -8.81786e+02    1.80954e+03
     Coulomb-14        LJ (SR)  Disper. corr.   Coulomb (SR)   Coul. recip.
    1.41064e+04    6.22232e+04   -3.12411e+03   -5.30442e+05    1.53201e+03
      Potential    Kinetic En.   Total Energy  Conserved En.    Temperature
   -4.47079e+05    8.62856e+04   -3.60794e+05   -3.62581e+05    3.06432e+02
 Pres. DC (bar) Pressure (bar)   Constr. rmsd
   -1.52587e+02    6.52629e+01    3.27687e-05

           Step           Time
         200000      400.00000

   Energies (kJ/mol)
            U-B    Proper Dih.  Improper Dih.      CMAP Dih.          LJ-14
    4.36056e+03    2.85607e+03    2.64673e+02   -8.35696e+02    1.79167e+03
     Coulomb-14        LJ (SR)  Disper. corr.   Coulomb (SR)   Coul. recip.
    1.39531e+04    6.22577e+04   -3.12983e+03   -5.31938e+05    1.63651e+03
      Potential    Kinetic En.   Total Energy  Conserved En.    Temperature
   -4.48784e+05    8.42061e+04   -3.64578e+05   -3.62665e+05    2.99047e+02
 Pres. DC (bar) Pressure (bar)   Constr. rmsd
   -1.53146e+02   -3.51428e+00    3.02643e-05

           Step           Time
         205000      410.00000

   Energies (kJ/mol)
            U-B    Proper Dih.  Improper Dih.      CMAP Dih.          LJ-14
    4.27219e+03    2.75294e+03    2.22658e+02   -8.96355e+02    1.76005e+03
     Coulomb-14        LJ (SR)  Disper. corr.   Coulomb (SR)   Coul. recip.
    1.41571e+04    6.17165e+04   -3.11643e+03   -5.32017e+05    1.62874e+03
      Potential    Kinetic En.   Total Energy  Conserved En.    Temperature
   -4.49520e+05    8.34376e+04   -3.66082e+05   -3.62718e+05    2.96318e+02
 Pres. DC (bar) Pressure (bar)   Constr. rmsd
   -1.51838e+02   -1.82281e+02    2.98650e-05

Writing checkpoint, step 206640 at Fri Oct 30 16:27:06 2020


           Step           Time
         210000      420.00000

   Energies (kJ/mol)
            U-B    Proper Dih.  Improper Dih.      CMAP Dih.          LJ-14
    4.47928e+03    2.86247e+03    3.18983e+02   -9.00226e+02    1.81986e+03
     Coulomb-14        LJ (SR)  Disper. corr.   Coulomb (SR)   Coul. recip.
    1.41434e+04    6.33515e+04   -3.11170e+03   -5.32877e+05    1.60182e+03
      Potential    Kinetic En.   Total Energy  Conserved En.    Temperature
   -4.48312e+05    8.41375e+04   -3.64174e+05   -3.62597e+05    2.98803e+02
 Pres. DC (bar) Pressure (bar)   Constr. rmsd
   -1.51378e+02    4.21927e+01    3.14995e-05

           Step           Time
         215000      430.00000

   Energies (kJ/mol)
            U-B    Proper Dih.  Improper Dih.      CMAP Dih.          LJ-14
    4.35799e+03    2.82730e+03    2.73421e+02   -8.96125e+02    1.83373e+03
     Coulomb-14        LJ (SR)  Disper. corr.   Coulomb (SR)   Coul. recip.
    1.42203e+04    6.34082e+04   -3.12808e+03   -5.33136e+05    1.58039e+03
      Potential    Kinetic En.   Total Energy  Conserved En.    Temperature
   -4.48659e+05    8.46307e+04   -3.64028e+05   -3.62611e+05    3.00555e+02
 Pres. DC (bar) Pressure (bar)   Constr. rmsd
   -1.52975e+02    1.78412e+02    3.01113e-05

           Step           Time
         220000      440.00000

   Energies (kJ/mol)
            U-B    Proper Dih.  Improper Dih.      CMAP Dih.          LJ-14
    4.43738e+03    2.77707e+03    2.88518e+02   -8.42616e+02    1.81276e+03
     Coulomb-14        LJ (SR)  Disper. corr.   Coulomb (SR)   Coul. recip.
    1.41077e+04    6.32870e+04   -3.13113e+03   -5.33318e+05    1.58457e+03
      Potential    Kinetic En.   Total Energy  Conserved En.    Temperature
   -4.48997e+05    8.50112e+04   -3.63986e+05   -3.62687e+05    3.01906e+02
 Pres. DC (bar) Pressure (bar)   Constr. rmsd
   -1.53273e+02    1.13756e+02    3.26524e-05

           Step           Time
         225000      450.00000

   Energies (kJ/mol)
            U-B    Proper Dih.  Improper Dih.      CMAP Dih.          LJ-14
    4.79489e+03    2.89971e+03    3.43465e+02   -8.45974e+02    1.86887e+03
     Coulomb-14        LJ (SR)  Disper. corr.   Coulomb (SR)   Coul. recip.
    1.42475e+04    6.25832e+04   -3.13329e+03   -5.31120e+05    1.61044e+03
      Potential    Kinetic En.   Total Energy  Conserved En.    Temperature
   -4.46751e+05    8.50311e+04   -3.61720e+05   -3.62441e+05    3.01976e+02
 Pres. DC (bar) Pressure (bar)   Constr. rmsd
   -1.53484e+02    7.85701e+01    3.40728e-05

           Step           Time
         230000      460.00000

   Energies (kJ/mol)
            U-B    Proper Dih.  Improper Dih.      CMAP Dih.          LJ-14
    4.06679e+03    2.85432e+03    3.12564e+02   -8.79970e+02    1.82663e+03
     Coulomb-14        LJ (SR)  Disper. corr.   Coulomb (SR)   Coul. recip.
    1.42685e+04    6.24858e+04   -3.12621e+03   -5.31466e+05    1.60018e+03
      Potential    Kinetic En.   Total Energy  Conserved En.    Temperature
   -4.48058e+05    8.45592e+04   -3.63498e+05   -3.62481e+05    3.00301e+02
 Pres. DC (bar) Pressure (bar)   Constr. rmsd
   -1.52791e+02    1.76013e+02    2.78144e-05

           Step           Time
         235000      470.00000

   Energies (kJ/mol)
            U-B    Proper Dih.  Improper Dih.      CMAP Dih.          LJ-14
    4.30472e+03    2.89044e+03    2.47207e+02   -8.37427e+02    1.80914e+03
     Coulomb-14        LJ (SR)  Disper. corr.   Coulomb (SR)   Coul. recip.
    1.41755e+04    6.30835e+04   -3.12384e+03   -5.33187e+05    1.54720e+03
      Potential    Kinetic En.   Total Energy  Conserved En.    Temperature
   -4.49090e+05    8.43486e+04   -3.64742e+05   -3.62430e+05    2.99553e+02
 Pres. DC (bar) Pressure (bar)   Constr. rmsd
   -1.52561e+02    7.85581e+01    3.04550e-05

Writing checkpoint, step 238720 at Fri Oct 30 16:42:07 2020


           Step           Time
         240000      480.00000

   Energies (kJ/mol)
            U-B    Proper Dih.  Improper Dih.      CMAP Dih.          LJ-14
    4.55738e+03    2.76112e+03    2.71956e+02   -8.76784e+02    1.82111e+03
     Coulomb-14        LJ (SR)  Disper. corr.   Coulomb (SR)   Coul. recip.
    1.40286e+04    6.22137e+04   -3.12344e+03   -5.30827e+05    1.60246e+03
      Potential    Kinetic En.   Total Energy  Conserved En.    Temperature
   -4.47571e+05    8.49003e+04   -3.62671e+05   -3.62236e+05    3.01512e+02
 Pres. DC (bar) Pressure (bar)   Constr. rmsd
   -1.52521e+02    1.12041e+02    3.05305e-05

           Step           Time
         245000      490.00000

   Energies (kJ/mol)
            U-B    Proper Dih.  Improper Dih.      CMAP Dih.          LJ-14
    4.35469e+03    2.72056e+03    2.50153e+02   -8.48234e+02    1.79754e+03
     Coulomb-14        LJ (SR)  Disper. corr.   Coulomb (SR)   Coul. recip.
    1.39888e+04    6.24183e+04   -3.12876e+03   -5.33097e+05    1.60476e+03
      Potential    Kinetic En.   Total Energy  Conserved En.    Temperature
   -4.49939e+05    8.47246e+04   -3.65214e+05   -3.62313e+05    3.00888e+02
 Pres. DC (bar) Pressure (bar)   Constr. rmsd
   -1.53041e+02   -4.30598e+01    3.20874e-05

           Step           Time
         250000      500.00000

   Energies (kJ/mol)
            U-B    Proper Dih.  Improper Dih.      CMAP Dih.          LJ-14
    4.44806e+03    2.82325e+03    3.05249e+02   -9.29402e+02    1.80700e+03
     Coulomb-14        LJ (SR)  Disper. corr.   Coulomb (SR)   Coul. recip.
    1.40405e+04    6.24515e+04   -3.12921e+03   -5.31634e+05    1.69987e+03
      Potential    Kinetic En.   Total Energy  Conserved En.    Temperature
   -4.48117e+05    8.38112e+04   -3.64306e+05   -3.62604e+05    2.97644e+02
 Pres. DC (bar) Pressure (bar)   Constr. rmsd
   -1.53085e+02    2.85802e+01    3.18701e-05

           Step           Time
         255000      510.00000

   Energies (kJ/mol)
            U-B    Proper Dih.  Improper Dih.      CMAP Dih.          LJ-14
    4.42202e+03    2.81482e+03    2.50086e+02   -8.34830e+02    1.82842e+03
     Coulomb-14        LJ (SR)  Disper. corr.   Coulomb (SR)   Coul. recip.
    1.41057e+04    6.17298e+04   -3.11591e+03   -5.31388e+05    1.57352e+03
      Potential    Kinetic En.   Total Energy  Conserved En.    Temperature
   -4.48615e+05    8.41405e+04   -3.64474e+05   -3.62384e+05    2.98814e+02
 Pres. DC (bar) Pressure (bar)   Constr. rmsd
   -1.51787e+02   -2.11065e+02    3.14214e-05

           Step           Time
         260000      520.00000

   Energies (kJ/mol)
            U-B    Proper Dih.  Improper Dih.      CMAP Dih.          LJ-14
    4.25549e+03    2.88320e+03    2.83634e+02   -8.56041e+02    1.79909e+03
     Coulomb-14        LJ (SR)  Disper. corr.   Coulomb (SR)   Coul. recip.
    1.41773e+04    6.33117e+04   -3.12990e+03   -5.32538e+05    1.60949e+03
      Potential    Kinetic En.   Total Energy  Conserved En.    Temperature
   -4.48204e+05    8.48042e+04   -3.63400e+05   -3.62405e+05    3.01171e+02
 Pres. DC (bar) Pressure (bar)   Constr. rmsd
   -1.53152e+02    1.59410e+02    3.27410e-05

           Step           Time
         265000      530.00000

   Energies (kJ/mol)
            U-B    Proper Dih.  Improper Dih.      CMAP Dih.          LJ-14
    4.22908e+03    2.82096e+03    2.99076e+02   -8.51974e+02    1.82036e+03
     Coulomb-14        LJ (SR)  Disper. corr.   Coulomb (SR)   Coul. recip.
    1.39799e+04    6.19102e+04   -3.11578e+03   -5.30275e+05    1.58654e+03
      Potential    Kinetic En.   Total Energy  Conserved En.    Temperature
   -4.47597e+05    8.41940e+04   -3.63403e+05   -3.62373e+05    2.99004e+02
 Pres. DC (bar) Pressure (bar)   Constr. rmsd
   -1.51774e+02    1.16335e+01    3.03499e-05

Writing checkpoint, step 268960 at Fri Oct 30 16:57:07 2020


           Step           Time
         270000      540.00000

   Energies (kJ/mol)
            U-B    Proper Dih.  Improper Dih.      CMAP Dih.          LJ-14
    4.29318e+03    2.82761e+03    3.63993e+02   -8.99323e+02    1.86143e+03
     Coulomb-14        LJ (SR)  Disper. corr.   Coulomb (SR)   Coul. recip.
    1.41331e+04    6.32006e+04   -3.12278e+03   -5.31967e+05    1.67963e+03
      Potential    Kinetic En.   Total Energy  Conserved En.    Temperature
   -4.47630e+05    8.46149e+04   -3.63015e+05   -3.62573e+05    3.00498e+02
 Pres. DC (bar) Pressure (bar)   Constr. rmsd
   -1.52457e+02    1.82182e+02    3.24720e-05

           Step           Time
         275000      550.00000

   Energies (kJ/mol)
            U-B    Proper Dih.  Improper Dih.      CMAP Dih.          LJ-14
    4.39862e+03    2.94192e+03    2.96735e+02   -9.11799e+02    1.75174e+03
     Coulomb-14        LJ (SR)  Disper. corr.   Coulomb (SR)   Coul. recip.
    1.41073e+04    6.09790e+04   -3.12968e+03   -5.29273e+05    1.59972e+03
      Potential    Kinetic En.   Total Energy  Conserved En.    Temperature
   -4.47240e+05    8.48219e+04   -3.62418e+05   -3.62525e+05    3.01234e+02
 Pres. DC (bar) Pressure (bar)   Constr. rmsd
   -1.53131e+02   -1.82112e+02    3.10118e-05

           Step           Time
         280000      560.00000

   Energies (kJ/mol)
            U-B    Proper Dih.  Improper Dih.      CMAP Dih.          LJ-14
    4.35217e+03    2.82511e+03    2.91816e+02   -8.44066e+02    1.85271e+03
     Coulomb-14        LJ (SR)  Disper. corr.   Coulomb (SR)   Coul. recip.
    1.40513e+04    6.20763e+04   -3.12184e+03   -5.31143e+05    1.56765e+03
      Potential    Kinetic En.   Total Energy  Conserved En.    Temperature
   -4.48091e+05    8.43845e+04   -3.63707e+05   -3.62340e+05    2.99680e+02
 Pres. DC (bar) Pressure (bar)   Constr. rmsd
   -1.52365e+02   -7.42938e+01    3.16703e-05

           Step           Time
         285000      570.00000

   Energies (kJ/mol)
            U-B    Proper Dih.  Improper Dih.      CMAP Dih.          LJ-14
    4.29662e+03    2.88672e+03    2.77003e+02   -8.78581e+02    1.84488e+03
     Coulomb-14        LJ (SR)  Disper. corr.   Coulomb (SR)   Coul. recip.
    1.41550e+04    6.13072e+04   -3.10897e+03   -5.30495e+05    1.67070e+03
      Potential    Kinetic En.   Total Energy  Conserved En.    Temperature
   -4.48045e+05    8.40902e+04   -3.63954e+05   -3.62641e+05    2.98635e+02
 Pres. DC (bar) Pressure (bar)   Constr. rmsd
   -1.51113e+02   -2.01735e+02    2.92182e-05

           Step           Time
         290000      580.00000

   Energies (kJ/mol)
            U-B    Proper Dih.  Improper Dih.      CMAP Dih.          LJ-14
    4.47377e+03    2.99788e+03    3.04000e+02   -8.44438e+02    1.89571e+03
     Coulomb-14        LJ (SR)  Disper. corr.   Coulomb (SR)   Coul. recip.
    1.41319e+04    6.29844e+04   -3.12412e+03   -5.32417e+05    1.60172e+03
      Potential    Kinetic En.   Total Energy  Conserved En.    Temperature
   -4.47996e+05    8.48924e+04   -3.63104e+05   -3.62660e+05    3.01484e+02
 Pres. DC (bar) Pressure (bar)   Constr. rmsd
   -1.52588e+02    1.71146e+02    3.01579e-05

           Step           Time
         295000      590.00000

   Energies (kJ/mol)
            U-B    Proper Dih.  Improper Dih.      CMAP Dih.          LJ-14
    4.42312e+03    2.79202e+03    2.62462e+02   -8.69869e+02    1.76016e+03
     Coulomb-14        LJ (SR)  Disper. corr.   Coulomb (SR)   Coul. recip.
    1.41519e+04    6.32508e+04   -3.13111e+03   -5.33584e+05    1.55910e+03
      Potential    Kinetic En.   Total Energy  Conserved En.    Temperature
   -4.49386e+05    8.44496e+04   -3.64936e+05   -3.62520e+05    2.99911e+02
 Pres. DC (bar) Pressure (bar)   Constr. rmsd
   -1.53271e+02    6.09463e+01    2.97525e-05

Writing checkpoint, step 299520 at Fri Oct 30 17:12:08 2020


           Step           Time
         300000      600.00000

   Energies (kJ/mol)
            U-B    Proper Dih.  Improper Dih.      CMAP Dih.          LJ-14
    4.28531e+03    2.91903e+03    2.42781e+02   -8.73844e+02    1.80520e+03
     Coulomb-14        LJ (SR)  Disper. corr.   Coulomb (SR)   Coul. recip.
    1.41143e+04    6.25306e+04   -3.12832e+03   -5.31914e+05    1.57220e+03
      Potential    Kinetic En.   Total Energy  Conserved En.    Temperature
   -4.48447e+05    8.43118e+04   -3.64135e+05   -3.62353e+05    2.99422e+02
 Pres. DC (bar) Pressure (bar)   Constr. rmsd
   -1.52998e+02    5.97601e+01    2.94618e-05

           Step           Time
         305000      610.00000

   Energies (kJ/mol)
            U-B    Proper Dih.  Improper Dih.      CMAP Dih.          LJ-14
    4.38535e+03    2.82701e+03    3.00725e+02   -8.92289e+02    1.79885e+03
     Coulomb-14        LJ (SR)  Disper. corr.   Coulomb (SR)   Coul. recip.
    1.39772e+04    6.27822e+04   -3.12268e+03   -5.32390e+05    1.66605e+03
      Potential    Kinetic En.   Total Energy  Conserved En.    Temperature
   -4.48668e+05    8.41395e+04   -3.64529e+05   -3.62272e+05    2.98810e+02
 Pres. DC (bar) Pressure (bar)   Constr. rmsd
   -1.52447e+02   -4.26760e+01    3.23586e-05

           Step           Time
         310000      620.00000

   Energies (kJ/mol)
            U-B    Proper Dih.  Improper Dih.      CMAP Dih.          LJ-14
    4.37172e+03    2.83742e+03    2.68180e+02   -8.91542e+02    1.84910e+03
     Coulomb-14        LJ (SR)  Disper. corr.   Coulomb (SR)   Coul. recip.
    1.41950e+04    6.25486e+04   -3.11188e+03   -5.30966e+05    1.59783e+03
      Potential    Kinetic En.   Total Energy  Conserved En.    Temperature
   -4.47301e+05    8.47768e+04   -3.62524e+05   -3.62204e+05    3.01073e+02
 Pres. DC (bar) Pressure (bar)   Constr. rmsd
   -1.51395e+02    7.41324e+01    3.06786e-05

           Step           Time
         315000      630.00000

   Energies (kJ/mol)
            U-B    Proper Dih.  Improper Dih.      CMAP Dih.          LJ-14
    4.59324e+03    2.89039e+03    3.61932e+02   -8.73259e+02    1.73814e+03
     Coulomb-14        LJ (SR)  Disper. corr.   Coulomb (SR)   Coul. recip.
    1.38205e+04    6.15956e+04   -3.11800e+03   -5.30840e+05    1.66551e+03
      Potential    Kinetic En.   Total Energy  Conserved En.    Temperature
   -4.48166e+05    8.44584e+04   -3.63707e+05   -3.62357e+05    2.99943e+02
 Pres. DC (bar) Pressure (bar)   Constr. rmsd
   -1.51991e+02   -2.46721e+02    3.32708e-05

           Step           Time
         320000      640.00000

   Energies (kJ/mol)
            U-B    Proper Dih.  Improper Dih.      CMAP Dih.          LJ-14
    4.30258e+03    2.88341e+03    2.90332e+02   -8.96389e+02    1.86536e+03
     Coulomb-14        LJ (SR)  Disper. corr.   Coulomb (SR)   Coul. recip.
    1.41141e+04    6.15537e+04   -3.11602e+03   -5.30505e+05    1.61133e+03
      Potential    Kinetic En.   Total Energy  Conserved En.    Temperature
   -4.47897e+05    8.50718e+04   -3.62825e+05   -3.62331e+05    3.02121e+02
 Pres. DC (bar) Pressure (bar)   Constr. rmsd
   -1.51798e+02   -1.17120e+02    3.12403e-05

           Step           Time
         325000      650.00000

   Energies (kJ/mol)
            U-B    Proper Dih.  Improper Dih.      CMAP Dih.          LJ-14
    4.07849e+03    2.82792e+03    2.65399e+02   -9.37399e+02    1.77902e+03
     Coulomb-14        LJ (SR)  Disper. corr.   Coulomb (SR)   Coul. recip.
    1.40876e+04    6.24297e+04   -3.13137e+03   -5.32601e+05    1.59793e+03
      Potential    Kinetic En.   Total Energy  Conserved En.    Temperature
   -4.49604e+05    8.45877e+04   -3.65016e+05   -3.61914e+05    3.00402e+02
 Pres. DC (bar) Pressure (bar)   Constr. rmsd
   -1.53296e+02    1.54128e+01    2.90208e-05

Writing checkpoint, step 325680 at Fri Oct 30 17:27:07 2020


           Step           Time
         330000      660.00000

   Energies (kJ/mol)
            U-B    Proper Dih.  Improper Dih.      CMAP Dih.          LJ-14
    4.45300e+03    2.81885e+03    2.86695e+02   -8.62055e+02    1.83635e+03
     Coulomb-14        LJ (SR)  Disper. corr.   Coulomb (SR)   Coul. recip.
    1.41228e+04    6.30379e+04   -3.12788e+03   -5.32241e+05    1.64063e+03
      Potential    Kinetic En.   Total Energy  Conserved En.    Temperature
   -4.48034e+05    8.46128e+04   -3.63422e+05   -3.61396e+05    3.00491e+02
 Pres. DC (bar) Pressure (bar)   Constr. rmsd
   -1.52955e+02    2.09439e+02    2.98796e-05

           Step           Time
         335000      670.00000

   Energies (kJ/mol)
            U-B    Proper Dih.  Improper Dih.      CMAP Dih.          LJ-14
    4.49904e+03    2.84000e+03    2.98219e+02   -8.87215e+02    1.81535e+03
     Coulomb-14        LJ (SR)  Disper. corr.   Coulomb (SR)   Coul. recip.
    1.40077e+04    6.16227e+04   -3.11531e+03   -5.29922e+05    1.61653e+03
      Potential    Kinetic En.   Total Energy  Conserved En.    Temperature
   -4.47225e+05    8.47511e+04   -3.62474e+05   -3.61507e+05    3.00982e+02
 Pres. DC (bar) Pressure (bar)   Constr. rmsd
   -1.51729e+02   -1.29482e+02    3.17491e-05

           Step           Time
         340000      680.00000

   Energies (kJ/mol)
            U-B    Proper Dih.  Improper Dih.      CMAP Dih.          LJ-14
    4.50378e+03    2.91202e+03    3.44606e+02   -8.48121e+02    1.78963e+03
     Coulomb-14        LJ (SR)  Disper. corr.   Coulomb (SR)   Coul. recip.
    1.39470e+04    6.09358e+04   -3.10942e+03   -5.29547e+05    1.59684e+03
      Potential    Kinetic En.   Total Energy  Conserved En.    Temperature
   -4.47475e+05    8.45646e+04   -3.62910e+05   -3.61446e+05    3.00320e+02
 Pres. DC (bar) Pressure (bar)   Constr. rmsd
   -1.51156e+02   -3.11062e+02    3.12500e-05

           Step           Time
         345000      690.00000

   Energies (kJ/mol)
            U-B    Proper Dih.  Improper Dih.      CMAP Dih.          LJ-14
    4.32645e+03    2.97913e+03    2.76379e+02   -9.34774e+02    1.85646e+03
     Coulomb-14        LJ (SR)  Disper. corr.   Coulomb (SR)   Coul. recip.
    1.39111e+04    6.23548e+04   -3.12726e+03   -5.32497e+05    1.56678e+03
      Potential    Kinetic En.   Total Energy  Conserved En.    Temperature
   -4.49288e+05    8.43905e+04   -3.64898e+05   -3.61009e+05    2.99701e+02
 Pres. DC (bar) Pressure (bar)   Constr. rmsd
   -1.52894e+02   -9.87444e+00    3.07550e-05

           Step           Time
         350000      700.00000

   Energies (kJ/mol)
            U-B    Proper Dih.  Improper Dih.      CMAP Dih.          LJ-14
    4.32023e+03    2.82408e+03    2.75961e+02   -8.43700e+02    1.84610e+03
     Coulomb-14        LJ (SR)  Disper. corr.   Coulomb (SR)   Coul. recip.
    1.40653e+04    6.32558e+04   -3.11642e+03   -5.32042e+05    1.57014e+03
      Potential    Kinetic En.   Total Energy  Conserved En.    Temperature
   -4.47845e+05    8.50242e+04   -3.62821e+05   -3.61159e+05    3.01952e+02
 Pres. DC (bar) Pressure (bar)   Constr. rmsd
   -1.51837e+02    8.81693e+01    3.45949e-05

Writing checkpoint, step 353440 at Fri Oct 30 17:42:06 2020


           Step           Time
         355000      710.00000

   Energies (kJ/mol)
            U-B    Proper Dih.  Improper Dih.      CMAP Dih.          LJ-14
    4.81725e+03    3.04145e+03    3.20926e+02   -9.00398e+02    1.91806e+03
     Coulomb-14        LJ (SR)  Disper. corr.   Coulomb (SR)   Coul. recip.
    1.38935e+04    6.32880e+04   -3.12429e+03   -5.32343e+05    1.63790e+03
      Potential    Kinetic En.   Total Energy  Conserved En.    Temperature
   -4.47450e+05    8.53706e+04   -3.62080e+05   -3.61144e+05    3.03182e+02
 Pres. DC (bar) Pressure (bar)   Constr. rmsd
   -1.52604e+02    2.27236e+02    3.31790e-05

           Step           Time
         360000      720.00000

   Energies (kJ/mol)
            U-B    Proper Dih.  Improper Dih.      CMAP Dih.          LJ-14
    4.52472e+03    2.95173e+03    3.32303e+02   -8.56003e+02    1.80317e+03
     Coulomb-14        LJ (SR)  Disper. corr.   Coulomb (SR)   Coul. recip.
    1.39654e+04    6.15565e+04   -3.11950e+03   -5.30707e+05    1.62454e+03
      Potential    Kinetic En.   Total Energy  Conserved En.    Temperature
   -4.47924e+05    8.48684e+04   -3.63056e+05   -3.60510e+05    3.01399e+02
 Pres. DC (bar) Pressure (bar)   Constr. rmsd
   -1.52137e+02   -1.13099e+02    3.23593e-05

           Step           Time
         365000      730.00000

   Energies (kJ/mol)
            U-B    Proper Dih.  Improper Dih.      CMAP Dih.          LJ-14
    4.31878e+03    2.89759e+03    2.55500e+02   -9.55816e+02    1.82922e+03
     Coulomb-14        LJ (SR)  Disper. corr.   Coulomb (SR)   Coul. recip.
    1.40850e+04    6.33468e+04   -3.12612e+03   -5.33620e+05    1.63988e+03
      Potential    Kinetic En.   Total Energy  Conserved En.    Temperature
   -4.49329e+05    8.33718e+04   -3.65958e+05   -3.60362e+05    2.96084e+02
 Pres. DC (bar) Pressure (bar)   Constr. rmsd
   -1.52783e+02    4.75055e+01    3.19987e-05

           Step           Time
         370000      740.00000

   Energies (kJ/mol)
            U-B    Proper Dih.  Improper Dih.      CMAP Dih.          LJ-14
    4.54062e+03    2.88428e+03    3.18644e+02   -8.83403e+02    1.83119e+03
     Coulomb-14        LJ (SR)  Disper. corr.   Coulomb (SR)   Coul. recip.
    1.38397e+04    6.25220e+04   -3.14082e+03   -5.32887e+05    1.66656e+03
      Potential    Kinetic En.   Total Energy  Conserved En.    Temperature
   -4.49308e+05    8.39633e+04   -3.65345e+05   -3.60288e+05    2.98184e+02
 Pres. DC (bar) Pressure (bar)   Constr. rmsd
   -1.54222e+02    4.86660e+01    3.19055e-05

           Step           Time
         375000      750.00000

   Energies (kJ/mol)
            U-B    Proper Dih.  Improper Dih.      CMAP Dih.          LJ-14
    4.62529e+03    2.80812e+03    2.85335e+02   -8.85023e+02    1.78443e+03
     Coulomb-14        LJ (SR)  Disper. corr.   Coulomb (SR)   Coul. recip.
    1.38256e+04    6.38351e+04   -3.14528e+03   -5.35152e+05    1.59841e+03
      Potential    Kinetic En.   Total Energy  Conserved En.    Temperature
   -4.50420e+05    8.37235e+04   -3.66697e+05   -3.60379e+05    2.97333e+02
 Pres. DC (bar) Pressure (bar)   Constr. rmsd
   -1.54660e+02    2.66128e+02    3.03604e-05

Writing checkpoint, step 376800 at Fri Oct 30 17:57:06 2020


           Step           Time
         380000      760.00000

   Energies (kJ/mol)
            U-B    Proper Dih.  Improper Dih.      CMAP Dih.          LJ-14
    4.58166e+03    2.89626e+03    2.95139e+02   -8.89738e+02    1.86893e+03
     Coulomb-14        LJ (SR)  Disper. corr.   Coulomb (SR)   Coul. recip.
    1.40100e+04    6.18667e+04   -3.12438e+03   -5.30965e+05    1.59415e+03
      Potential    Kinetic En.   Total Energy  Conserved En.    Temperature
   -4.47867e+05    8.49059e+04   -3.62961e+05   -3.60132e+05    3.01532e+02
 Pres. DC (bar) Pressure (bar)   Constr. rmsd
   -1.52613e+02   -1.78201e+01    3.04845e-05

           Step           Time
         385000      770.00000

   Energies (kJ/mol)
            U-B    Proper Dih.  Improper Dih.      CMAP Dih.          LJ-14
    4.47304e+03    2.87657e+03    3.35065e+02   -9.06812e+02    1.90461e+03
     Coulomb-14        LJ (SR)  Disper. corr.   Coulomb (SR)   Coul. recip.
    1.39609e+04    6.09956e+04   -3.10443e+03   -5.29406e+05    1.66953e+03
      Potential    Kinetic En.   Total Energy  Conserved En.    Temperature
   -4.47202e+05    8.47081e+04   -3.62494e+05   -3.60288e+05    3.00829e+02
 Pres. DC (bar) Pressure (bar)   Constr. rmsd
   -1.50672e+02   -2.14162e+02    3.11701e-05

           Step           Time
         390000      780.00000

   Energies (kJ/mol)
            U-B    Proper Dih.  Improper Dih.      CMAP Dih.          LJ-14
    4.32150e+03    2.85606e+03    3.13710e+02   -9.11576e+02    1.80788e+03
     Coulomb-14        LJ (SR)  Disper. corr.   Coulomb (SR)   Coul. recip.
    1.41052e+04    6.23858e+04   -3.13994e+03   -5.32928e+05    1.59057e+03
      Potential    Kinetic En.   Total Energy  Conserved En.    Temperature
   -4.49599e+05    8.44266e+04   -3.65172e+05   -3.60037e+05    2.99830e+02
 Pres. DC (bar) Pressure (bar)   Constr. rmsd
   -1.54136e+02    6.35884e+00    3.14459e-05

Writing checkpoint, step 391040 at Fri Oct 30 18:12:12 2020


           Step           Time
         395000      790.00000

   Energies (kJ/mol)
            U-B    Proper Dih.  Improper Dih.      CMAP Dih.          LJ-14
    4.60614e+03    2.78461e+03    3.33160e+02   -8.82549e+02    1.84682e+03
     Coulomb-14        LJ (SR)  Disper. corr.   Coulomb (SR)   Coul. recip.
    1.39688e+04    6.16150e+04   -3.10036e+03   -5.30864e+05    1.60150e+03
      Potential    Kinetic En.   Total Energy  Conserved En.    Temperature
   -4.48091e+05    8.43162e+04   -3.63775e+05   -3.60043e+05    2.99438e+02
 Pres. DC (bar) Pressure (bar)   Constr. rmsd
   -1.50277e+02   -2.17567e+02    3.16647e-05

           Step           Time
         400000      800.00000

   Energies (kJ/mol)
            U-B    Proper Dih.  Improper Dih.      CMAP Dih.          LJ-14
    4.37520e+03    2.83228e+03    3.14869e+02   -8.98194e+02    1.85054e+03
     Coulomb-14        LJ (SR)  Disper. corr.   Coulomb (SR)   Coul. recip.
    1.41128e+04    6.25136e+04   -3.11881e+03   -5.31400e+05    1.53599e+03
      Potential    Kinetic En.   Total Energy  Conserved En.    Temperature
   -4.47881e+05    8.50798e+04   -3.62802e+05   -3.59789e+05    3.02149e+02
 Pres. DC (bar) Pressure (bar)   Constr. rmsd
   -1.52070e+02    3.65851e+01    3.16057e-05

Writing checkpoint, step 402880 at Fri Oct 30 18:27:11 2020


           Step           Time
         405000      810.00000

   Energies (kJ/mol)
            U-B    Proper Dih.  Improper Dih.      CMAP Dih.          LJ-14
    4.27536e+03    2.84225e+03    2.83870e+02   -9.16462e+02    1.80936e+03
     Coulomb-14        LJ (SR)  Disper. corr.   Coulomb (SR)   Coul. recip.
    1.39657e+04    6.24458e+04   -3.12773e+03   -5.30630e+05    1.60349e+03
      Potential    Kinetic En.   Total Energy  Conserved En.    Temperature
   -4.47449e+05    8.42469e+04   -3.63202e+05   -3.59757e+05    2.99192e+02
 Pres. DC (bar) Pressure (bar)   Constr. rmsd
   -1.52940e+02    1.10637e+02    2.99446e-05

           Step           Time
         410000      820.00000

   Energies (kJ/mol)
            U-B    Proper Dih.  Improper Dih.      CMAP Dih.          LJ-14
    4.38872e+03    2.77106e+03    3.00408e+02   -8.81978e+02    1.79712e+03
     Coulomb-14        LJ (SR)  Disper. corr.   Coulomb (SR)   Coul. recip.
    1.41746e+04    6.30215e+04   -3.13270e+03   -5.31836e+05    1.64038e+03
      Potential    Kinetic En.   Total Energy  Conserved En.    Temperature
   -4.47757e+05    8.38315e+04   -3.63926e+05   -3.59676e+05    2.97716e+02
 Pres. DC (bar) Pressure (bar)   Constr. rmsd
   -1.53427e+02    1.33043e+02    2.95643e-05

           Step           Time
         415000      830.00000

   Energies (kJ/mol)
            U-B    Proper Dih.  Improper Dih.      CMAP Dih.          LJ-14
    4.37888e+03    2.87497e+03    2.91565e+02   -9.24682e+02    1.83127e+03
     Coulomb-14        LJ (SR)  Disper. corr.   Coulomb (SR)   Coul. recip.
    1.39831e+04    6.31058e+04   -3.13173e+03   -5.32878e+05    1.55600e+03
      Potential    Kinetic En.   Total Energy  Conserved En.    Temperature
   -4.48913e+05    8.42488e+04   -3.64664e+05   -3.59722e+05    2.99198e+02
 Pres. DC (bar) Pressure (bar)   Constr. rmsd
   -1.53332e+02    7.44931e+01    3.14208e-05

Writing checkpoint, step 415120 at Fri Oct 30 18:42:08 2020


           Step           Time
         420000      840.00000

   Energies (kJ/mol)
            U-B    Proper Dih.  Improper Dih.      CMAP Dih.          LJ-14
    4.29156e+03    2.82651e+03    2.90235e+02   -9.09198e+02    1.76771e+03
     Coulomb-14        LJ (SR)  Disper. corr.   Coulomb (SR)   Coul. recip.
    1.38660e+04    6.14281e+04   -3.11156e+03   -5.30092e+05    1.58727e+03
      Potential    Kinetic En.   Total Energy  Conserved En.    Temperature
   -4.48055e+05    8.42031e+04   -3.63852e+05   -3.59721e+05    2.99036e+02
 Pres. DC (bar) Pressure (bar)   Constr. rmsd
   -1.51364e+02   -2.07597e+02    3.09014e-05

           Step           Time
         425000      850.00000

   Energies (kJ/mol)
            U-B    Proper Dih.  Improper Dih.      CMAP Dih.          LJ-14
    4.25913e+03    2.92344e+03    3.03591e+02   -8.72366e+02    1.83079e+03
     Coulomb-14        LJ (SR)  Disper. corr.   Coulomb (SR)   Coul. recip.
    1.41126e+04    6.25097e+04   -3.11974e+03   -5.31184e+05    1.61126e+03
      Potential    Kinetic En.   Total Energy  Conserved En.    Temperature
   -4.47625e+05    8.39994e+04   -3.63626e+05   -3.59456e+05    2.98313e+02
 Pres. DC (bar) Pressure (bar)   Constr. rmsd
   -1.52160e+02    7.70154e+01    2.96999e-05

           Step           Time
         430000      860.00000

   Energies (kJ/mol)
            U-B    Proper Dih.  Improper Dih.      CMAP Dih.          LJ-14
    4.34465e+03    2.87571e+03    2.92767e+02   -8.73792e+02    1.78755e+03
     Coulomb-14        LJ (SR)  Disper. corr.   Coulomb (SR)   Coul. recip.
    1.38453e+04    6.17668e+04   -3.11740e+03   -5.30423e+05    1.59858e+03
      Potential    Kinetic En.   Total Energy  Conserved En.    Temperature
   -4.47903e+05    8.39122e+04   -3.63991e+05   -3.59634e+05    2.98003e+02
 Pres. DC (bar) Pressure (bar)   Constr. rmsd
   -1.51933e+02   -1.49999e+02    3.16090e-05

Writing checkpoint, step 431280 at Fri Oct 30 18:57:10 2020


           Step           Time
         435000      870.00000

   Energies (kJ/mol)
            U-B    Proper Dih.  Improper Dih.      CMAP Dih.          LJ-14
    4.36996e+03    2.87550e+03    2.88759e+02   -8.23856e+02    1.85156e+03
     Coulomb-14        LJ (SR)  Disper. corr.   Coulomb (SR)   Coul. recip.
    1.40804e+04    6.38454e+04   -3.13383e+03   -5.33248e+05    1.58697e+03
      Potential    Kinetic En.   Total Energy  Conserved En.    Temperature
   -4.48308e+05    8.41951e+04   -3.64112e+05   -3.59444e+05    2.99008e+02
 Pres. DC (bar) Pressure (bar)   Constr. rmsd
   -1.53537e+02    3.83931e+02    2.95627e-05

           Step           Time
         440000      880.00000

   Energies (kJ/mol)
            U-B    Proper Dih.  Improper Dih.      CMAP Dih.          LJ-14
    4.31978e+03    2.78221e+03    2.76546e+02   -8.98850e+02    1.82993e+03
     Coulomb-14        LJ (SR)  Disper. corr.   Coulomb (SR)   Coul. recip.
    1.42307e+04    6.27146e+04   -3.12930e+03   -5.31668e+05    1.60136e+03
      Potential    Kinetic En.   Total Energy  Conserved En.    Temperature
   -4.47941e+05    8.51163e+04   -3.62825e+05   -3.59371e+05    3.02279e+02
 Pres. DC (bar) Pressure (bar)   Constr. rmsd
   -1.53093e+02    1.32701e+02    3.08297e-05

           Step           Time
         445000      890.00000

   Energies (kJ/mol)
            U-B    Proper Dih.  Improper Dih.      CMAP Dih.          LJ-14
    4.07669e+03    2.80399e+03    2.76045e+02   -8.53531e+02    1.81482e+03
     Coulomb-14        LJ (SR)  Disper. corr.   Coulomb (SR)   Coul. recip.
    1.40781e+04    6.31212e+04   -3.12818e+03   -5.33112e+05    1.54167e+03
      Potential    Kinetic En.   Total Energy  Conserved En.    Temperature
   -4.49381e+05    8.41554e+04   -3.65226e+05   -3.59176e+05    2.98866e+02
 Pres. DC (bar) Pressure (bar)   Constr. rmsd
   -1.52985e+02    1.77779e+02    3.01423e-05

           Step           Time
         450000      900.00000

   Energies (kJ/mol)
            U-B    Proper Dih.  Improper Dih.      CMAP Dih.          LJ-14
    4.48494e+03    2.72090e+03    3.18212e+02   -8.18697e+02    1.76769e+03
     Coulomb-14        LJ (SR)  Disper. corr.   Coulomb (SR)   Coul. recip.
    1.39887e+04    6.16578e+04   -3.10380e+03   -5.29532e+05    1.64299e+03
      Potential    Kinetic En.   Total Energy  Conserved En.    Temperature
   -4.46873e+05    8.44263e+04   -3.62447e+05   -3.58971e+05    2.99829e+02
 Pres. DC (bar) Pressure (bar)   Constr. rmsd
   -1.50611e+02   -1.39496e+02    3.33426e-05

Writing checkpoint, step 450160 at Fri Oct 30 19:12:07 2020


           Step           Time
         455000      910.00000

   Energies (kJ/mol)
            U-B    Proper Dih.  Improper Dih.      CMAP Dih.          LJ-14
    4.42371e+03    2.88739e+03    2.67016e+02   -8.80365e+02    1.82042e+03
     Coulomb-14        LJ (SR)  Disper. corr.   Coulomb (SR)   Coul. recip.
    1.40311e+04    6.34927e+04   -3.10822e+03   -5.32207e+05    1.64751e+03
      Potential    Kinetic En.   Total Energy  Conserved En.    Temperature
   -4.47626e+05    8.45604e+04   -3.63066e+05   -3.59084e+05    3.00305e+02
 Pres. DC (bar) Pressure (bar)   Constr. rmsd
   -1.51040e+02    1.03221e+02    3.30283e-05

           Step           Time
         460000      920.00000

   Energies (kJ/mol)
            U-B    Proper Dih.  Improper Dih.      CMAP Dih.          LJ-14
    4.43572e+03    2.85622e+03    2.79686e+02   -8.76111e+02    1.82324e+03
     Coulomb-14        LJ (SR)  Disper. corr.   Coulomb (SR)   Coul. recip.
    1.42141e+04    6.30203e+04   -3.11296e+03   -5.32045e+05    1.62079e+03
      Potential    Kinetic En.   Total Energy  Conserved En.    Temperature
   -4.47784e+05    8.42908e+04   -3.63493e+05   -3.59059e+05    2.99347e+02
 Pres. DC (bar) Pressure (bar)   Constr. rmsd
   -1.51500e+02    1.26150e+02    3.01678e-05

           Step           Time
         465000      930.00000

   Energies (kJ/mol)
            U-B    Proper Dih.  Improper Dih.      CMAP Dih.          LJ-14
    4.21900e+03    2.76589e+03    2.68372e+02   -8.68149e+02    1.86566e+03
     Coulomb-14        LJ (SR)  Disper. corr.   Coulomb (SR)   Coul. recip.
    1.41459e+04    6.34723e+04   -3.11027e+03   -5.31582e+05    1.60232e+03
      Potential    Kinetic En.   Total Energy  Conserved En.    Temperature
   -4.47221e+05    8.48257e+04   -3.62395e+05   -3.58859e+05    3.01247e+02
 Pres. DC (bar) Pressure (bar)   Constr. rmsd
   -1.51239e+02    1.49466e+02    2.98288e-05

Writing checkpoint, step 468560 at Fri Oct 30 19:27:07 2020


           Step           Time
         470000      940.00000

   Energies (kJ/mol)
            U-B    Proper Dih.  Improper Dih.      CMAP Dih.          LJ-14
    4.21246e+03    2.80832e+03    3.06883e+02   -8.58016e+02    1.83723e+03
     Coulomb-14        LJ (SR)  Disper. corr.   Coulomb (SR)   Coul. recip.
    1.41090e+04    6.22383e+04   -3.12122e+03   -5.31332e+05    1.68398e+03
      Potential    Kinetic En.   Total Energy  Conserved En.    Temperature
   -4.48115e+05    8.40744e+04   -3.64041e+05   -3.58886e+05    2.98579e+02
 Pres. DC (bar) Pressure (bar)   Constr. rmsd
   -1.52305e+02   -8.53445e+01    3.16261e-05

           Step           Time
         475000      950.00000

   Energies (kJ/mol)
            U-B    Proper Dih.  Improper Dih.      CMAP Dih.          LJ-14
    4.29692e+03    2.96627e+03    2.84694e+02   -8.69632e+02    1.75958e+03
     Coulomb-14        LJ (SR)  Disper. corr.   Coulomb (SR)   Coul. recip.
    1.39983e+04    6.34057e+04   -3.13939e+03   -5.33963e+05    1.63875e+03
      Potential    Kinetic En.   Total Energy  Conserved En.    Temperature
   -4.49622e+05    8.44958e+04   -3.65126e+05   -3.58868e+05    3.00075e+02
 Pres. DC (bar) Pressure (bar)   Constr. rmsd
   -1.54082e+02    5.00474e+01    3.33439e-05

           Step           Time
         480000      960.00000

   Energies (kJ/mol)
            U-B    Proper Dih.  Improper Dih.      CMAP Dih.          LJ-14
    4.10163e+03    2.77625e+03    2.42787e+02   -8.37500e+02    1.82985e+03
     Coulomb-14        LJ (SR)  Disper. corr.   Coulomb (SR)   Coul. recip.
    1.41907e+04    6.26032e+04   -3.12155e+03   -5.33130e+05    1.62893e+03
      Potential    Kinetic En.   Total Energy  Conserved En.    Temperature
   -4.49715e+05    8.44419e+04   -3.65273e+05   -3.58821e+05    2.99884e+02
 Pres. DC (bar) Pressure (bar)   Constr. rmsd
   -1.52337e+02   -1.65621e+02    3.13307e-05

           Step           Time
         485000      970.00000

   Energies (kJ/mol)
            U-B    Proper Dih.  Improper Dih.      CMAP Dih.          LJ-14
    4.37584e+03    2.85163e+03    3.43986e+02   -8.68802e+02    1.84469e+03
     Coulomb-14        LJ (SR)  Disper. corr.   Coulomb (SR)   Coul. recip.
    1.41182e+04    6.20626e+04   -3.11821e+03   -5.31064e+05    1.60246e+03
      Potential    Kinetic En.   Total Energy  Conserved En.    Temperature
   -4.47851e+05    8.47380e+04   -3.63113e+05   -3.58879e+05    3.00936e+02
 Pres. DC (bar) Pressure (bar)   Constr. rmsd
   -1.52011e+02    3.13615e+00    3.08636e-05

Writing checkpoint, step 486400 at Fri Oct 30 19:42:08 2020


           Step           Time
         490000      980.00000

   Energies (kJ/mol)
            U-B    Proper Dih.  Improper Dih.      CMAP Dih.          LJ-14
    4.43356e+03    2.90582e+03    2.74486e+02   -9.13953e+02    1.87947e+03
     Coulomb-14        LJ (SR)  Disper. corr.   Coulomb (SR)   Coul. recip.
    1.38568e+04    6.15681e+04   -3.12421e+03   -5.30645e+05    1.58606e+03
      Potential    Kinetic En.   Total Energy  Conserved En.    Temperature
   -4.48179e+05    8.45742e+04   -3.63605e+05   -3.58939e+05    3.00354e+02
 Pres. DC (bar) Pressure (bar)   Constr. rmsd
   -1.52597e+02   -5.72781e+01    3.06872e-05

           Step           Time
         495000      990.00000

   Energies (kJ/mol)
            U-B    Proper Dih.  Improper Dih.      CMAP Dih.          LJ-14
    4.49241e+03    2.74250e+03    2.83772e+02   -8.72393e+02    1.82066e+03
     Coulomb-14        LJ (SR)  Disper. corr.   Coulomb (SR)   Coul. recip.
    1.38669e+04    6.31153e+04   -3.10475e+03   -5.32055e+05    1.58742e+03
      Potential    Kinetic En.   Total Energy  Conserved En.    Temperature
   -4.48124e+05    8.49034e+04   -3.63220e+05   -3.58798e+05    3.01523e+02
 Pres. DC (bar) Pressure (bar)   Constr. rmsd
   -1.50704e+02   -2.77380e+00    3.27310e-05

           Step           Time
         500000     1000.00000

Writing checkpoint, step 500000 at Fri Oct 30 19:53:33 2020


   Energies (kJ/mol)
            U-B    Proper Dih.  Improper Dih.      CMAP Dih.          LJ-14
    4.36453e+03    2.82562e+03    2.57698e+02   -8.76878e+02    1.81773e+03
     Coulomb-14        LJ (SR)  Disper. corr.   Coulomb (SR)   Coul. recip.
    1.40295e+04    6.16625e+04   -3.12009e+03   -5.31008e+05    1.63031e+03
      Potential    Kinetic En.   Total Energy  Conserved En.    Temperature
   -4.48417e+05    8.40907e+04   -3.64326e+05   -3.58904e+05    2.98637e+02
 Pres. DC (bar) Pressure (bar)   Constr. rmsd
   -1.52195e+02   -1.99415e+02    3.06239e-05


	<======  ###############  ==>
	<====  A V E R A G E S  ====>
	<==  ###############  ======>

	Statistics over 500001 steps using 5001 frames

   Energies (kJ/mol)
            U-B    Proper Dih.  Improper Dih.      CMAP Dih.          LJ-14
    4.40400e+03    2.86300e+03    2.91376e+02   -8.74852e+02    1.82698e+03
     Coulomb-14        LJ (SR)  Disper. corr.   Coulomb (SR)   Coul. recip.
    1.40641e+04    6.24323e+04   -3.12301e+03   -5.31735e+05    1.60885e+03
      Potential    Kinetic En.   Total Energy  Conserved En.    Temperature
   -4.48243e+05    8.44733e+04   -3.63769e+05   -3.62172e+05    2.99996e+02
 Pres. DC (bar) Pressure (bar)   Constr. rmsd
   -1.52481e+02    3.27993e+00    0.00000e+00

          Box-X          Box-Y          Box-Z
    6.98230e+00    6.98230e+00    6.98230e+00

   Total Virial (kJ/mol)
    2.81627e+04   -1.09792e+01    1.50679e+00
   -1.11264e+01    2.81551e+04   -1.05872e+01
    1.25990e+00   -1.06724e+01    2.80596e+04

   Pressure (bar)
    3.83196e-01   -2.25886e-01   -5.22127e-01
   -2.11502e-01    1.93617e+00   -1.31259e+00
   -4.98097e-01   -1.30432e+00    7.52041e+00

      T-Protein  T-non-Protein
    3.00128e+02    2.99988e+02


	M E G A - F L O P S   A C C O U N T I N G

 NB=Group-cutoff nonbonded kernels    NxN=N-by-N cluster Verlet kernels
 RF=Reaction-Field  VdW=Van der Waals  QSTab=quadratic-spline table
 W3=SPC/TIP3p  W4=TIP4p (single or pairs)
 V&F=Potential and force  V=Potential only  F=Force only

 Computing:                               M-Number         M-Flops  % Flops
-----------------------------------------------------------------------------
 Pair Search distance check           99467.156800      895204.411     0.1
 NxN QSTab Elec. + LJ [F]           7019179.601696   372016518.890    60.6
 NxN QSTab Elec. + LJ [V&F]           70915.220696     5744132.876     0.9
 NxN QSTab Elec. [F]                6099714.266176   207390285.050    33.8
 NxN QSTab Elec. [V&F]                61624.710504     2526613.131     0.4
 1,4 nonbonded interactions            2553.005106      229770.460     0.0
 Calc Weights                         50814.101628     1829307.659     0.3
 Spread Q Bspline                   1084034.168064     2168068.336     0.4
 Gather F Bspline                   1084034.168064     6504205.008     1.1
 3D-FFT                             1395170.790336    11161366.323     1.8
 Solve PME                              968.001936       61952.124     0.0
 Shift-X                                211.758876        1270.553     0.0
 Propers                               2096.004192      479984.960     0.1
 Impropers                              174.500349       36296.073     0.0
 Virial                                1696.083921       30529.511     0.0
 Stop-CM                                169.413876        1694.139     0.0
 Calc-Ekin                             3387.667752       91467.029     0.0
 Lincs                                  992.001984       59520.119     0.0
 Lincs-Mat                            21282.042564       85128.170     0.0
 Constraint-V                         17938.035876      143504.287     0.0
 Constraint-Vir                        1694.633892       40671.213     0.0
 Settle                                5318.010636     1717717.435     0.3
 CMAP                                    63.500127      107950.216     0.0
 Urey-Bradley                          1773.503547      324551.149     0.1
-----------------------------------------------------------------------------
 Total                                               613647709.122   100.0
-----------------------------------------------------------------------------


     R E A L   C Y C L E   A N D   T I M E   A C C O U N T I N G

On 1 MPI rank, each using 8 OpenMP threads

 Computing:          Num   Num      Call    Wall time         Giga-Cycles
                     Ranks Threads  Count      (s)         total sum    %
-----------------------------------------------------------------------------
 Neighbor search        1    8       6251     192.047       2523.851   0.9
 Force                  1    8     500001   15390.535     202260.186  75.1
 PME mesh               1    8     500001    2800.121      36798.781  13.7
 NB X/F buffer ops.     1    8     993751    1106.380      14539.886   5.4
 Write traj.            1    8        223       1.665         21.880   0.0
 Update                 1    8     500001     300.137       3944.354   1.5
 Constraints            1    8     500001     608.955       8002.795   3.0
 Rest                                          87.733       1152.981   0.4
-----------------------------------------------------------------------------
 Total                                      20487.573     269244.713 100.0
-----------------------------------------------------------------------------
 Breakdown of PME mesh computation
-----------------------------------------------------------------------------
 PME spread             1    8     500001    1171.937      15401.424   5.7
 PME gather             1    8     500001     975.331      12817.663   4.8
 PME 3D-FFT             1    8    1000002     545.232       7165.357   2.7
 PME solve Elec         1    8     500001      38.376        504.331   0.2
-----------------------------------------------------------------------------

               Core t (s)   Wall t (s)        (%)
       Time:   163900.559    20487.573      800.0
                         5h41:27
                 (ns/day)    (hour/ns)
Performance:        4.217        5.691
Finished mdrun on rank 0 Fri Oct 30 19:53:33 2020

