              :-) GROMACS - gmx mdrun, 2020.1-Ubuntu-2020.1-1 (-:

                            GROMACS is written by:
     Emile Apol      Rossen Apostolov      Paul Bauer     Herman J.C. Berendsen
    Par Bjelkmar      Christian Blau   Viacheslav Bolnykh     Kevin Boyd    
 Aldert van Buuren   Rudi van Drunen     Anton Feenstra       Alan Gray     
  Gerrit Groenhof     Anca Hamuraru    Vincent Hindriksen  M. Eric Irrgang  
  Aleksei Iupinov   Christoph Junghans     Joe Jordan     Dimitrios Karkoulis
    Peter Kasson        Jiri Kraus      Carsten Kutzner      Per Larsson    
  Justin A. Lemkul    Viveca Lindahl    Magnus Lundborg     Erik Marklund   
    Pascal Merz     Pieter Meulenhoff    Teemu Murtola       Szilard Pall   
    Sander Pronk      Roland Schulz      Michael Shirts    Alexey Shvetsov  
   Alfons Sijbers     Peter Tieleman      Jon Vincent      Teemu Virolainen 
 Christian Wennberg    Maarten Wolf      Artem Zhmurov   
                           and the project leaders:
        Mark Abraham, Berk Hess, Erik Lindahl, and David van der Spoel

Copyright (c) 1991-2000, University of Groningen, The Netherlands.
Copyright (c) 2001-2019, The GROMACS development team at
Uppsala University, Stockholm University and
the Royal Institute of Technology, Sweden.
check out http://www.gromacs.org for more information.

GROMACS is free software; you can redistribute it and/or modify it
under the terms of the GNU Lesser General Public License
as published by the Free Software Foundation; either version 2.1
of the License, or (at your option) any later version.

GROMACS:      gmx mdrun, version 2020.1-Ubuntu-2020.1-1
Executable:   /usr/bin/gmx
Data prefix:  /usr
Working dir:  /mnt/d/Textbook-Sem7/BT5420 Computer Simulations of Biomolecular Systems/Assignments/Assignment 2/Tutorial
Process ID:   187
Command line:
  gmx mdrun -nt 8 -v -deffnm nvt

GROMACS version:    2020.1-Ubuntu-2020.1-1
Precision:          single
Memory model:       64 bit
MPI library:        thread_mpi
OpenMP support:     enabled (GMX_OPENMP_MAX_THREADS = 64)
GPU support:        disabled
SIMD instructions:  SSE2
FFT library:        fftw-3.3.8-sse2-avx
RDTSCP usage:       disabled
TNG support:        enabled
Hwloc support:      hwloc-2.1.0
Tracing support:    disabled
C compiler:         /usr/bin/cc GNU 9.3.0
C compiler flags:   -msse2 -fexcess-precision=fast -funroll-all-loops
C++ compiler:       /usr/bin/c++ GNU 9.3.0
C++ compiler flags: -msse2 -fexcess-precision=fast -funroll-all-loops -fopenmp


Running on 1 node with total 4 cores, 8 logical cores
Hardware detected:
  CPU info:
    Vendor: Intel
    Brand:  Intel(R) Core(TM) i5-8265U CPU @ 1.60GHz
    Family: 6   Model: 142   Stepping: 11
    Features: aes apic avx avx2 clfsh cmov cx8 cx16 f16c fma htt intel lahf mmx msr nonstop_tsc pcid pclmuldq pdcm pdpe1gb popcnt pse rdrnd rdtscp sse2 sse3 sse4.1 sse4.2 ssse3 tdt x2apic
  Hardware topology: Basic
    Sockets, cores, and logical processors:
      Socket  0: [   0   1] [   2   3] [   4   5] [   6   7]

Highest SIMD level requested by all nodes in run: AVX2_256
SIMD instructions selected at compile time:       SSE2
This program was compiled for different hardware than you are running on,
which could influence performance.
The current CPU can measure timings more accurately than the code in
gmx mdrun was configured to use. This might affect your simulation
speed as accurate timings are needed for load-balancing.
Please consider rebuilding gmx mdrun with the GMX_USE_RDTSCP=ON CMake option.

++++ PLEASE READ AND CITE THE FOLLOWING REFERENCE ++++
M. J. Abraham, T. Murtola, R. Schulz, S. Páll, J. C. Smith, B. Hess, E.
Lindahl
GROMACS: High performance molecular simulations through multi-level
parallelism from laptops to supercomputers
SoftwareX 1 (2015) pp. 19-25
-------- -------- --- Thank You --- -------- --------


++++ PLEASE READ AND CITE THE FOLLOWING REFERENCE ++++
S. Páll, M. J. Abraham, C. Kutzner, B. Hess, E. Lindahl
Tackling Exascale Software Challenges in Molecular Dynamics Simulations with
GROMACS
In S. Markidis & E. Laure (Eds.), Solving Software Challenges for Exascale 8759 (2015) pp. 3-27
-------- -------- --- Thank You --- -------- --------


++++ PLEASE READ AND CITE THE FOLLOWING REFERENCE ++++
S. Pronk, S. Páll, R. Schulz, P. Larsson, P. Bjelkmar, R. Apostolov, M. R.
Shirts, J. C. Smith, P. M. Kasson, D. van der Spoel, B. Hess, and E. Lindahl
GROMACS 4.5: a high-throughput and highly parallel open source molecular
simulation toolkit
Bioinformatics 29 (2013) pp. 845-54
-------- -------- --- Thank You --- -------- --------


++++ PLEASE READ AND CITE THE FOLLOWING REFERENCE ++++
B. Hess and C. Kutzner and D. van der Spoel and E. Lindahl
GROMACS 4: Algorithms for highly efficient, load-balanced, and scalable
molecular simulation
J. Chem. Theory Comput. 4 (2008) pp. 435-447
-------- -------- --- Thank You --- -------- --------


++++ PLEASE READ AND CITE THE FOLLOWING REFERENCE ++++
D. van der Spoel, E. Lindahl, B. Hess, G. Groenhof, A. E. Mark and H. J. C.
Berendsen
GROMACS: Fast, Flexible and Free
J. Comp. Chem. 26 (2005) pp. 1701-1719
-------- -------- --- Thank You --- -------- --------


++++ PLEASE READ AND CITE THE FOLLOWING REFERENCE ++++
E. Lindahl and B. Hess and D. van der Spoel
GROMACS 3.0: A package for molecular simulation and trajectory analysis
J. Mol. Mod. 7 (2001) pp. 306-317
-------- -------- --- Thank You --- -------- --------


++++ PLEASE READ AND CITE THE FOLLOWING REFERENCE ++++
H. J. C. Berendsen, D. van der Spoel and R. van Drunen
GROMACS: A message-passing parallel molecular dynamics implementation
Comp. Phys. Comm. 91 (1995) pp. 43-56
-------- -------- --- Thank You --- -------- --------

Input Parameters:
   integrator                     = md
   tinit                          = 0
   dt                             = 0.002
   nsteps                         = 50000
   init-step                      = 0
   simulation-part                = 1
   comm-mode                      = Linear
   nstcomm                        = 100
   bd-fric                        = 0
   ld-seed                        = -659273047
   emtol                          = 10
   emstep                         = 0.01
   niter                          = 20
   fcstep                         = 0
   nstcgsteep                     = 1000
   nbfgscorr                      = 10
   rtpi                           = 0.05
   nstxout                        = 0
   nstvout                        = 0
   nstfout                        = 0
   nstlog                         = 500
   nstcalcenergy                  = 100
   nstenergy                      = 500
   nstxout-compressed             = 0
   compressed-x-precision         = 1000
   cutoff-scheme                  = Verlet
   nstlist                        = 10
   pbc                            = xyz
   periodic-molecules             = false
   verlet-buffer-tolerance        = 0.005
   rlist                          = 1.2
   coulombtype                    = PME
   coulomb-modifier               = Potential-shift
   rcoulomb-switch                = 0
   rcoulomb                       = 1.2
   epsilon-r                      = 1
   epsilon-rf                     = inf
   vdw-type                       = Cut-off
   vdw-modifier                   = Force-switch
   rvdw-switch                    = 1
   rvdw                           = 1.2
   DispCorr                       = EnerPres
   table-extension                = 1
   fourierspacing                 = 0.16
   fourier-nx                     = 44
   fourier-ny                     = 44
   fourier-nz                     = 44
   pme-order                      = 4
   ewald-rtol                     = 1e-05
   ewald-rtol-lj                  = 0.001
   lj-pme-comb-rule               = Geometric
   ewald-geometry                 = 0
   epsilon-surface                = 0
   tcoupl                         = Nose-Hoover
   nsttcouple                     = 10
   nh-chain-length                = 1
   print-nose-hoover-chain-variables = false
   pcoupl                         = No
   pcoupltype                     = Isotropic
   nstpcouple                     = -1
   tau-p                          = 1
   compressibility (3x3):
      compressibility[    0]={ 0.00000e+00,  0.00000e+00,  0.00000e+00}
      compressibility[    1]={ 0.00000e+00,  0.00000e+00,  0.00000e+00}
      compressibility[    2]={ 0.00000e+00,  0.00000e+00,  0.00000e+00}
   ref-p (3x3):
      ref-p[    0]={ 0.00000e+00,  0.00000e+00,  0.00000e+00}
      ref-p[    1]={ 0.00000e+00,  0.00000e+00,  0.00000e+00}
      ref-p[    2]={ 0.00000e+00,  0.00000e+00,  0.00000e+00}
   refcoord-scaling               = No
   posres-com (3):
      posres-com[0]= 0.00000e+00
      posres-com[1]= 0.00000e+00
      posres-com[2]= 0.00000e+00
   posres-comB (3):
      posres-comB[0]= 0.00000e+00
      posres-comB[1]= 0.00000e+00
      posres-comB[2]= 0.00000e+00
   QMMM                           = false
   QMconstraints                  = 0
   QMMMscheme                     = 0
   MMChargeScaleFactor            = 1
qm-opts:
   ngQM                           = 0
   constraint-algorithm           = Lincs
   continuation                   = false
   Shake-SOR                      = false
   shake-tol                      = 0.0001
   lincs-order                    = 4
   lincs-iter                     = 1
   lincs-warnangle                = 30
   nwall                          = 0
   wall-type                      = 9-3
   wall-r-linpot                  = -1
   wall-atomtype[0]               = -1
   wall-atomtype[1]               = -1
   wall-density[0]                = 0
   wall-density[1]                = 0
   wall-ewald-zfac                = 3
   pull                           = false
   awh                            = false
   rotation                       = false
   interactiveMD                  = false
   disre                          = No
   disre-weighting                = Conservative
   disre-mixed                    = false
   dr-fc                          = 1000
   dr-tau                         = 0
   nstdisreout                    = 100
   orire-fc                       = 0
   orire-tau                      = 0
   nstorireout                    = 100
   free-energy                    = no
   cos-acceleration               = 0
   deform (3x3):
      deform[    0]={ 0.00000e+00,  0.00000e+00,  0.00000e+00}
      deform[    1]={ 0.00000e+00,  0.00000e+00,  0.00000e+00}
      deform[    2]={ 0.00000e+00,  0.00000e+00,  0.00000e+00}
   simulated-tempering            = false
   swapcoords                     = no
   userint1                       = 0
   userint2                       = 0
   userint3                       = 0
   userint4                       = 0
   userreal1                      = 0
   userreal2                      = 0
   userreal3                      = 0
   userreal4                      = 0
   applied-forces:
     electric-field:
       x:
         E0                       = 0
         omega                    = 0
         t0                       = 0
         sigma                    = 0
       y:
         E0                       = 0
         omega                    = 0
         t0                       = 0
         sigma                    = 0
       z:
         E0                       = 0
         omega                    = 0
         t0                       = 0
         sigma                    = 0
     density-guided-simulation:
       active                     = false
       group                      = protein
       similarity-measure         = inner-product
       atom-spreading-weight      = unity
       force-constant             = 1e+09
       gaussian-transform-spreading-width = 0.2
       gaussian-transform-spreading-range-in-multiples-of-width = 4
       reference-density-filename = reference.mrc
       nst                        = 1
       normalize-densities        = true
       adaptive-force-scaling     = false
       adaptive-force-scaling-time-constant = 4
grpopts:
   nrdf:     3895.83     63837.2
   ref-t:         300         300
   tau-t:         0.5         0.5
annealing:          No          No
annealing-npoints:           0           0
   acc:	           0           0           0
   nfreeze:           N           N           N
   energygrp-flags[  0]: 0

Changing nstlist from 10 to 80, rlist from 1.2 to 1.319


Using 1 MPI thread

Non-default thread affinity set, disabling internal thread affinity

Using 8 OpenMP threads 

System total charge: 0.000
Will do PME sum in reciprocal space for electrostatic interactions.

++++ PLEASE READ AND CITE THE FOLLOWING REFERENCE ++++
U. Essmann, L. Perera, M. L. Berkowitz, T. Darden, H. Lee and L. G. Pedersen 
A smooth particle mesh Ewald method
J. Chem. Phys. 103 (1995) pp. 8577-8592
-------- -------- --- Thank You --- -------- --------

Using a Gaussian width (1/beta) of 0.384195 nm for Ewald
Potential shift: LJ r^-12: -2.648e-01 r^-6: -5.349e-01, Ewald -8.333e-06
Initialized non-bonded Coulomb Ewald tables, spacing: 1.02e-03 size: 1176

Generated table with 1159 data points for 1-4 COUL.
Tabscale = 500 points/nm
Generated table with 1159 data points for 1-4 LJ6.
Tabscale = 500 points/nm
Generated table with 1159 data points for 1-4 LJ12.
Tabscale = 500 points/nm

Using SIMD 4x4 nonbonded short-range kernels

Using a dual 4x4 pair-list setup updated with dynamic pruning:
  outer list: updated every 80 steps, buffer 0.119 nm, rlist 1.319 nm
  inner list: updated every 13 steps, buffer 0.002 nm, rlist 1.202 nm
At tolerance 0.005 kJ/mol/ps per atom, equivalent classical 1x1 list would be:
  outer list: updated every 80 steps, buffer 0.263 nm, rlist 1.463 nm
  inner list: updated every 13 steps, buffer 0.051 nm, rlist 1.251 nm

Long Range LJ corr.: <C6> 3.0481e-04

Removing pbc first time

Initializing LINear Constraint Solver

++++ PLEASE READ AND CITE THE FOLLOWING REFERENCE ++++
B. Hess and H. Bekker and H. J. C. Berendsen and J. G. E. M. Fraaije
LINCS: A Linear Constraint Solver for molecular simulations
J. Comp. Chem. 18 (1997) pp. 1463-1472
-------- -------- --- Thank You --- -------- --------

The number of constraints is 1984

++++ PLEASE READ AND CITE THE FOLLOWING REFERENCE ++++
S. Miyamoto and P. A. Kollman
SETTLE: An Analytical Version of the SHAKE and RATTLE Algorithms for Rigid
Water Models
J. Comp. Chem. 13 (1992) pp. 952-962
-------- -------- --- Thank You --- -------- --------

There are: 33876 Atoms

Constraining the starting coordinates (step 0)

Constraining the coordinates at t0-dt (step 0)
Center of mass motion removal mode is Linear
We have the following groups for center of mass motion removal:
  0:  rest
RMS relative constraint deviation after constraining: 5.28e-05
Initial temperature: 301.25 K

Started mdrun on rank 0 Thu Oct 29 14:14:44 2020

           Step           Time
              0        0.00000

   Energies (kJ/mol)
            U-B    Proper Dih.  Improper Dih.      CMAP Dih.          LJ-14
    2.35619e+03    2.50880e+03    8.82399e+01   -8.98616e+02    1.59402e+03
     Coulomb-14        LJ (SR)  Disper. corr.   Coulomb (SR)   Coul. recip.
    1.34512e+04    6.69882e+04   -3.08599e+03   -5.71098e+05    3.03828e+03
 Position Rest.      Potential    Kinetic En.   Total Energy  Conserved En.
    1.69665e+00   -4.85056e+05    8.50336e+04   -4.00023e+05   -4.00023e+05
    Temperature Pres. DC (bar) Pressure (bar)   Constr. rmsd
    3.01986e+02   -1.48889e+02   -3.78197e+03    6.66460e-05

           Step           Time
            500        1.00000

   Energies (kJ/mol)
            U-B    Proper Dih.  Improper Dih.      CMAP Dih.          LJ-14
    3.23602e+03    2.72806e+03    2.03636e+02   -9.28471e+02    1.79504e+03
     Coulomb-14        LJ (SR)  Disper. corr.   Coulomb (SR)   Coul. recip.
    1.40239e+04    6.12967e+04   -3.08599e+03   -5.31061e+05    1.57506e+03
 Position Rest.      Potential    Kinetic En.   Total Energy  Conserved En.
    4.86674e+02   -4.49730e+05    7.90771e+04   -3.70653e+05   -3.95498e+05
    Temperature Pres. DC (bar) Pressure (bar)   Constr. rmsd
    2.80832e+02   -1.48889e+02   -5.91933e+02    2.79975e-05

           Step           Time
           1000        2.00000

   Energies (kJ/mol)
            U-B    Proper Dih.  Improper Dih.      CMAP Dih.          LJ-14
    3.66228e+03    2.86499e+03    2.85008e+02   -8.83101e+02    1.83817e+03
     Coulomb-14        LJ (SR)  Disper. corr.   Coulomb (SR)   Coul. recip.
    1.42528e+04    6.11815e+04   -3.08599e+03   -5.29509e+05    1.65755e+03
 Position Rest.      Potential    Kinetic En.   Total Energy  Conserved En.
    5.87445e+02   -4.47148e+05    8.31787e+04   -3.63970e+05   -3.93847e+05
    Temperature Pres. DC (bar) Pressure (bar)   Constr. rmsd
    2.95398e+02   -1.48889e+02   -3.91419e+02    2.78382e-05

           Step           Time
           1500        3.00000

   Energies (kJ/mol)
            U-B    Proper Dih.  Improper Dih.      CMAP Dih.          LJ-14
    4.38885e+03    3.00107e+03    3.79669e+02   -8.71155e+02    1.88008e+03
     Coulomb-14        LJ (SR)  Disper. corr.   Coulomb (SR)   Coul. recip.
    1.38156e+04    6.20988e+04   -3.08599e+03   -5.30074e+05    1.66151e+03
 Position Rest.      Potential    Kinetic En.   Total Energy  Conserved En.
    6.84066e+02   -4.46121e+05    8.45154e+04   -3.61606e+05   -3.93250e+05
    Temperature Pres. DC (bar) Pressure (bar)   Constr. rmsd
    3.00145e+02   -1.48889e+02   -2.91405e+01    3.16755e-05

           Step           Time
           2000        4.00000

   Energies (kJ/mol)
            U-B    Proper Dih.  Improper Dih.      CMAP Dih.          LJ-14
    4.44031e+03    3.02601e+03    3.36632e+02   -8.70642e+02    1.90991e+03
     Coulomb-14        LJ (SR)  Disper. corr.   Coulomb (SR)   Coul. recip.
    1.40680e+04    6.18419e+04   -3.08599e+03   -5.29466e+05    1.58222e+03
 Position Rest.      Potential    Kinetic En.   Total Energy  Conserved En.
    6.53830e+02   -4.45564e+05    8.45938e+04   -3.60970e+05   -3.92822e+05
    Temperature Pres. DC (bar) Pressure (bar)   Constr. rmsd
    3.00424e+02   -1.48889e+02   -1.76559e-01    3.28682e-05

           Step           Time
           2500        5.00000

   Energies (kJ/mol)
            U-B    Proper Dih.  Improper Dih.      CMAP Dih.          LJ-14
    5.00058e+03    3.03896e+03    4.11159e+02   -8.57674e+02    1.85829e+03
     Coulomb-14        LJ (SR)  Disper. corr.   Coulomb (SR)   Coul. recip.
    1.40792e+04    6.14913e+04   -3.08599e+03   -5.30251e+05    1.57208e+03
 Position Rest.      Potential    Kinetic En.   Total Energy  Conserved En.
    5.86205e+02   -4.46157e+05    8.51765e+04   -3.60980e+05   -3.92493e+05
    Temperature Pres. DC (bar) Pressure (bar)   Constr. rmsd
    3.02493e+02   -1.48889e+02   -5.24953e+02    3.66200e-05

           Step           Time
           3000        6.00000

   Energies (kJ/mol)
            U-B    Proper Dih.  Improper Dih.      CMAP Dih.          LJ-14
    4.90506e+03    3.00357e+03    3.47846e+02   -8.60388e+02    1.94913e+03
     Coulomb-14        LJ (SR)  Disper. corr.   Coulomb (SR)   Coul. recip.
    1.39563e+04    6.18802e+04   -3.08599e+03   -5.29492e+05    1.61451e+03
 Position Rest.      Potential    Kinetic En.   Total Energy  Conserved En.
    6.37554e+02   -4.45144e+05    8.59360e+04   -3.59208e+05   -3.92049e+05
    Temperature Pres. DC (bar) Pressure (bar)   Constr. rmsd
    3.05190e+02   -1.48889e+02    5.65321e+01    3.39174e-05

           Step           Time
           3500        7.00000

   Energies (kJ/mol)
            U-B    Proper Dih.  Improper Dih.      CMAP Dih.          LJ-14
    4.74837e+03    2.94722e+03    3.11373e+02   -8.37621e+02    1.85624e+03
     Coulomb-14        LJ (SR)  Disper. corr.   Coulomb (SR)   Coul. recip.
    1.39228e+04    6.17330e+04   -3.08599e+03   -5.27658e+05    1.63887e+03
 Position Rest.      Potential    Kinetic En.   Total Energy  Conserved En.
    5.80680e+02   -4.43843e+05    8.58418e+04   -3.58001e+05   -3.91815e+05
    Temperature Pres. DC (bar) Pressure (bar)   Constr. rmsd
    3.04856e+02   -1.48889e+02   -1.57166e+02    3.58856e-05

           Step           Time
           4000        8.00000

   Energies (kJ/mol)
            U-B    Proper Dih.  Improper Dih.      CMAP Dih.          LJ-14
    4.70486e+03    2.98458e+03    3.55447e+02   -8.36860e+02    1.84326e+03
     Coulomb-14        LJ (SR)  Disper. corr.   Coulomb (SR)   Coul. recip.
    1.41247e+04    6.15525e+04   -3.08599e+03   -5.28739e+05    1.62991e+03
 Position Rest.      Potential    Kinetic En.   Total Energy  Conserved En.
    5.85601e+02   -4.44881e+05    8.41071e+04   -3.60774e+05   -3.91672e+05
    Temperature Pres. DC (bar) Pressure (bar)   Constr. rmsd
    2.98695e+02   -1.48889e+02   -4.47352e+02    3.47304e-05

           Step           Time
           4500        9.00000

   Energies (kJ/mol)
            U-B    Proper Dih.  Improper Dih.      CMAP Dih.          LJ-14
    4.54383e+03    2.95584e+03    3.19426e+02   -8.77432e+02    1.89863e+03
     Coulomb-14        LJ (SR)  Disper. corr.   Coulomb (SR)   Coul. recip.
    1.39575e+04    6.22034e+04   -3.08599e+03   -5.30018e+05    1.65772e+03
 Position Rest.      Potential    Kinetic En.   Total Energy  Conserved En.
    5.27430e+02   -4.45918e+05    8.42647e+04   -3.61653e+05   -3.91520e+05
    Temperature Pres. DC (bar) Pressure (bar)   Constr. rmsd
    2.99255e+02   -1.48889e+02   -1.13323e+02    3.31138e-05

           Step           Time
           5000       10.00000

   Energies (kJ/mol)
            U-B    Proper Dih.  Improper Dih.      CMAP Dih.          LJ-14
    4.43697e+03    2.86774e+03    2.60416e+02   -8.64454e+02    1.88410e+03
     Coulomb-14        LJ (SR)  Disper. corr.   Coulomb (SR)   Coul. recip.
    1.39773e+04    6.13781e+04   -3.08599e+03   -5.29808e+05    1.60878e+03
 Position Rest.      Potential    Kinetic En.   Total Energy  Conserved En.
    4.94415e+02   -4.46850e+05    8.42061e+04   -3.62644e+05   -3.91599e+05
    Temperature Pres. DC (bar) Pressure (bar)   Constr. rmsd
    2.99047e+02   -1.48889e+02   -5.63061e+02    3.28084e-05

           Step           Time
           5500       11.00000

   Energies (kJ/mol)
            U-B    Proper Dih.  Improper Dih.      CMAP Dih.          LJ-14
    4.38978e+03    2.93220e+03    3.12732e+02   -8.86149e+02    1.85383e+03
     Coulomb-14        LJ (SR)  Disper. corr.   Coulomb (SR)   Coul. recip.
    1.38308e+04    6.22914e+04   -3.08599e+03   -5.29946e+05    1.67602e+03
 Position Rest.      Potential    Kinetic En.   Total Energy  Conserved En.
    4.78603e+02   -4.46153e+05    8.45934e+04   -3.61559e+05   -3.91607e+05
    Temperature Pres. DC (bar) Pressure (bar)   Constr. rmsd
    3.00422e+02   -1.48889e+02    6.66738e+01    3.20648e-05

           Step           Time
           6000       12.00000

   Energies (kJ/mol)
            U-B    Proper Dih.  Improper Dih.      CMAP Dih.          LJ-14
    4.16914e+03    2.87336e+03    2.85180e+02   -8.70382e+02    1.84567e+03
     Coulomb-14        LJ (SR)  Disper. corr.   Coulomb (SR)   Coul. recip.
    1.39784e+04    6.13760e+04   -3.08599e+03   -5.30130e+05    1.60371e+03
 Position Rest.      Potential    Kinetic En.   Total Energy  Conserved En.
    5.01857e+02   -4.47453e+05    8.47292e+04   -3.62724e+05   -3.91512e+05
    Temperature Pres. DC (bar) Pressure (bar)   Constr. rmsd
    3.00904e+02   -1.48889e+02   -6.05279e+02    3.01291e-05

           Step           Time
           6500       13.00000

   Energies (kJ/mol)
            U-B    Proper Dih.  Improper Dih.      CMAP Dih.          LJ-14
    4.15715e+03    2.90800e+03    2.83542e+02   -9.21294e+02    1.82577e+03
     Coulomb-14        LJ (SR)  Disper. corr.   Coulomb (SR)   Coul. recip.
    1.39065e+04    6.23442e+04   -3.08599e+03   -5.31678e+05    1.72690e+03
 Position Rest.      Potential    Kinetic En.   Total Energy  Conserved En.
    4.52363e+02   -4.48081e+05    8.28075e+04   -3.65274e+05   -3.91595e+05
    Temperature Pres. DC (bar) Pressure (bar)   Constr. rmsd
    2.94080e+02   -1.48889e+02   -1.28365e+02    3.15090e-05

           Step           Time
           7000       14.00000

   Energies (kJ/mol)
            U-B    Proper Dih.  Improper Dih.      CMAP Dih.          LJ-14
    4.01436e+03    2.78703e+03    2.21473e+02   -8.79141e+02    1.83334e+03
     Coulomb-14        LJ (SR)  Disper. corr.   Coulomb (SR)   Coul. recip.
    1.39632e+04    6.17800e+04   -3.08599e+03   -5.29380e+05    1.61169e+03
 Position Rest.      Potential    Kinetic En.   Total Energy  Conserved En.
    4.89423e+02   -4.46644e+05    8.31025e+04   -3.63542e+05   -3.91650e+05
    Temperature Pres. DC (bar) Pressure (bar)   Constr. rmsd
    2.95128e+02   -1.48889e+02   -3.23363e+02    3.06064e-05

           Step           Time
           7500       15.00000

   Energies (kJ/mol)
            U-B    Proper Dih.  Improper Dih.      CMAP Dih.          LJ-14
    4.01972e+03    2.82324e+03    2.74796e+02   -9.13231e+02    1.82301e+03
     Coulomb-14        LJ (SR)  Disper. corr.   Coulomb (SR)   Coul. recip.
    1.40847e+04    6.22561e+04   -3.08599e+03   -5.29963e+05    1.56892e+03
 Position Rest.      Potential    Kinetic En.   Total Energy  Conserved En.
    5.32668e+02   -4.46579e+05    8.32112e+04   -3.63368e+05   -3.91350e+05
    Temperature Pres. DC (bar) Pressure (bar)   Constr. rmsd
    2.95513e+02   -1.48889e+02   -1.97523e+02    2.91146e-05

           Step           Time
           8000       16.00000

   Energies (kJ/mol)
            U-B    Proper Dih.  Improper Dih.      CMAP Dih.          LJ-14
    4.18744e+03    2.90023e+03    2.89658e+02   -9.44961e+02    1.84500e+03
     Coulomb-14        LJ (SR)  Disper. corr.   Coulomb (SR)   Coul. recip.
    1.40110e+04    6.17955e+04   -3.08599e+03   -5.30272e+05    1.61615e+03
 Position Rest.      Potential    Kinetic En.   Total Energy  Conserved En.
    5.37819e+02   -4.47120e+05    8.40091e+04   -3.63111e+05   -3.91348e+05
    Temperature Pres. DC (bar) Pressure (bar)   Constr. rmsd
    2.98347e+02   -1.48889e+02   -3.42375e+02    3.07857e-05

           Step           Time
           8500       17.00000

   Energies (kJ/mol)
            U-B    Proper Dih.  Improper Dih.      CMAP Dih.          LJ-14
    4.37597e+03    2.85180e+03    2.86520e+02   -8.78430e+02    1.87272e+03
     Coulomb-14        LJ (SR)  Disper. corr.   Coulomb (SR)   Coul. recip.
    1.41969e+04    6.20193e+04   -3.08599e+03   -5.29040e+05    1.63615e+03
 Position Rest.      Potential    Kinetic En.   Total Energy  Conserved En.
    5.24463e+02   -4.45240e+05    8.45084e+04   -3.60732e+05   -3.91206e+05
    Temperature Pres. DC (bar) Pressure (bar)   Constr. rmsd
    3.00120e+02   -1.48889e+02   -2.08098e+02    2.98111e-05

           Step           Time
           9000       18.00000

   Energies (kJ/mol)
            U-B    Proper Dih.  Improper Dih.      CMAP Dih.          LJ-14
    4.52928e+03    2.83265e+03    2.90227e+02   -8.47927e+02    1.85964e+03
     Coulomb-14        LJ (SR)  Disper. corr.   Coulomb (SR)   Coul. recip.
    1.39647e+04    6.26499e+04   -3.08599e+03   -5.31769e+05    1.60885e+03
 Position Rest.      Potential    Kinetic En.   Total Energy  Conserved En.
    5.17082e+02   -4.47450e+05    8.41282e+04   -3.63322e+05   -3.91077e+05
    Temperature Pres. DC (bar) Pressure (bar)   Constr. rmsd
    2.98770e+02   -1.48889e+02   -4.65883e+01    3.18995e-05

           Step           Time
           9500       19.00000

   Energies (kJ/mol)
            U-B    Proper Dih.  Improper Dih.      CMAP Dih.          LJ-14
    4.76079e+03    2.93394e+03    3.34607e+02   -8.44869e+02    1.85584e+03
     Coulomb-14        LJ (SR)  Disper. corr.   Coulomb (SR)   Coul. recip.
    1.41045e+04    6.14794e+04   -3.08599e+03   -5.29373e+05    1.60387e+03
 Position Rest.      Potential    Kinetic En.   Total Energy  Conserved En.
    5.91815e+02   -4.45639e+05    8.41632e+04   -3.61475e+05   -3.90939e+05
    Temperature Pres. DC (bar) Pressure (bar)   Constr. rmsd
    2.98894e+02   -1.48889e+02   -1.18345e+02    3.18651e-05

           Step           Time
          10000       20.00000

   Energies (kJ/mol)
            U-B    Proper Dih.  Improper Dih.      CMAP Dih.          LJ-14
    5.00255e+03    2.99166e+03    3.06845e+02   -8.22651e+02    1.86282e+03
     Coulomb-14        LJ (SR)  Disper. corr.   Coulomb (SR)   Coul. recip.
    1.40275e+04    6.15533e+04   -3.08599e+03   -5.29300e+05    1.62314e+03
 Position Rest.      Potential    Kinetic En.   Total Energy  Conserved En.
    5.46713e+02   -4.45294e+05    8.54858e+04   -3.59809e+05   -3.90467e+05
    Temperature Pres. DC (bar) Pressure (bar)   Constr. rmsd
    3.03591e+02   -1.48889e+02   -8.07639e+01    3.41016e-05

           Step           Time
          10500       21.00000

   Energies (kJ/mol)
            U-B    Proper Dih.  Improper Dih.      CMAP Dih.          LJ-14
    5.03580e+03    2.94219e+03    3.54808e+02   -8.88999e+02    1.84930e+03
     Coulomb-14        LJ (SR)  Disper. corr.   Coulomb (SR)   Coul. recip.
    1.38550e+04    6.12599e+04   -3.08599e+03   -5.29620e+05    1.59856e+03
 Position Rest.      Potential    Kinetic En.   Total Energy  Conserved En.
    5.72297e+02   -4.46127e+05    8.56379e+04   -3.60489e+05   -3.90037e+05
    Temperature Pres. DC (bar) Pressure (bar)   Constr. rmsd
    3.04132e+02   -1.48889e+02   -3.40011e+02    3.62672e-05

           Step           Time
          11000       22.00000

   Energies (kJ/mol)
            U-B    Proper Dih.  Improper Dih.      CMAP Dih.          LJ-14
    4.58445e+03    2.90671e+03    3.08377e+02   -8.72702e+02    1.85795e+03
     Coulomb-14        LJ (SR)  Disper. corr.   Coulomb (SR)   Coul. recip.
    1.40342e+04    6.16735e+04   -3.08599e+03   -5.29096e+05    1.61567e+03
 Position Rest.      Potential    Kinetic En.   Total Energy  Conserved En.
    5.73069e+02   -4.45501e+05    8.43529e+04   -3.61148e+05   -3.89706e+05
    Temperature Pres. DC (bar) Pressure (bar)   Constr. rmsd
    2.99568e+02   -1.48889e+02   -2.45682e+02    3.32231e-05

           Step           Time
          11500       23.00000

   Energies (kJ/mol)
            U-B    Proper Dih.  Improper Dih.      CMAP Dih.          LJ-14
    4.46150e+03    2.86744e+03    3.09120e+02   -8.83840e+02    1.86905e+03
     Coulomb-14        LJ (SR)  Disper. corr.   Coulomb (SR)   Coul. recip.
    1.39641e+04    6.18207e+04   -3.08599e+03   -5.30133e+05    1.59904e+03
 Position Rest.      Potential    Kinetic En.   Total Energy  Conserved En.
    5.22754e+02   -4.46689e+05    8.45631e+04   -3.62126e+05   -3.89359e+05
    Temperature Pres. DC (bar) Pressure (bar)   Constr. rmsd
    3.00314e+02   -1.48889e+02   -2.93548e+02    3.14490e-05

           Step           Time
          12000       24.00000

   Energies (kJ/mol)
            U-B    Proper Dih.  Improper Dih.      CMAP Dih.          LJ-14
    4.29595e+03    2.85015e+03    2.82840e+02   -8.71703e+02    1.88084e+03
     Coulomb-14        LJ (SR)  Disper. corr.   Coulomb (SR)   Coul. recip.
    1.41168e+04    6.01333e+04   -3.08599e+03   -5.28149e+05    1.69118e+03
 Position Rest.      Potential    Kinetic En.   Total Energy  Conserved En.
    5.97173e+02   -4.46258e+05    8.43518e+04   -3.61907e+05   -3.89476e+05
    Temperature Pres. DC (bar) Pressure (bar)   Constr. rmsd
    2.99564e+02   -1.48889e+02   -1.85802e+02    2.92035e-05

           Step           Time
          12500       25.00000

   Energies (kJ/mol)
            U-B    Proper Dih.  Improper Dih.      CMAP Dih.          LJ-14
    4.07338e+03    2.85424e+03    2.77407e+02   -8.79746e+02    1.81613e+03
     Coulomb-14        LJ (SR)  Disper. corr.   Coulomb (SR)   Coul. recip.
    1.39193e+04    6.19561e+04   -3.08599e+03   -5.31900e+05    1.63581e+03
 Position Rest.      Potential    Kinetic En.   Total Energy  Conserved En.
    5.60226e+02   -4.48774e+05    8.35835e+04   -3.65190e+05   -3.89356e+05
    Temperature Pres. DC (bar) Pressure (bar)   Constr. rmsd
    2.96836e+02   -1.48889e+02   -3.85618e+02    3.25763e-05

           Step           Time
          13000       26.00000

   Energies (kJ/mol)
            U-B    Proper Dih.  Improper Dih.      CMAP Dih.          LJ-14
    4.13774e+03    2.87657e+03    2.78231e+02   -8.89265e+02    1.83555e+03
     Coulomb-14        LJ (SR)  Disper. corr.   Coulomb (SR)   Coul. recip.
    1.40299e+04    6.22181e+04   -3.08599e+03   -5.30628e+05    1.64098e+03
 Position Rest.      Potential    Kinetic En.   Total Energy  Conserved En.
    5.12563e+02   -4.47073e+05    8.33412e+04   -3.63732e+05   -3.89352e+05
    Temperature Pres. DC (bar) Pressure (bar)   Constr. rmsd
    2.95975e+02   -1.48889e+02   -2.63458e+02    2.89869e-05

           Step           Time
          13500       27.00000

   Energies (kJ/mol)
            U-B    Proper Dih.  Improper Dih.      CMAP Dih.          LJ-14
    4.05235e+03    2.90696e+03    2.59325e+02   -8.64192e+02    1.84038e+03
     Coulomb-14        LJ (SR)  Disper. corr.   Coulomb (SR)   Coul. recip.
    1.41253e+04    6.21554e+04   -3.08599e+03   -5.30110e+05    1.60699e+03
 Position Rest.      Potential    Kinetic En.   Total Energy  Conserved En.
    5.29369e+02   -4.46584e+05    8.41924e+04   -3.62391e+05   -3.89258e+05
    Temperature Pres. DC (bar) Pressure (bar)   Constr. rmsd
    2.98998e+02   -1.48889e+02   -2.05028e+02    2.98559e-05

           Step           Time
          14000       28.00000

   Energies (kJ/mol)
            U-B    Proper Dih.  Improper Dih.      CMAP Dih.          LJ-14
    4.09905e+03    2.82787e+03    2.72124e+02   -8.68913e+02    1.81439e+03
     Coulomb-14        LJ (SR)  Disper. corr.   Coulomb (SR)   Coul. recip.
    1.39827e+04    6.10446e+04   -3.08599e+03   -5.28967e+05    1.62051e+03
 Position Rest.      Potential    Kinetic En.   Total Energy  Conserved En.
    5.30172e+02   -4.46731e+05    8.43303e+04   -3.62401e+05   -3.89307e+05
    Temperature Pres. DC (bar) Pressure (bar)   Constr. rmsd
    2.99488e+02   -1.48889e+02   -3.22523e+02    3.00551e-05

           Step           Time
          14500       29.00000

   Energies (kJ/mol)
            U-B    Proper Dih.  Improper Dih.      CMAP Dih.          LJ-14
    4.08600e+03    2.87870e+03    2.86432e+02   -8.59443e+02    1.83699e+03
     Coulomb-14        LJ (SR)  Disper. corr.   Coulomb (SR)   Coul. recip.
    1.39799e+04    6.17943e+04   -3.08599e+03   -5.30296e+05    1.65642e+03
 Position Rest.      Potential    Kinetic En.   Total Energy  Conserved En.
    5.65490e+02   -4.47158e+05    8.30400e+04   -3.64118e+05   -3.89363e+05
    Temperature Pres. DC (bar) Pressure (bar)   Constr. rmsd
    2.94905e+02   -1.48889e+02   -1.82066e+02    2.86138e-05

           Step           Time
          15000       30.00000

   Energies (kJ/mol)
            U-B    Proper Dih.  Improper Dih.      CMAP Dih.          LJ-14
    4.35317e+03    2.84385e+03    3.04539e+02   -8.45646e+02    1.84311e+03
     Coulomb-14        LJ (SR)  Disper. corr.   Coulomb (SR)   Coul. recip.
    1.39684e+04    6.09741e+04   -3.08599e+03   -5.29705e+05    1.63315e+03
 Position Rest.      Potential    Kinetic En.   Total Energy  Conserved En.
    5.37681e+02   -4.47179e+05    8.41897e+04   -3.62989e+05   -3.89250e+05
    Temperature Pres. DC (bar) Pressure (bar)   Constr. rmsd
    2.98988e+02   -1.48889e+02   -3.64136e+02    3.17447e-05

           Step           Time
          15500       31.00000

   Energies (kJ/mol)
            U-B    Proper Dih.  Improper Dih.      CMAP Dih.          LJ-14
    4.34549e+03    2.86055e+03    2.67719e+02   -8.66379e+02    1.84432e+03
     Coulomb-14        LJ (SR)  Disper. corr.   Coulomb (SR)   Coul. recip.
    1.41109e+04    6.23195e+04   -3.08599e+03   -5.31348e+05    1.63724e+03
 Position Rest.      Potential    Kinetic En.   Total Energy  Conserved En.
    5.55105e+02   -4.47359e+05    8.40005e+04   -3.63359e+05   -3.88921e+05
    Temperature Pres. DC (bar) Pressure (bar)   Constr. rmsd
    2.98317e+02   -1.48889e+02   -1.85383e+02    3.25615e-05

           Step           Time
          16000       32.00000

   Energies (kJ/mol)
            U-B    Proper Dih.  Improper Dih.      CMAP Dih.          LJ-14
    4.50652e+03    2.90007e+03    3.03991e+02   -8.84236e+02    1.87694e+03
     Coulomb-14        LJ (SR)  Disper. corr.   Coulomb (SR)   Coul. recip.
    1.40805e+04    6.14098e+04   -3.08599e+03   -5.29279e+05    1.62406e+03
 Position Rest.      Potential    Kinetic En.   Total Energy  Conserved En.
    5.99684e+02   -4.45947e+05    8.47206e+04   -3.61227e+05   -3.88974e+05
    Temperature Pres. DC (bar) Pressure (bar)   Constr. rmsd
    3.00874e+02   -1.48889e+02   -3.18189e+02    3.15318e-05

           Step           Time
          16500       33.00000

   Energies (kJ/mol)
            U-B    Proper Dih.  Improper Dih.      CMAP Dih.          LJ-14
    4.51383e+03    2.98523e+03    3.17966e+02   -8.90461e+02    1.93917e+03
     Coulomb-14        LJ (SR)  Disper. corr.   Coulomb (SR)   Coul. recip.
    1.41878e+04    6.18418e+04   -3.08599e+03   -5.28913e+05    1.63149e+03
 Position Rest.      Potential    Kinetic En.   Total Energy  Conserved En.
    5.19992e+02   -4.44953e+05    8.41499e+04   -3.60803e+05   -3.88617e+05
    Temperature Pres. DC (bar) Pressure (bar)   Constr. rmsd
    2.98847e+02   -1.48889e+02    5.09223e+01    3.14551e-05

           Step           Time
          17000       34.00000

   Energies (kJ/mol)
            U-B    Proper Dih.  Improper Dih.      CMAP Dih.          LJ-14
    4.60193e+03    2.99235e+03    3.40973e+02   -8.46651e+02    1.89307e+03
     Coulomb-14        LJ (SR)  Disper. corr.   Coulomb (SR)   Coul. recip.
    1.38550e+04    6.24004e+04   -3.08599e+03   -5.30428e+05    1.66888e+03
 Position Rest.      Potential    Kinetic En.   Total Energy  Conserved En.
    5.42804e+02   -4.46065e+05    8.49508e+04   -3.61115e+05   -3.88358e+05
    Temperature Pres. DC (bar) Pressure (bar)   Constr. rmsd
    3.01692e+02   -1.48889e+02   -1.63344e+02    3.26368e-05

           Step           Time
          17500       35.00000

   Energies (kJ/mol)
            U-B    Proper Dih.  Improper Dih.      CMAP Dih.          LJ-14
    4.79417e+03    2.91430e+03    3.32550e+02   -8.86022e+02    1.86956e+03
     Coulomb-14        LJ (SR)  Disper. corr.   Coulomb (SR)   Coul. recip.
    1.39220e+04    6.22011e+04   -3.08599e+03   -5.31606e+05    1.57483e+03
 Position Rest.      Potential    Kinetic En.   Total Energy  Conserved En.
    5.14492e+02   -4.47455e+05    8.52279e+04   -3.62227e+05   -3.88402e+05
    Temperature Pres. DC (bar) Pressure (bar)   Constr. rmsd
    3.02675e+02   -1.48889e+02   -1.74566e+02    3.58638e-05

           Step           Time
          18000       36.00000

   Energies (kJ/mol)
            U-B    Proper Dih.  Improper Dih.      CMAP Dih.          LJ-14
    4.78368e+03    2.99267e+03    3.43180e+02   -8.66381e+02    1.85191e+03
     Coulomb-14        LJ (SR)  Disper. corr.   Coulomb (SR)   Coul. recip.
    1.36632e+04    6.14615e+04   -3.08599e+03   -5.28821e+05    1.64518e+03
 Position Rest.      Potential    Kinetic En.   Total Energy  Conserved En.
    5.54116e+02   -4.45478e+05    8.45658e+04   -3.60913e+05   -3.88007e+05
    Temperature Pres. DC (bar) Pressure (bar)   Constr. rmsd
    3.00324e+02   -1.48889e+02   -3.43471e+02    3.52871e-05

           Step           Time
          18500       37.00000

   Energies (kJ/mol)
            U-B    Proper Dih.  Improper Dih.      CMAP Dih.          LJ-14
    4.27582e+03    2.96268e+03    3.15057e+02   -8.68643e+02    1.95159e+03
     Coulomb-14        LJ (SR)  Disper. corr.   Coulomb (SR)   Coul. recip.
    1.40403e+04    6.15071e+04   -3.08599e+03   -5.29288e+05    1.59085e+03
 Position Rest.      Potential    Kinetic En.   Total Energy  Conserved En.
    5.67028e+02   -4.46032e+05    8.53935e+04   -3.60638e+05   -3.87836e+05
    Temperature Pres. DC (bar) Pressure (bar)   Constr. rmsd
    3.03264e+02   -1.48889e+02   -1.44814e+02    3.11622e-05

           Step           Time
          19000       38.00000

   Energies (kJ/mol)
            U-B    Proper Dih.  Improper Dih.      CMAP Dih.          LJ-14
    4.41763e+03    2.96445e+03    2.97493e+02   -8.68520e+02    1.89091e+03
     Coulomb-14        LJ (SR)  Disper. corr.   Coulomb (SR)   Coul. recip.
    1.38772e+04    6.23615e+04   -3.08599e+03   -5.30422e+05    1.65845e+03
 Position Rest.      Potential    Kinetic En.   Total Energy  Conserved En.
    5.16071e+02   -4.46392e+05    8.51484e+04   -3.61244e+05   -3.87817e+05
    Temperature Pres. DC (bar) Pressure (bar)   Constr. rmsd
    3.02393e+02   -1.48889e+02   -1.57242e+02    3.08977e-05

           Step           Time
          19500       39.00000

   Energies (kJ/mol)
            U-B    Proper Dih.  Improper Dih.      CMAP Dih.          LJ-14
    4.32036e+03    2.86495e+03    2.71219e+02   -8.92755e+02    1.91740e+03
     Coulomb-14        LJ (SR)  Disper. corr.   Coulomb (SR)   Coul. recip.
    1.41695e+04    6.03517e+04   -3.08599e+03   -5.27630e+05    1.68188e+03
 Position Rest.      Potential    Kinetic En.   Total Energy  Conserved En.
    5.57756e+02   -4.45474e+05    8.43344e+04   -3.61140e+05   -3.87872e+05
    Temperature Pres. DC (bar) Pressure (bar)   Constr. rmsd
    2.99502e+02   -1.48889e+02   -1.80227e+02    2.96745e-05

           Step           Time
          20000       40.00000

   Energies (kJ/mol)
            U-B    Proper Dih.  Improper Dih.      CMAP Dih.          LJ-14
    4.29394e+03    2.85163e+03    2.67776e+02   -8.86689e+02    1.83270e+03
     Coulomb-14        LJ (SR)  Disper. corr.   Coulomb (SR)   Coul. recip.
    1.39313e+04    6.20586e+04   -3.08599e+03   -5.30631e+05    1.65626e+03
 Position Rest.      Potential    Kinetic En.   Total Energy  Conserved En.
    5.53372e+02   -4.47158e+05    8.41213e+04   -3.63037e+05   -3.87871e+05
    Temperature Pres. DC (bar) Pressure (bar)   Constr. rmsd
    2.98746e+02   -1.48889e+02   -1.56424e+02    2.98134e-05

           Step           Time
          20500       41.00000

   Energies (kJ/mol)
            U-B    Proper Dih.  Improper Dih.      CMAP Dih.          LJ-14
    4.29187e+03    2.84404e+03    2.55056e+02   -8.66930e+02    1.83163e+03
     Coulomb-14        LJ (SR)  Disper. corr.   Coulomb (SR)   Coul. recip.
    1.37858e+04    6.18554e+04   -3.08599e+03   -5.29173e+05    1.67689e+03
 Position Rest.      Potential    Kinetic En.   Total Energy  Conserved En.
    4.86330e+02   -4.46099e+05    8.45022e+04   -3.61596e+05   -3.87786e+05
    Temperature Pres. DC (bar) Pressure (bar)   Constr. rmsd
    3.00098e+02   -1.48889e+02   -3.08660e+02    3.30108e-05

           Step           Time
          21000       42.00000

   Energies (kJ/mol)
            U-B    Proper Dih.  Improper Dih.      CMAP Dih.          LJ-14
    4.23335e+03    2.86613e+03    2.82850e+02   -8.83002e+02    1.87418e+03
     Coulomb-14        LJ (SR)  Disper. corr.   Coulomb (SR)   Coul. recip.
    1.39119e+04    6.26764e+04   -3.08599e+03   -5.31097e+05    1.64847e+03
 Position Rest.      Potential    Kinetic En.   Total Energy  Conserved En.
    4.91009e+02   -4.47081e+05    8.52928e+04   -3.61789e+05   -3.87729e+05
    Temperature Pres. DC (bar) Pressure (bar)   Constr. rmsd
    3.02906e+02   -1.48889e+02   -2.15786e+01    3.09574e-05

           Step           Time
          21500       43.00000

   Energies (kJ/mol)
            U-B    Proper Dih.  Improper Dih.      CMAP Dih.          LJ-14
    4.28165e+03    2.93355e+03    3.18869e+02   -8.72133e+02    1.80195e+03
     Coulomb-14        LJ (SR)  Disper. corr.   Coulomb (SR)   Coul. recip.
    1.39938e+04    6.19527e+04   -3.08599e+03   -5.30604e+05    1.56980e+03
 Position Rest.      Potential    Kinetic En.   Total Energy  Conserved En.
    4.88398e+02   -4.47221e+05    8.40824e+04   -3.63139e+05   -3.88079e+05
    Temperature Pres. DC (bar) Pressure (bar)   Constr. rmsd
    2.98608e+02   -1.48889e+02   -4.38808e+02    3.13200e-05

           Step           Time
          22000       44.00000

   Energies (kJ/mol)
            U-B    Proper Dih.  Improper Dih.      CMAP Dih.          LJ-14
    4.26187e+03    2.89475e+03    3.17456e+02   -8.57098e+02    1.89472e+03
     Coulomb-14        LJ (SR)  Disper. corr.   Coulomb (SR)   Coul. recip.
    1.41951e+04    6.23610e+04   -3.08599e+03   -5.31408e+05    1.64378e+03
 Position Rest.      Potential    Kinetic En.   Total Energy  Conserved En.
    5.62597e+02   -4.47219e+05    8.38373e+04   -3.63382e+05   -3.87962e+05
    Temperature Pres. DC (bar) Pressure (bar)   Constr. rmsd
    2.97737e+02   -1.48889e+02   -1.11899e+02    3.04216e-05

           Step           Time
          22500       45.00000

   Energies (kJ/mol)
            U-B    Proper Dih.  Improper Dih.      CMAP Dih.          LJ-14
    4.45517e+03    2.95486e+03    2.85284e+02   -8.62173e+02    1.85850e+03
     Coulomb-14        LJ (SR)  Disper. corr.   Coulomb (SR)   Coul. recip.
    1.38742e+04    6.12666e+04   -3.08599e+03   -5.29337e+05    1.63816e+03
 Position Rest.      Potential    Kinetic En.   Total Energy  Conserved En.
    5.56322e+02   -4.46396e+05    8.34069e+04   -3.62989e+05   -3.88027e+05
    Temperature Pres. DC (bar) Pressure (bar)   Constr. rmsd
    2.96208e+02   -1.48889e+02   -5.44052e+02    3.38754e-05

           Step           Time
          23000       46.00000

   Energies (kJ/mol)
            U-B    Proper Dih.  Improper Dih.      CMAP Dih.          LJ-14
    4.64703e+03    2.95553e+03    2.69925e+02   -8.85111e+02    1.83996e+03
     Coulomb-14        LJ (SR)  Disper. corr.   Coulomb (SR)   Coul. recip.
    1.39564e+04    6.18146e+04   -3.08599e+03   -5.30763e+05    1.64273e+03
 Position Rest.      Potential    Kinetic En.   Total Energy  Conserved En.
    5.20383e+02   -4.47088e+05    8.42005e+04   -3.62887e+05   -3.87724e+05
    Temperature Pres. DC (bar) Pressure (bar)   Constr. rmsd
    2.99027e+02   -1.48889e+02   -3.19403e+02    3.33868e-05

           Step           Time
          23500       47.00000

   Energies (kJ/mol)
            U-B    Proper Dih.  Improper Dih.      CMAP Dih.          LJ-14
    4.55730e+03    2.90405e+03    2.95094e+02   -8.45858e+02    1.82246e+03
     Coulomb-14        LJ (SR)  Disper. corr.   Coulomb (SR)   Coul. recip.
    1.40069e+04    6.20262e+04   -3.08599e+03   -5.29277e+05    1.57865e+03
 Position Rest.      Potential    Kinetic En.   Total Energy  Conserved En.
    5.28832e+02   -4.45490e+05    8.45106e+04   -3.60979e+05   -3.88006e+05
    Temperature Pres. DC (bar) Pressure (bar)   Constr. rmsd
    3.00128e+02   -1.48889e+02    4.66467e+01    3.16244e-05

           Step           Time
          24000       48.00000

   Energies (kJ/mol)
            U-B    Proper Dih.  Improper Dih.      CMAP Dih.          LJ-14
    4.69579e+03    2.99670e+03    3.26274e+02   -8.54948e+02    1.86259e+03
     Coulomb-14        LJ (SR)  Disper. corr.   Coulomb (SR)   Coul. recip.
    1.39295e+04    6.17396e+04   -3.08599e+03   -5.29898e+05    1.62560e+03
 Position Rest.      Potential    Kinetic En.   Total Energy  Conserved En.
    5.17457e+02   -4.46145e+05    8.35095e+04   -3.62635e+05   -3.87925e+05
    Temperature Pres. DC (bar) Pressure (bar)   Constr. rmsd
    2.96573e+02   -1.48889e+02   -3.12154e+02    3.30116e-05

           Step           Time
          24500       49.00000

   Energies (kJ/mol)
            U-B    Proper Dih.  Improper Dih.      CMAP Dih.          LJ-14
    4.69750e+03    2.93105e+03    3.42921e+02   -8.74627e+02    1.85211e+03
     Coulomb-14        LJ (SR)  Disper. corr.   Coulomb (SR)   Coul. recip.
    1.38839e+04    6.22025e+04   -3.08599e+03   -5.30291e+05    1.62332e+03
 Position Rest.      Potential    Kinetic En.   Total Energy  Conserved En.
    5.03971e+02   -4.46215e+05    8.57108e+04   -3.60504e+05   -3.87740e+05
    Temperature Pres. DC (bar) Pressure (bar)   Constr. rmsd
    3.04391e+02   -1.48889e+02   -2.91963e+02    3.19900e-05

           Step           Time
          25000       50.00000

   Energies (kJ/mol)
            U-B    Proper Dih.  Improper Dih.      CMAP Dih.          LJ-14
    4.74447e+03    2.98899e+03    3.41828e+02   -8.81686e+02    1.88404e+03
     Coulomb-14        LJ (SR)  Disper. corr.   Coulomb (SR)   Coul. recip.
    1.39010e+04    6.12763e+04   -3.08599e+03   -5.28071e+05    1.65867e+03
 Position Rest.      Potential    Kinetic En.   Total Energy  Conserved En.
    5.48464e+02   -4.44695e+05    8.57063e+04   -3.58988e+05   -3.87610e+05
    Temperature Pres. DC (bar) Pressure (bar)   Constr. rmsd
    3.04375e+02   -1.48889e+02    4.15358e+01    2.94121e-05

           Step           Time
          25500       51.00000

   Energies (kJ/mol)
            U-B    Proper Dih.  Improper Dih.      CMAP Dih.          LJ-14
    4.65733e+03    2.98148e+03    3.10797e+02   -8.52804e+02    1.90557e+03
     Coulomb-14        LJ (SR)  Disper. corr.   Coulomb (SR)   Coul. recip.
    1.41688e+04    6.11172e+04   -3.08599e+03   -5.29669e+05    1.62145e+03
 Position Rest.      Potential    Kinetic En.   Total Energy  Conserved En.
    5.66025e+02   -4.46280e+05    8.50004e+04   -3.61279e+05   -3.87569e+05
    Temperature Pres. DC (bar) Pressure (bar)   Constr. rmsd
    3.01868e+02   -1.48889e+02   -2.67540e+02    3.15909e-05

           Step           Time
          26000       52.00000

   Energies (kJ/mol)
            U-B    Proper Dih.  Improper Dih.      CMAP Dih.          LJ-14
    4.41223e+03    2.98650e+03    3.66589e+02   -8.76738e+02    1.84045e+03
     Coulomb-14        LJ (SR)  Disper. corr.   Coulomb (SR)   Coul. recip.
    1.40466e+04    6.17898e+04   -3.08599e+03   -5.30024e+05    1.65744e+03
 Position Rest.      Potential    Kinetic En.   Total Energy  Conserved En.
    5.34984e+02   -4.46352e+05    8.38097e+04   -3.62543e+05   -3.87378e+05
    Temperature Pres. DC (bar) Pressure (bar)   Constr. rmsd
    2.97639e+02   -1.48889e+02   -3.97157e+02    3.21657e-05

           Step           Time
          26500       53.00000

   Energies (kJ/mol)
            U-B    Proper Dih.  Improper Dih.      CMAP Dih.          LJ-14
    4.35122e+03    2.91055e+03    2.81149e+02   -8.77038e+02    1.85823e+03
     Coulomb-14        LJ (SR)  Disper. corr.   Coulomb (SR)   Coul. recip.
    1.40728e+04    6.24798e+04   -3.08599e+03   -5.30300e+05    1.66062e+03
 Position Rest.      Potential    Kinetic En.   Total Energy  Conserved En.
    4.65030e+02   -4.46184e+05    8.43242e+04   -3.61860e+05   -3.87199e+05
    Temperature Pres. DC (bar) Pressure (bar)   Constr. rmsd
    2.99466e+02   -1.48889e+02   -6.46663e+01    2.92636e-05

           Step           Time
          27000       54.00000

   Energies (kJ/mol)
            U-B    Proper Dih.  Improper Dih.      CMAP Dih.          LJ-14
    4.30467e+03    2.87402e+03    3.50449e+02   -8.66392e+02    1.86117e+03
     Coulomb-14        LJ (SR)  Disper. corr.   Coulomb (SR)   Coul. recip.
    1.40250e+04    6.20075e+04   -3.08599e+03   -5.30136e+05    1.59694e+03
 Position Rest.      Potential    Kinetic En.   Total Energy  Conserved En.
    4.64781e+02   -4.46604e+05    8.49888e+04   -3.61615e+05   -3.87314e+05
    Temperature Pres. DC (bar) Pressure (bar)   Constr. rmsd
    3.01827e+02   -1.48889e+02   -1.33459e+01    2.94471e-05

           Step           Time
          27500       55.00000

   Energies (kJ/mol)
            U-B    Proper Dih.  Improper Dih.      CMAP Dih.          LJ-14
    4.00753e+03    2.90335e+03    2.79616e+02   -8.98042e+02    1.80335e+03
     Coulomb-14        LJ (SR)  Disper. corr.   Coulomb (SR)   Coul. recip.
    1.40445e+04    6.00002e+04   -3.08599e+03   -5.27540e+05    1.54804e+03
 Position Rest.      Potential    Kinetic En.   Total Energy  Conserved En.
    4.33317e+02   -4.46504e+05    8.43432e+04   -3.62160e+05   -3.87414e+05
    Temperature Pres. DC (bar) Pressure (bar)   Constr. rmsd
    2.99534e+02   -1.48889e+02   -5.33953e+02    3.16674e-05

           Step           Time
          28000       56.00000

   Energies (kJ/mol)
            U-B    Proper Dih.  Improper Dih.      CMAP Dih.          LJ-14
    4.11559e+03    2.86474e+03    2.54174e+02   -8.66370e+02    1.84264e+03
     Coulomb-14        LJ (SR)  Disper. corr.   Coulomb (SR)   Coul. recip.
    1.39647e+04    6.06607e+04   -3.08599e+03   -5.28746e+05    1.64152e+03
 Position Rest.      Potential    Kinetic En.   Total Energy  Conserved En.
    4.34472e+02   -4.46920e+05    8.36676e+04   -3.63252e+05   -3.87389e+05
    Temperature Pres. DC (bar) Pressure (bar)   Constr. rmsd
    2.97134e+02   -1.48889e+02   -2.55019e+02    3.17726e-05

           Step           Time
          28500       57.00000

   Energies (kJ/mol)
            U-B    Proper Dih.  Improper Dih.      CMAP Dih.          LJ-14
    4.27326e+03    2.93492e+03    2.80410e+02   -8.71640e+02    1.80046e+03
     Coulomb-14        LJ (SR)  Disper. corr.   Coulomb (SR)   Coul. recip.
    1.37868e+04    6.22306e+04   -3.08599e+03   -5.30830e+05    1.63382e+03
 Position Rest.      Potential    Kinetic En.   Total Energy  Conserved En.
    4.84985e+02   -4.47363e+05    8.39482e+04   -3.63415e+05   -3.87214e+05
    Temperature Pres. DC (bar) Pressure (bar)   Constr. rmsd
    2.98131e+02   -1.48889e+02   -2.70409e+02    3.18131e-05

           Step           Time
          29000       58.00000

   Energies (kJ/mol)
            U-B    Proper Dih.  Improper Dih.      CMAP Dih.          LJ-14
    4.32872e+03    2.83590e+03    2.85099e+02   -8.54433e+02    1.85750e+03
     Coulomb-14        LJ (SR)  Disper. corr.   Coulomb (SR)   Coul. recip.
    1.40323e+04    6.15556e+04   -3.08599e+03   -5.30723e+05    1.58835e+03
 Position Rest.      Potential    Kinetic En.   Total Energy  Conserved En.
    4.93369e+02   -4.47687e+05    8.40825e+04   -3.63604e+05   -3.87119e+05
    Temperature Pres. DC (bar) Pressure (bar)   Constr. rmsd
    2.98608e+02   -1.48889e+02   -8.62950e+02    3.22662e-05

           Step           Time
          29500       59.00000

   Energies (kJ/mol)
            U-B    Proper Dih.  Improper Dih.      CMAP Dih.          LJ-14
    4.62147e+03    2.88719e+03    2.95665e+02   -8.84431e+02    1.85034e+03
     Coulomb-14        LJ (SR)  Disper. corr.   Coulomb (SR)   Coul. recip.
    1.40318e+04    6.18563e+04   -3.08599e+03   -5.29220e+05    1.64587e+03
 Position Rest.      Potential    Kinetic En.   Total Energy  Conserved En.
    5.38620e+02   -4.45463e+05    8.44580e+04   -3.61005e+05   -3.87093e+05
    Temperature Pres. DC (bar) Pressure (bar)   Constr. rmsd
    2.99941e+02   -1.48889e+02   -5.01228e+02    3.26550e-05

           Step           Time
          30000       60.00000

   Energies (kJ/mol)
            U-B    Proper Dih.  Improper Dih.      CMAP Dih.          LJ-14
    4.65574e+03    2.93338e+03    3.18996e+02   -8.71715e+02    1.85710e+03
     Coulomb-14        LJ (SR)  Disper. corr.   Coulomb (SR)   Coul. recip.
    1.38247e+04    6.24599e+04   -3.08599e+03   -5.30041e+05    1.57675e+03
 Position Rest.      Potential    Kinetic En.   Total Energy  Conserved En.
    5.70539e+02   -4.45801e+05    8.47397e+04   -3.61061e+05   -3.87068e+05
    Temperature Pres. DC (bar) Pressure (bar)   Constr. rmsd
    3.00942e+02   -1.48889e+02    3.58554e+01    3.36209e-05

           Step           Time
          30500       61.00000

   Energies (kJ/mol)
            U-B    Proper Dih.  Improper Dih.      CMAP Dih.          LJ-14
    4.68834e+03    2.95918e+03    3.05802e+02   -8.76297e+02    1.85781e+03
     Coulomb-14        LJ (SR)  Disper. corr.   Coulomb (SR)   Coul. recip.
    1.39453e+04    6.19805e+04   -3.08599e+03   -5.29947e+05    1.66971e+03
 Position Rest.      Potential    Kinetic En.   Total Energy  Conserved En.
    5.46333e+02   -4.45956e+05    8.45440e+04   -3.61412e+05   -3.86837e+05
    Temperature Pres. DC (bar) Pressure (bar)   Constr. rmsd
    3.00247e+02   -1.48889e+02   -3.09826e+02    3.32742e-05

           Step           Time
          31000       62.00000

   Energies (kJ/mol)
            U-B    Proper Dih.  Improper Dih.      CMAP Dih.          LJ-14
    4.73971e+03    2.93298e+03    3.46983e+02   -8.91489e+02    1.86707e+03
     Coulomb-14        LJ (SR)  Disper. corr.   Coulomb (SR)   Coul. recip.
    1.41004e+04    6.13966e+04   -3.08599e+03   -5.29216e+05    1.59894e+03
 Position Rest.      Potential    Kinetic En.   Total Energy  Conserved En.
    5.09865e+02   -4.45701e+05    8.54997e+04   -3.60201e+05   -3.86811e+05
    Temperature Pres. DC (bar) Pressure (bar)   Constr. rmsd
    3.03641e+02   -1.48889e+02    3.37578e+01    3.17238e-05

           Step           Time
          31500       63.00000

   Energies (kJ/mol)
            U-B    Proper Dih.  Improper Dih.      CMAP Dih.          LJ-14
    4.60718e+03    2.99952e+03    3.19476e+02   -9.14711e+02    1.91539e+03
     Coulomb-14        LJ (SR)  Disper. corr.   Coulomb (SR)   Coul. recip.
    1.38710e+04    6.15103e+04   -3.08599e+03   -5.29492e+05    1.58789e+03
 Position Rest.      Potential    Kinetic En.   Total Energy  Conserved En.
    5.21004e+02   -4.46161e+05    8.53090e+04   -3.60852e+05   -3.86651e+05
    Temperature Pres. DC (bar) Pressure (bar)   Constr. rmsd
    3.02964e+02   -1.48889e+02   -7.08000e+00    3.39993e-05

           Step           Time
          32000       64.00000

   Energies (kJ/mol)
            U-B    Proper Dih.  Improper Dih.      CMAP Dih.          LJ-14
    4.69506e+03    2.90675e+03    2.89927e+02   -8.66691e+02    1.92530e+03
     Coulomb-14        LJ (SR)  Disper. corr.   Coulomb (SR)   Coul. recip.
    1.39145e+04    6.28979e+04   -3.08599e+03   -5.30596e+05    1.62718e+03
 Position Rest.      Potential    Kinetic En.   Total Energy  Conserved En.
    4.93552e+02   -4.45798e+05    8.48148e+04   -3.60983e+05   -3.86699e+05
    Temperature Pres. DC (bar) Pressure (bar)   Constr. rmsd
    3.01208e+02   -1.48889e+02    6.73427e+01    3.41441e-05

           Step           Time
          32500       65.00000

   Energies (kJ/mol)
            U-B    Proper Dih.  Improper Dih.      CMAP Dih.          LJ-14
    4.36438e+03    2.89383e+03    3.29551e+02   -8.78125e+02    1.89328e+03
     Coulomb-14        LJ (SR)  Disper. corr.   Coulomb (SR)   Coul. recip.
    1.40736e+04    6.09444e+04   -3.08599e+03   -5.28080e+05    1.61098e+03
 Position Rest.      Potential    Kinetic En.   Total Energy  Conserved En.
    5.31138e+02   -4.45404e+05    8.46723e+04   -3.60731e+05   -3.86749e+05
    Temperature Pres. DC (bar) Pressure (bar)   Constr. rmsd
    3.00702e+02   -1.48889e+02   -5.45203e+02    3.39619e-05

Writing checkpoint, step 32560 at Thu Oct 29 14:29:44 2020


           Step           Time
          33000       66.00000

   Energies (kJ/mol)
            U-B    Proper Dih.  Improper Dih.      CMAP Dih.          LJ-14
    4.53445e+03    2.88829e+03    3.17675e+02   -8.68348e+02    1.81681e+03
     Coulomb-14        LJ (SR)  Disper. corr.   Coulomb (SR)   Coul. recip.
    1.39521e+04    6.08015e+04   -3.08599e+03   -5.28385e+05    1.60952e+03
 Position Rest.      Potential    Kinetic En.   Total Energy  Conserved En.
    5.21240e+02   -4.45898e+05    8.54390e+04   -3.60459e+05   -3.86522e+05
    Temperature Pres. DC (bar) Pressure (bar)   Constr. rmsd
    3.03425e+02   -1.48889e+02   -2.57156e+02    3.60484e-05

           Step           Time
          33500       67.00000

   Energies (kJ/mol)
            U-B    Proper Dih.  Improper Dih.      CMAP Dih.          LJ-14
    4.48792e+03    2.93438e+03    3.14597e+02   -8.46162e+02    1.87932e+03
     Coulomb-14        LJ (SR)  Disper. corr.   Coulomb (SR)   Coul. recip.
    1.40323e+04    6.23505e+04   -3.08599e+03   -5.30880e+05    1.65789e+03
 Position Rest.      Potential    Kinetic En.   Total Energy  Conserved En.
    5.26238e+02   -4.46629e+05    8.50078e+04   -3.61621e+05   -3.86473e+05
    Temperature Pres. DC (bar) Pressure (bar)   Constr. rmsd
    3.01894e+02   -1.48889e+02   -2.06678e+02    3.08996e-05

           Step           Time
          34000       68.00000

   Energies (kJ/mol)
            U-B    Proper Dih.  Improper Dih.      CMAP Dih.          LJ-14
    4.51812e+03    2.86265e+03    2.82240e+02   -8.65519e+02    1.87829e+03
     Coulomb-14        LJ (SR)  Disper. corr.   Coulomb (SR)   Coul. recip.
    1.39240e+04    6.17977e+04   -3.08599e+03   -5.29891e+05    1.63097e+03
 Position Rest.      Potential    Kinetic En.   Total Energy  Conserved En.
    5.29902e+02   -4.46419e+05    8.45066e+04   -3.61912e+05   -3.86508e+05
    Temperature Pres. DC (bar) Pressure (bar)   Constr. rmsd
    3.00114e+02   -1.48889e+02    2.62391e+01    3.09244e-05

           Step           Time
          34500       69.00000

   Energies (kJ/mol)
            U-B    Proper Dih.  Improper Dih.      CMAP Dih.          LJ-14
    4.48780e+03    2.88851e+03    2.96227e+02   -8.98544e+02    1.86814e+03
     Coulomb-14        LJ (SR)  Disper. corr.   Coulomb (SR)   Coul. recip.
    1.41506e+04    6.16157e+04   -3.08599e+03   -5.29489e+05    1.68758e+03
 Position Rest.      Potential    Kinetic En.   Total Energy  Conserved En.
    5.48126e+02   -4.45931e+05    8.49610e+04   -3.60970e+05   -3.86542e+05
    Temperature Pres. DC (bar) Pressure (bar)   Constr. rmsd
    3.01728e+02   -1.48889e+02   -4.98774e+01    2.98463e-05

           Step           Time
          35000       70.00000

   Energies (kJ/mol)
            U-B    Proper Dih.  Improper Dih.      CMAP Dih.          LJ-14
    4.37631e+03    2.78389e+03    2.57847e+02   -8.67752e+02    1.81431e+03
     Coulomb-14        LJ (SR)  Disper. corr.   Coulomb (SR)   Coul. recip.
    1.40220e+04    6.12580e+04   -3.08599e+03   -5.30037e+05    1.58633e+03
 Position Rest.      Potential    Kinetic En.   Total Energy  Conserved En.
    5.49381e+02   -4.47343e+05    8.46209e+04   -3.62722e+05   -3.86407e+05
    Temperature Pres. DC (bar) Pressure (bar)   Constr. rmsd
    3.00520e+02   -1.48889e+02   -5.37843e+02    3.08448e-05

           Step           Time
          35500       71.00000

   Energies (kJ/mol)
            U-B    Proper Dih.  Improper Dih.      CMAP Dih.          LJ-14
    3.94358e+03    2.80234e+03    2.75785e+02   -8.51051e+02    1.84129e+03
     Coulomb-14        LJ (SR)  Disper. corr.   Coulomb (SR)   Coul. recip.
    1.41345e+04    6.15791e+04   -3.08599e+03   -5.30294e+05    1.54852e+03
 Position Rest.      Potential    Kinetic En.   Total Energy  Conserved En.
    4.95412e+02   -4.47611e+05    8.41243e+04   -3.63487e+05   -3.86253e+05
    Temperature Pres. DC (bar) Pressure (bar)   Constr. rmsd
    2.98756e+02   -1.48889e+02   -2.03630e+02    2.76225e-05

           Step           Time
          36000       72.00000

   Energies (kJ/mol)
            U-B    Proper Dih.  Improper Dih.      CMAP Dih.          LJ-14
    3.85638e+03    2.80712e+03    2.05009e+02   -9.08672e+02    1.82183e+03
     Coulomb-14        LJ (SR)  Disper. corr.   Coulomb (SR)   Coul. recip.
    1.41073e+04    6.23271e+04   -3.08599e+03   -5.32337e+05    1.64963e+03
 Position Rest.      Potential    Kinetic En.   Total Energy  Conserved En.
    5.10468e+02   -4.49047e+05    8.30888e+04   -3.65958e+05   -3.85927e+05
    Temperature Pres. DC (bar) Pressure (bar)   Constr. rmsd
    2.95079e+02   -1.48889e+02   -5.17487e+01    2.90515e-05

           Step           Time
          36500       73.00000

   Energies (kJ/mol)
            U-B    Proper Dih.  Improper Dih.      CMAP Dih.          LJ-14
    4.02470e+03    2.83706e+03    3.09207e+02   -8.89225e+02    1.81038e+03
     Coulomb-14        LJ (SR)  Disper. corr.   Coulomb (SR)   Coul. recip.
    1.40226e+04    6.27857e+04   -3.08599e+03   -5.31871e+05    1.56943e+03
 Position Rest.      Potential    Kinetic En.   Total Energy  Conserved En.
    5.43268e+02   -4.47944e+05    8.30429e+04   -3.64901e+05   -3.85898e+05
    Temperature Pres. DC (bar) Pressure (bar)   Constr. rmsd
    2.94916e+02   -1.48889e+02    4.86337e+01    2.93607e-05

           Step           Time
          37000       74.00000

   Energies (kJ/mol)
            U-B    Proper Dih.  Improper Dih.      CMAP Dih.          LJ-14
    4.00530e+03    2.79877e+03    2.65178e+02   -9.22526e+02    1.81248e+03
     Coulomb-14        LJ (SR)  Disper. corr.   Coulomb (SR)   Coul. recip.
    1.40972e+04    6.07578e+04   -3.08599e+03   -5.29518e+05    1.55696e+03
 Position Rest.      Potential    Kinetic En.   Total Energy  Conserved En.
    4.88855e+02   -4.47744e+05    8.36234e+04   -3.64121e+05   -3.85611e+05
    Temperature Pres. DC (bar) Pressure (bar)   Constr. rmsd
    2.96977e+02   -1.48889e+02   -6.21082e+02    2.88712e-05

           Step           Time
          37500       75.00000

   Energies (kJ/mol)
            U-B    Proper Dih.  Improper Dih.      CMAP Dih.          LJ-14
    4.09802e+03    2.82136e+03    3.29083e+02   -8.97986e+02    1.84110e+03
     Coulomb-14        LJ (SR)  Disper. corr.   Coulomb (SR)   Coul. recip.
    1.43278e+04    6.14635e+04   -3.08599e+03   -5.30801e+05    1.62269e+03
 Position Rest.      Potential    Kinetic En.   Total Energy  Conserved En.
    5.17725e+02   -4.47764e+05    8.49503e+04   -3.62814e+05   -3.85543e+05
    Temperature Pres. DC (bar) Pressure (bar)   Constr. rmsd
    3.01690e+02   -1.48889e+02   -4.90548e+02    2.88086e-05

           Step           Time
          38000       76.00000

   Energies (kJ/mol)
            U-B    Proper Dih.  Improper Dih.      CMAP Dih.          LJ-14
    4.54887e+03    2.84299e+03    2.82263e+02   -8.78542e+02    1.79968e+03
     Coulomb-14        LJ (SR)  Disper. corr.   Coulomb (SR)   Coul. recip.
    1.40438e+04    6.23168e+04   -3.08599e+03   -5.30815e+05    1.62455e+03
 Position Rest.      Potential    Kinetic En.   Total Energy  Conserved En.
    5.21773e+02   -4.46799e+05    8.45129e+04   -3.62286e+05   -3.85423e+05
    Temperature Pres. DC (bar) Pressure (bar)   Constr. rmsd
    3.00136e+02   -1.48889e+02   -2.90264e+01    3.34269e-05

           Step           Time
          38500       77.00000

   Energies (kJ/mol)
            U-B    Proper Dih.  Improper Dih.      CMAP Dih.          LJ-14
    4.79111e+03    2.85294e+03    2.81036e+02   -8.77373e+02    1.83196e+03
     Coulomb-14        LJ (SR)  Disper. corr.   Coulomb (SR)   Coul. recip.
    1.39459e+04    6.10709e+04   -3.08599e+03   -5.28528e+05    1.65503e+03
 Position Rest.      Potential    Kinetic En.   Total Energy  Conserved En.
    5.93581e+02   -4.45469e+05    8.41975e+04   -3.61272e+05   -3.85323e+05
    Temperature Pres. DC (bar) Pressure (bar)   Constr. rmsd
    2.99016e+02   -1.48889e+02   -2.80199e+02    3.37027e-05

           Step           Time
          39000       78.00000

   Energies (kJ/mol)
            U-B    Proper Dih.  Improper Dih.      CMAP Dih.          LJ-14
    4.67771e+03    2.93635e+03    3.37767e+02   -8.79946e+02    1.87314e+03
     Coulomb-14        LJ (SR)  Disper. corr.   Coulomb (SR)   Coul. recip.
    1.40080e+04    6.16238e+04   -3.08599e+03   -5.29319e+05    1.54805e+03
 Position Rest.      Potential    Kinetic En.   Total Energy  Conserved En.
    6.21599e+02   -4.45659e+05    8.44178e+04   -3.61241e+05   -3.85006e+05
    Temperature Pres. DC (bar) Pressure (bar)   Constr. rmsd
    2.99799e+02   -1.48889e+02   -3.74841e+02    3.22125e-05

           Step           Time
          39500       79.00000

   Energies (kJ/mol)
            U-B    Proper Dih.  Improper Dih.      CMAP Dih.          LJ-14
    4.70225e+03    2.93270e+03    3.20938e+02   -8.61732e+02    1.90045e+03
     Coulomb-14        LJ (SR)  Disper. corr.   Coulomb (SR)   Coul. recip.
    1.39724e+04    6.09179e+04   -3.08599e+03   -5.30026e+05    1.56220e+03
 Position Rest.      Potential    Kinetic En.   Total Energy  Conserved En.
    5.61632e+02   -4.47103e+05    8.49872e+04   -3.62116e+05   -3.84906e+05
    Temperature Pres. DC (bar) Pressure (bar)   Constr. rmsd
    3.01821e+02   -1.48889e+02   -3.39874e+02    3.27665e-05

           Step           Time
          40000       80.00000

   Energies (kJ/mol)
            U-B    Proper Dih.  Improper Dih.      CMAP Dih.          LJ-14
    4.69694e+03    3.03933e+03    3.19678e+02   -9.06433e+02    1.92063e+03
     Coulomb-14        LJ (SR)  Disper. corr.   Coulomb (SR)   Coul. recip.
    1.39706e+04    6.15918e+04   -3.08599e+03   -5.29156e+05    1.60804e+03
 Position Rest.      Potential    Kinetic En.   Total Energy  Conserved En.
    5.24779e+02   -4.45477e+05    8.45351e+04   -3.60942e+05   -3.84818e+05
    Temperature Pres. DC (bar) Pressure (bar)   Constr. rmsd
    3.00215e+02   -1.48889e+02   -8.50835e+01    3.19319e-05

           Step           Time
          40500       81.00000

   Energies (kJ/mol)
            U-B    Proper Dih.  Improper Dih.      CMAP Dih.          LJ-14
    4.76085e+03    3.05296e+03    2.96106e+02   -8.59041e+02    1.87269e+03
     Coulomb-14        LJ (SR)  Disper. corr.   Coulomb (SR)   Coul. recip.
    1.39480e+04    6.10907e+04   -3.08599e+03   -5.28180e+05    1.59636e+03
 Position Rest.      Potential    Kinetic En.   Total Energy  Conserved En.
    5.83770e+02   -4.44924e+05    8.41787e+04   -3.60745e+05   -3.84588e+05
    Temperature Pres. DC (bar) Pressure (bar)   Constr. rmsd
    2.98949e+02   -1.48889e+02   -3.54902e+02    3.36666e-05

           Step           Time
          41000       82.00000

   Energies (kJ/mol)
            U-B    Proper Dih.  Improper Dih.      CMAP Dih.          LJ-14
    4.57212e+03    2.97283e+03    3.29154e+02   -8.39282e+02    1.85623e+03
     Coulomb-14        LJ (SR)  Disper. corr.   Coulomb (SR)   Coul. recip.
    1.38154e+04    6.23896e+04   -3.08599e+03   -5.29913e+05    1.62470e+03
 Position Rest.      Potential    Kinetic En.   Total Energy  Conserved En.
    4.72129e+02   -4.45806e+05    8.45666e+04   -3.61239e+05   -3.84262e+05
    Temperature Pres. DC (bar) Pressure (bar)   Constr. rmsd
    3.00327e+02   -1.48889e+02    7.78929e+01    3.15299e-05

           Step           Time
          41500       83.00000

   Energies (kJ/mol)
            U-B    Proper Dih.  Improper Dih.      CMAP Dih.          LJ-14
    4.27104e+03    2.94411e+03    2.77853e+02   -8.64654e+02    1.85362e+03
     Coulomb-14        LJ (SR)  Disper. corr.   Coulomb (SR)   Coul. recip.
    1.38891e+04    6.14226e+04   -3.08599e+03   -5.28742e+05    1.60858e+03
 Position Rest.      Potential    Kinetic En.   Total Energy  Conserved En.
    5.50435e+02   -4.45876e+05    8.36865e+04   -3.62189e+05   -3.84325e+05
    Temperature Pres. DC (bar) Pressure (bar)   Constr. rmsd
    2.97201e+02   -1.48889e+02   -1.54706e+02    3.07642e-05

           Step           Time
          42000       84.00000

   Energies (kJ/mol)
            U-B    Proper Dih.  Improper Dih.      CMAP Dih.          LJ-14
    4.21033e+03    2.90184e+03    2.70001e+02   -8.95037e+02    1.91815e+03
     Coulomb-14        LJ (SR)  Disper. corr.   Coulomb (SR)   Coul. recip.
    1.40216e+04    6.10603e+04   -3.08599e+03   -5.28901e+05    1.68848e+03
 Position Rest.      Potential    Kinetic En.   Total Energy  Conserved En.
    5.01588e+02   -4.46310e+05    8.32730e+04   -3.63037e+05   -3.84445e+05
    Temperature Pres. DC (bar) Pressure (bar)   Constr. rmsd
    2.95733e+02   -1.48889e+02   -2.15095e+02    3.00922e-05

           Step           Time
          42500       85.00000

   Energies (kJ/mol)
            U-B    Proper Dih.  Improper Dih.      CMAP Dih.          LJ-14
    4.03623e+03    2.86683e+03    2.61287e+02   -8.91048e+02    1.88541e+03
     Coulomb-14        LJ (SR)  Disper. corr.   Coulomb (SR)   Coul. recip.
    1.40878e+04    6.33616e+04   -3.08599e+03   -5.31333e+05    1.66172e+03
 Position Rest.      Potential    Kinetic En.   Total Energy  Conserved En.
    4.63286e+02   -4.46686e+05    8.43320e+04   -3.62354e+05   -3.84136e+05
    Temperature Pres. DC (bar) Pressure (bar)   Constr. rmsd
    2.99494e+02   -1.48889e+02    1.00674e+00    2.88968e-05

           Step           Time
          43000       86.00000

   Energies (kJ/mol)
            U-B    Proper Dih.  Improper Dih.      CMAP Dih.          LJ-14
    4.12820e+03    2.85948e+03    2.44920e+02   -8.60388e+02    1.81105e+03
     Coulomb-14        LJ (SR)  Disper. corr.   Coulomb (SR)   Coul. recip.
    1.41051e+04    6.18155e+04   -3.08599e+03   -5.31285e+05    1.63036e+03
 Position Rest.      Potential    Kinetic En.   Total Energy  Conserved En.
    4.78287e+02   -4.48159e+05    8.29422e+04   -3.65217e+05   -3.84196e+05
    Temperature Pres. DC (bar) Pressure (bar)   Constr. rmsd
    2.94558e+02   -1.48889e+02   -2.82410e+02    2.93295e-05

           Step           Time
          43500       87.00000

   Energies (kJ/mol)
            U-B    Proper Dih.  Improper Dih.      CMAP Dih.          LJ-14
    4.22797e+03    2.86205e+03    2.48196e+02   -8.84204e+02    1.78921e+03
     Coulomb-14        LJ (SR)  Disper. corr.   Coulomb (SR)   Coul. recip.
    1.40199e+04    6.15934e+04   -3.08599e+03   -5.30797e+05    1.60495e+03
 Position Rest.      Potential    Kinetic En.   Total Energy  Conserved En.
    4.73994e+02   -4.47947e+05    8.34655e+04   -3.64482e+05   -3.84176e+05
    Temperature Pres. DC (bar) Pressure (bar)   Constr. rmsd
    2.96417e+02   -1.48889e+02   -4.21663e+02    3.16809e-05

           Step           Time
          44000       88.00000

   Energies (kJ/mol)
            U-B    Proper Dih.  Improper Dih.      CMAP Dih.          LJ-14
    4.15031e+03    2.88691e+03    2.68509e+02   -8.56263e+02    1.88011e+03
     Coulomb-14        LJ (SR)  Disper. corr.   Coulomb (SR)   Coul. recip.
    1.39818e+04    6.14785e+04   -3.08599e+03   -5.30150e+05    1.63772e+03
 Position Rest.      Potential    Kinetic En.   Total Energy  Conserved En.
    4.98960e+02   -4.47310e+05    8.43697e+04   -3.62940e+05   -3.84060e+05
    Temperature Pres. DC (bar) Pressure (bar)   Constr. rmsd
    2.99628e+02   -1.48889e+02   -2.76479e+02    2.84194e-05

           Step           Time
          44500       89.00000

   Energies (kJ/mol)
            U-B    Proper Dih.  Improper Dih.      CMAP Dih.          LJ-14
    4.43036e+03    2.83428e+03    2.98731e+02   -8.93895e+02    1.84362e+03
     Coulomb-14        LJ (SR)  Disper. corr.   Coulomb (SR)   Coul. recip.
    1.40374e+04    6.23620e+04   -3.08599e+03   -5.31997e+05    1.66939e+03
 Position Rest.      Potential    Kinetic En.   Total Energy  Conserved En.
    5.49930e+02   -4.47951e+05    8.44970e+04   -3.63454e+05   -3.83886e+05
    Temperature Pres. DC (bar) Pressure (bar)   Constr. rmsd
    3.00080e+02   -1.48889e+02    5.50470e+01    2.91778e-05

           Step           Time
          45000       90.00000

   Energies (kJ/mol)
            U-B    Proper Dih.  Improper Dih.      CMAP Dih.          LJ-14
    4.72272e+03    2.96109e+03    3.74951e+02   -9.24246e+02    1.88676e+03
     Coulomb-14        LJ (SR)  Disper. corr.   Coulomb (SR)   Coul. recip.
    1.39975e+04    6.16233e+04   -3.08599e+03   -5.30026e+05    1.58642e+03
 Position Rest.      Potential    Kinetic En.   Total Energy  Conserved En.
    5.78723e+02   -4.46305e+05    8.53909e+04   -3.60914e+05   -3.83960e+05
    Temperature Pres. DC (bar) Pressure (bar)   Constr. rmsd
    3.03254e+02   -1.48889e+02    3.07355e+01    3.16016e-05

           Step           Time
          45500       91.00000

   Energies (kJ/mol)
            U-B    Proper Dih.  Improper Dih.      CMAP Dih.          LJ-14
    4.89256e+03    3.04699e+03    3.75859e+02   -8.57038e+02    1.88804e+03
     Coulomb-14        LJ (SR)  Disper. corr.   Coulomb (SR)   Coul. recip.
    1.39100e+04    6.08315e+04   -3.08599e+03   -5.28842e+05    1.59479e+03
 Position Rest.      Potential    Kinetic En.   Total Energy  Conserved En.
    5.82891e+02   -4.45662e+05    8.56041e+04   -3.60058e+05   -3.83560e+05
    Temperature Pres. DC (bar) Pressure (bar)   Constr. rmsd
    3.04012e+02   -1.48889e+02   -4.22367e+02    3.27707e-05

           Step           Time
          46000       92.00000

   Energies (kJ/mol)
            U-B    Proper Dih.  Improper Dih.      CMAP Dih.          LJ-14
    5.26107e+03    3.04064e+03    3.53398e+02   -8.19297e+02    1.80452e+03
     Coulomb-14        LJ (SR)  Disper. corr.   Coulomb (SR)   Coul. recip.
    1.39293e+04    6.12937e+04   -3.08599e+03   -5.30062e+05    1.62833e+03
 Position Rest.      Potential    Kinetic En.   Total Energy  Conserved En.
    5.39227e+02   -4.46117e+05    8.52681e+04   -3.60849e+05   -3.83134e+05
    Temperature Pres. DC (bar) Pressure (bar)   Constr. rmsd
    3.02818e+02   -1.48889e+02   -3.02846e+02    3.85715e-05

           Step           Time
          46500       93.00000

   Energies (kJ/mol)
            U-B    Proper Dih.  Improper Dih.      CMAP Dih.          LJ-14
    5.00494e+03    2.91479e+03    3.25990e+02   -8.41818e+02    1.90962e+03
     Coulomb-14        LJ (SR)  Disper. corr.   Coulomb (SR)   Coul. recip.
    1.39314e+04    6.20766e+04   -3.08599e+03   -5.30692e+05    1.57871e+03
 Position Rest.      Potential    Kinetic En.   Total Energy  Conserved En.
    6.54321e+02   -4.46223e+05    8.49368e+04   -3.61287e+05   -3.82794e+05
    Temperature Pres. DC (bar) Pressure (bar)   Constr. rmsd
    3.01642e+02   -1.48889e+02   -5.84936e+01    3.43548e-05

           Step           Time
          47000       94.00000

   Energies (kJ/mol)
            U-B    Proper Dih.  Improper Dih.      CMAP Dih.          LJ-14
    4.79424e+03    2.94496e+03    3.27474e+02   -8.81112e+02    1.84932e+03
     Coulomb-14        LJ (SR)  Disper. corr.   Coulomb (SR)   Coul. recip.
    1.39245e+04    6.11801e+04   -3.08599e+03   -5.27899e+05    1.60856e+03
 Position Rest.      Potential    Kinetic En.   Total Energy  Conserved En.
    5.25884e+02   -4.44712e+05    8.56476e+04   -3.59064e+05   -3.82657e+05
    Temperature Pres. DC (bar) Pressure (bar)   Constr. rmsd
    3.04166e+02   -1.48889e+02   -3.46762e+02    3.44126e-05

           Step           Time
          47500       95.00000

   Energies (kJ/mol)
            U-B    Proper Dih.  Improper Dih.      CMAP Dih.          LJ-14
    4.72103e+03    2.90652e+03    2.83148e+02   -8.77990e+02    1.87712e+03
     Coulomb-14        LJ (SR)  Disper. corr.   Coulomb (SR)   Coul. recip.
    1.40393e+04    6.09375e+04   -3.08599e+03   -5.28047e+05    1.66142e+03
 Position Rest.      Potential    Kinetic En.   Total Energy  Conserved En.
    5.58166e+02   -4.45027e+05    8.49299e+04   -3.60097e+05   -3.82267e+05
    Temperature Pres. DC (bar) Pressure (bar)   Constr. rmsd
    3.01617e+02   -1.48889e+02   -3.01615e+02    3.28552e-05

           Step           Time
          48000       96.00000

   Energies (kJ/mol)
            U-B    Proper Dih.  Improper Dih.      CMAP Dih.          LJ-14
    4.41123e+03    2.88410e+03    2.95159e+02   -8.49959e+02    1.87085e+03
     Coulomb-14        LJ (SR)  Disper. corr.   Coulomb (SR)   Coul. recip.
    1.39193e+04    6.23227e+04   -3.08599e+03   -5.29521e+05    1.65767e+03
 Position Rest.      Potential    Kinetic En.   Total Energy  Conserved En.
    5.48118e+02   -4.45547e+05    8.48417e+04   -3.60706e+05   -3.81850e+05
    Temperature Pres. DC (bar) Pressure (bar)   Constr. rmsd
    3.01304e+02   -1.48889e+02    1.23130e+01    3.10886e-05

           Step           Time
          48500       97.00000

   Energies (kJ/mol)
            U-B    Proper Dih.  Improper Dih.      CMAP Dih.          LJ-14
    4.02986e+03    2.77144e+03    2.76711e+02   -8.76399e+02    1.82801e+03
     Coulomb-14        LJ (SR)  Disper. corr.   Coulomb (SR)   Coul. recip.
    1.41992e+04    6.22529e+04   -3.08599e+03   -5.30666e+05    1.65679e+03
 Position Rest.      Potential    Kinetic En.   Total Energy  Conserved En.
    5.56604e+02   -4.47057e+05    8.38370e+04   -3.63220e+05   -3.81810e+05
    Temperature Pres. DC (bar) Pressure (bar)   Constr. rmsd
    2.97736e+02   -1.48889e+02   -7.88509e+01    3.03031e-05

           Step           Time
          49000       98.00000

   Energies (kJ/mol)
            U-B    Proper Dih.  Improper Dih.      CMAP Dih.          LJ-14
    3.82756e+03    2.79958e+03    2.60273e+02   -8.90518e+02    1.81135e+03
     Coulomb-14        LJ (SR)  Disper. corr.   Coulomb (SR)   Coul. recip.
    1.39466e+04    6.04988e+04   -3.08599e+03   -5.28711e+05    1.57936e+03
 Position Rest.      Potential    Kinetic En.   Total Energy  Conserved En.
    4.67273e+02   -4.47496e+05    8.41351e+04   -3.63361e+05   -3.81495e+05
    Temperature Pres. DC (bar) Pressure (bar)   Constr. rmsd
    2.98794e+02   -1.48889e+02   -4.30155e+02    2.95395e-05

           Step           Time
          49500       99.00000

   Energies (kJ/mol)
            U-B    Proper Dih.  Improper Dih.      CMAP Dih.          LJ-14
    3.72541e+03    2.77847e+03    2.53184e+02   -8.87927e+02    1.83578e+03
     Coulomb-14        LJ (SR)  Disper. corr.   Coulomb (SR)   Coul. recip.
    1.38985e+04    6.12074e+04   -3.08599e+03   -5.28684e+05    1.64910e+03
 Position Rest.      Potential    Kinetic En.   Total Energy  Conserved En.
    4.28864e+02   -4.46882e+05    8.30135e+04   -3.63868e+05   -3.81072e+05
    Temperature Pres. DC (bar) Pressure (bar)   Constr. rmsd
    2.94811e+02   -1.48889e+02   -2.05100e+02    2.74425e-05

           Step           Time
          50000      100.00000

Writing checkpoint, step 50000 at Thu Oct 29 14:39:07 2020


   Energies (kJ/mol)
            U-B    Proper Dih.  Improper Dih.      CMAP Dih.          LJ-14
    3.78786e+03    2.77558e+03    2.73333e+02   -8.59679e+02    1.82588e+03
     Coulomb-14        LJ (SR)  Disper. corr.   Coulomb (SR)   Coul. recip.
    1.40952e+04    6.20540e+04   -3.08599e+03   -5.30729e+05    1.61116e+03
 Position Rest.      Potential    Kinetic En.   Total Energy  Conserved En.
    5.24103e+02   -4.47728e+05    8.28835e+04   -3.64844e+05   -3.80753e+05
    Temperature Pres. DC (bar) Pressure (bar)   Constr. rmsd
    2.94350e+02   -1.48889e+02   -1.85042e+02    2.68422e-05


	<======  ###############  ==>
	<====  A V E R A G E S  ====>
	<==  ###############  ======>

	Statistics over 50001 steps using 501 frames

   Energies (kJ/mol)
            U-B    Proper Dih.  Improper Dih.      CMAP Dih.          LJ-14
    4.40876e+03    2.90400e+03    2.99581e+02   -8.72990e+02    1.85471e+03
     Coulomb-14        LJ (SR)  Disper. corr.   Coulomb (SR)   Coul. recip.
    1.39943e+04    6.16901e+04   -3.08599e+03   -5.29749e+05    1.63277e+03
 Position Rest.      Potential    Kinetic En.   Total Energy  Conserved En.
    5.31927e+02   -4.46392e+05    8.44921e+04   -3.61899e+05   -3.87611e+05
    Temperature Pres. DC (bar) Pressure (bar)   Constr. rmsd
    3.00063e+02   -1.48889e+02   -2.30055e+02    0.00000e+00

   Total Virial (kJ/mol)
    3.06288e+04   -3.87029e+01   -7.16177e+01
   -3.85998e+01    3.05730e+04    2.03198e+02
   -7.22340e+01    2.03158e+02    3.04492e+04

   Pressure (bar)
   -2.36812e+02    4.88346e+00    6.39668e+00
    4.87353e+00   -2.31852e+02   -2.25601e+01
    6.45609e+00   -2.25562e+01   -2.21501e+02

      T-Protein  T-non-Protein
    2.99678e+02    3.00086e+02


	M E G A - F L O P S   A C C O U N T I N G

 NB=Group-cutoff nonbonded kernels    NxN=N-by-N cluster Verlet kernels
 RF=Reaction-Field  VdW=Van der Waals  QSTab=quadratic-spline table
 W3=SPC/TIP3p  W4=TIP4p (single or pairs)
 V&F=Potential and force  V=Potential only  F=Force only

 Computing:                               M-Number         M-Flops  % Flops
-----------------------------------------------------------------------------
 Pair Search distance check            9881.329456       88931.965     0.1
 NxN QSTab Elec. + LJ [F]            693633.655544    36762583.744    60.6
 NxN QSTab Elec. + LJ [V&F]            7020.413592      568653.501     0.9
 NxN QSTab Elec. [F]                 601608.478408    20454688.266    33.7
 NxN QSTab Elec. [V&F]                 6089.081176      249652.328     0.4
 1,4 nonbonded interactions             255.305106       22977.460     0.0
 Calc Weights                          5081.501628      182934.059     0.3
 Spread Q Bspline                    108405.368064      216810.736     0.4
 Gather F Bspline                    108405.368064      650432.208     1.1
 3D-FFT                              139519.590336     1116156.723     1.8
 Solve PME                               96.801936        6195.324     0.0
 Shift-X                                 21.206376         127.238     0.0
 Propers                                209.604192       47999.360     0.1
 Impropers                               17.450349        3629.673     0.0
 Pos. Restr.                             50.051001        2502.550     0.0
 Virial                                  16.994421         305.900     0.0
 Stop-CM                                 17.005752         170.058     0.0
 Calc-Ekin                              338.827752        9148.349     0.0
 Lincs                                   99.205952        5952.357     0.0
 Lincs-Mat                             2128.327692        8513.311     0.0
 Constraint-V                          1793.871752       14350.974     0.0
 Constraint-Vir                          16.979892         407.517     0.0
 Settle                                 531.831908      171781.706     0.3
 CMAP                                     6.350127       10795.216     0.0
 Urey-Bradley                           177.353547       32455.699     0.1
-----------------------------------------------------------------------------
 Total                                                60628156.221   100.0
-----------------------------------------------------------------------------


     R E A L   C Y C L E   A N D   T I M E   A C C O U N T I N G

On 1 MPI rank, each using 8 OpenMP threads

 Computing:          Num   Num      Call    Wall time         Giga-Cycles
                     Ranks Threads  Count      (s)         total sum    %
-----------------------------------------------------------------------------
 Neighbor search        1    8        626      14.677        211.352   1.0
 Force                  1    8      50001    1138.909      16400.303  77.8
 PME mesh               1    8      50001     183.458       2641.799  12.5
 NB X/F buffer ops.     1    8      99376      67.690        974.736   4.6
 Write traj.            1    8          2       0.201          2.897   0.0
 Update                 1    8      50001      18.277        263.186   1.2
 Constraints            1    8      50003      37.377        538.230   2.6
 Rest                                           3.162         45.531   0.2
-----------------------------------------------------------------------------
 Total                                       1463.751      21078.034 100.0
-----------------------------------------------------------------------------
 Breakdown of PME mesh computation
-----------------------------------------------------------------------------
 PME spread             1    8      50001      81.573       1174.647   5.6
 PME gather             1    8      50001      64.058        922.441   4.4
 PME 3D-FFT             1    8     100002      31.253        450.041   2.1
 PME solve Elec         1    8      50001       2.596         37.383   0.2
-----------------------------------------------------------------------------

               Core t (s)   Wall t (s)        (%)
       Time:    11709.993     1463.751      800.0
                 (ns/day)    (hour/ns)
Performance:        5.903        4.066
Finished mdrun on rank 0 Thu Oct 29 14:39:08 2020

