              :-) GROMACS - gmx mdrun, 2020.1-Ubuntu-2020.1-1 (-:

                            GROMACS is written by:
     Emile Apol      Rossen Apostolov      Paul Bauer     Herman J.C. Berendsen
    Par Bjelkmar      Christian Blau   Viacheslav Bolnykh     Kevin Boyd    
 Aldert van Buuren   Rudi van Drunen     Anton Feenstra       Alan Gray     
  Gerrit Groenhof     Anca Hamuraru    Vincent Hindriksen  M. Eric Irrgang  
  Aleksei Iupinov   Christoph Junghans     Joe Jordan     Dimitrios Karkoulis
    Peter Kasson        Jiri Kraus      Carsten Kutzner      Per Larsson    
  Justin A. Lemkul    Viveca Lindahl    Magnus Lundborg     Erik Marklund   
    Pascal Merz     Pieter Meulenhoff    Teemu Murtola       Szilard Pall   
    Sander Pronk      Roland Schulz      Michael Shirts    Alexey Shvetsov  
   Alfons Sijbers     Peter Tieleman      Jon Vincent      Teemu Virolainen 
 Christian Wennberg    Maarten Wolf      Artem Zhmurov   
                           and the project leaders:
        Mark Abraham, Berk Hess, Erik Lindahl, and David van der Spoel

Copyright (c) 1991-2000, University of Groningen, The Netherlands.
Copyright (c) 2001-2019, The GROMACS development team at
Uppsala University, Stockholm University and
the Royal Institute of Technology, Sweden.
check out http://www.gromacs.org for more information.

GROMACS is free software; you can redistribute it and/or modify it
under the terms of the GNU Lesser General Public License
as published by the Free Software Foundation; either version 2.1
of the License, or (at your option) any later version.

GROMACS:      gmx mdrun, version 2020.1-Ubuntu-2020.1-1
Executable:   /usr/bin/gmx
Data prefix:  /usr
Working dir:  /mnt/d/Textbook-Sem7/BT5420 Computer Simulations of Biomolecular Systems/Assignments/Project/FINAL/FINAL2
Process ID:   351
Command line:
  gmx mdrun -nt 8 -v -deffnm npt500

GROMACS version:    2020.1-Ubuntu-2020.1-1
Precision:          single
Memory model:       64 bit
MPI library:        thread_mpi
OpenMP support:     enabled (GMX_OPENMP_MAX_THREADS = 64)
GPU support:        disabled
SIMD instructions:  SSE2
FFT library:        fftw-3.3.8-sse2-avx
RDTSCP usage:       disabled
TNG support:        enabled
Hwloc support:      hwloc-2.1.0
Tracing support:    disabled
C compiler:         /usr/bin/cc GNU 9.3.0
C compiler flags:   -msse2 -fexcess-precision=fast -funroll-all-loops
C++ compiler:       /usr/bin/c++ GNU 9.3.0
C++ compiler flags: -msse2 -fexcess-precision=fast -funroll-all-loops -fopenmp


Running on 1 node with total 4 cores, 8 logical cores
Hardware detected:
  CPU info:
    Vendor: Intel
    Brand:  Intel(R) Core(TM) i5-8265U CPU @ 1.60GHz
    Family: 6   Model: 142   Stepping: 11
    Features: aes apic avx avx2 clfsh cmov cx8 cx16 f16c fma htt intel lahf mmx msr nonstop_tsc pcid pclmuldq pdcm pdpe1gb popcnt pse rdrnd rdtscp sse2 sse3 sse4.1 sse4.2 ssse3 tdt x2apic
  Hardware topology: Basic
    Sockets, cores, and logical processors:
      Socket  0: [   0   1] [   2   3] [   4   5] [   6   7]

Highest SIMD level requested by all nodes in run: AVX2_256
SIMD instructions selected at compile time:       SSE2
This program was compiled for different hardware than you are running on,
which could influence performance.
The current CPU can measure timings more accurately than the code in
gmx mdrun was configured to use. This might affect your simulation
speed as accurate timings are needed for load-balancing.
Please consider rebuilding gmx mdrun with the GMX_USE_RDTSCP=ON CMake option.

++++ PLEASE READ AND CITE THE FOLLOWING REFERENCE ++++
M. J. Abraham, T. Murtola, R. Schulz, S. Páll, J. C. Smith, B. Hess, E.
Lindahl
GROMACS: High performance molecular simulations through multi-level
parallelism from laptops to supercomputers
SoftwareX 1 (2015) pp. 19-25
-------- -------- --- Thank You --- -------- --------


++++ PLEASE READ AND CITE THE FOLLOWING REFERENCE ++++
S. Páll, M. J. Abraham, C. Kutzner, B. Hess, E. Lindahl
Tackling Exascale Software Challenges in Molecular Dynamics Simulations with
GROMACS
In S. Markidis & E. Laure (Eds.), Solving Software Challenges for Exascale 8759 (2015) pp. 3-27
-------- -------- --- Thank You --- -------- --------


++++ PLEASE READ AND CITE THE FOLLOWING REFERENCE ++++
S. Pronk, S. Páll, R. Schulz, P. Larsson, P. Bjelkmar, R. Apostolov, M. R.
Shirts, J. C. Smith, P. M. Kasson, D. van der Spoel, B. Hess, and E. Lindahl
GROMACS 4.5: a high-throughput and highly parallel open source molecular
simulation toolkit
Bioinformatics 29 (2013) pp. 845-54
-------- -------- --- Thank You --- -------- --------


++++ PLEASE READ AND CITE THE FOLLOWING REFERENCE ++++
B. Hess and C. Kutzner and D. van der Spoel and E. Lindahl
GROMACS 4: Algorithms for highly efficient, load-balanced, and scalable
molecular simulation
J. Chem. Theory Comput. 4 (2008) pp. 435-447
-------- -------- --- Thank You --- -------- --------


++++ PLEASE READ AND CITE THE FOLLOWING REFERENCE ++++
D. van der Spoel, E. Lindahl, B. Hess, G. Groenhof, A. E. Mark and H. J. C.
Berendsen
GROMACS: Fast, Flexible and Free
J. Comp. Chem. 26 (2005) pp. 1701-1719
-------- -------- --- Thank You --- -------- --------


++++ PLEASE READ AND CITE THE FOLLOWING REFERENCE ++++
E. Lindahl and B. Hess and D. van der Spoel
GROMACS 3.0: A package for molecular simulation and trajectory analysis
J. Mol. Mod. 7 (2001) pp. 306-317
-------- -------- --- Thank You --- -------- --------


++++ PLEASE READ AND CITE THE FOLLOWING REFERENCE ++++
H. J. C. Berendsen, D. van der Spoel and R. van Drunen
GROMACS: A message-passing parallel molecular dynamics implementation
Comp. Phys. Comm. 91 (1995) pp. 43-56
-------- -------- --- Thank You --- -------- --------

Input Parameters:
   integrator                     = md
   tinit                          = 0
   dt                             = 0.002
   nsteps                         = 12500
   init-step                      = 0
   simulation-part                = 1
   comm-mode                      = Linear
   nstcomm                        = 100
   bd-fric                        = 0
   ld-seed                        = 32987776
   emtol                          = 10
   emstep                         = 0.01
   niter                          = 20
   fcstep                         = 0
   nstcgsteep                     = 1000
   nbfgscorr                      = 10
   rtpi                           = 0.05
   nstxout                        = 0
   nstvout                        = 0
   nstfout                        = 0
   nstlog                         = 500
   nstcalcenergy                  = 100
   nstenergy                      = 500
   nstxout-compressed             = 0
   compressed-x-precision         = 1000
   cutoff-scheme                  = Verlet
   nstlist                        = 10
   pbc                            = xyz
   periodic-molecules             = false
   verlet-buffer-tolerance        = 0.005
   rlist                          = 1.2
   coulombtype                    = PME
   coulomb-modifier               = Potential-shift
   rcoulomb-switch                = 0
   rcoulomb                       = 1.2
   epsilon-r                      = 1
   epsilon-rf                     = inf
   vdw-type                       = Cut-off
   vdw-modifier                   = Force-switch
   rvdw-switch                    = 1
   rvdw                           = 1.2
   DispCorr                       = EnerPres
   table-extension                = 1
   fourierspacing                 = 0.16
   fourier-nx                     = 36
   fourier-ny                     = 52
   fourier-nz                     = 32
   pme-order                      = 4
   ewald-rtol                     = 1e-05
   ewald-rtol-lj                  = 0.001
   lj-pme-comb-rule               = Geometric
   ewald-geometry                 = 0
   epsilon-surface                = 0
   tcoupl                         = V-rescale
   nsttcouple                     = 10
   nh-chain-length                = 0
   print-nose-hoover-chain-variables = false
   pcoupl                         = Parrinello-Rahman
   pcoupltype                     = Isotropic
   nstpcouple                     = 10
   tau-p                          = 2
   compressibility (3x3):
      compressibility[    0]={ 4.50000e-05,  0.00000e+00,  0.00000e+00}
      compressibility[    1]={ 0.00000e+00,  4.50000e-05,  0.00000e+00}
      compressibility[    2]={ 0.00000e+00,  0.00000e+00,  4.50000e-05}
   ref-p (3x3):
      ref-p[    0]={ 1.01325e+00,  0.00000e+00,  0.00000e+00}
      ref-p[    1]={ 0.00000e+00,  1.01325e+00,  0.00000e+00}
      ref-p[    2]={ 0.00000e+00,  0.00000e+00,  1.01325e+00}
   refcoord-scaling               = COM
   posres-com (3):
      posres-com[0]= 7.49461e-01
      posres-com[1]= 4.97102e-01
      posres-com[2]= 4.32812e-01
   posres-comB (3):
      posres-comB[0]= 7.49461e-01
      posres-comB[1]= 4.97102e-01
      posres-comB[2]= 4.32812e-01
   QMMM                           = false
   QMconstraints                  = 0
   QMMMscheme                     = 0
   MMChargeScaleFactor            = 1
qm-opts:
   ngQM                           = 0
   constraint-algorithm           = Lincs
   continuation                   = true
   Shake-SOR                      = false
   shake-tol                      = 0.0001
   lincs-order                    = 4
   lincs-iter                     = 1
   lincs-warnangle                = 30
   nwall                          = 0
   wall-type                      = 9-3
   wall-r-linpot                  = -1
   wall-atomtype[0]               = -1
   wall-atomtype[1]               = -1
   wall-density[0]                = 0
   wall-density[1]                = 0
   wall-ewald-zfac                = 3
   pull                           = false
   awh                            = false
   rotation                       = false
   interactiveMD                  = false
   disre                          = No
   disre-weighting                = Conservative
   disre-mixed                    = false
   dr-fc                          = 1000
   dr-tau                         = 0
   nstdisreout                    = 100
   orire-fc                       = 0
   orire-tau                      = 0
   nstorireout                    = 100
   free-energy                    = no
   cos-acceleration               = 0
   deform (3x3):
      deform[    0]={ 0.00000e+00,  0.00000e+00,  0.00000e+00}
      deform[    1]={ 0.00000e+00,  0.00000e+00,  0.00000e+00}
      deform[    2]={ 0.00000e+00,  0.00000e+00,  0.00000e+00}
   simulated-tempering            = false
   swapcoords                     = no
   userint1                       = 0
   userint2                       = 0
   userint3                       = 0
   userint4                       = 0
   userreal1                      = 0
   userreal2                      = 0
   userreal3                      = 0
   userreal4                      = 0
   applied-forces:
     electric-field:
       x:
         E0                       = 0
         omega                    = 0
         t0                       = 0
         sigma                    = 0
       y:
         E0                       = 0
         omega                    = 0
         t0                       = 0
         sigma                    = 0
       z:
         E0                       = 0
         omega                    = 0
         t0                       = 0
         sigma                    = 0
     density-guided-simulation:
       active                     = false
       group                      = protein
       similarity-measure         = inner-product
       atom-spreading-weight      = unity
       force-constant             = 1e+09
       gaussian-transform-spreading-width = 0.2
       gaussian-transform-spreading-range-in-multiples-of-width = 4
       reference-density-filename = reference.mrc
       nst                        = 1
       normalize-densities        = true
       adaptive-force-scaling     = false
       adaptive-force-scaling-time-constant = 4
grpopts:
   nrdf:     7757.44     33498.6
   ref-t:         300         300
   tau-t:         0.5         0.5
annealing:          No          No
annealing-npoints:           0           0
   acc:	           0           0           0
   nfreeze:           N           N           N
   energygrp-flags[  0]: 0

Changing nstlist from 10 to 100, rlist from 1.2 to 1.332


Using 1 MPI thread

Non-default thread affinity set, disabling internal thread affinity

Using 8 OpenMP threads 

System total charge: 0.000
Will do PME sum in reciprocal space for electrostatic interactions.

++++ PLEASE READ AND CITE THE FOLLOWING REFERENCE ++++
U. Essmann, L. Perera, M. L. Berkowitz, T. Darden, H. Lee and L. G. Pedersen 
A smooth particle mesh Ewald method
J. Chem. Phys. 103 (1995) pp. 8577-8592
-------- -------- --- Thank You --- -------- --------

Using a Gaussian width (1/beta) of 0.384195 nm for Ewald
Potential shift: LJ r^-12: -2.648e-01 r^-6: -5.349e-01, Ewald -8.333e-06
Initialized non-bonded Coulomb Ewald tables, spacing: 1.02e-03 size: 1176

Generated table with 1166 data points for 1-4 COUL.
Tabscale = 500 points/nm
Generated table with 1166 data points for 1-4 LJ6.
Tabscale = 500 points/nm
Generated table with 1166 data points for 1-4 LJ12.
Tabscale = 500 points/nm

Using SIMD 4x4 nonbonded short-range kernels

Using a dual 4x4 pair-list setup updated with dynamic pruning:
  outer list: updated every 100 steps, buffer 0.132 nm, rlist 1.332 nm
  inner list: updated every  14 steps, buffer 0.001 nm, rlist 1.201 nm
At tolerance 0.005 kJ/mol/ps per atom, equivalent classical 1x1 list would be:
  outer list: updated every 100 steps, buffer 0.286 nm, rlist 1.486 nm
  inner list: updated every  14 steps, buffer 0.054 nm, rlist 1.254 nm

Long Range LJ corr.: <C6> 3.6998e-04


Initializing LINear Constraint Solver

++++ PLEASE READ AND CITE THE FOLLOWING REFERENCE ++++
B. Hess and H. Bekker and H. J. C. Berendsen and J. G. E. M. Fraaije
LINCS: A Linear Constraint Solver for molecular simulations
J. Comp. Chem. 18 (1997) pp. 1463-1472
-------- -------- --- Thank You --- -------- --------

The number of constraints is 3933

++++ PLEASE READ AND CITE THE FOLLOWING REFERENCE ++++
S. Miyamoto and P. A. Kollman
SETTLE: An Analytical Version of the SHAKE and RATTLE Algorithms for Rigid
Water Models
J. Comp. Chem. 13 (1992) pp. 952-962
-------- -------- --- Thank You --- -------- --------


++++ PLEASE READ AND CITE THE FOLLOWING REFERENCE ++++
G. Bussi, D. Donadio and M. Parrinello
Canonical sampling through velocity rescaling
J. Chem. Phys. 126 (2007) pp. 014101
-------- -------- --- Thank You --- -------- --------

There are: 20625 Atoms
Center of mass motion removal mode is Linear
We have the following groups for center of mass motion removal:
  0:  rest

Started mdrun on rank 0 Mon Dec 14 03:10:07 2020

           Step           Time
              0        0.00000

   Energies (kJ/mol)
          Angle    Proper Dih.  Improper Dih.          LJ-14     Coulomb-14
    9.77215e+03    1.03739e+04    5.81091e+02    4.24893e+03    3.63827e+04
        LJ (SR)  Disper. corr.   Coulomb (SR)   Coul. recip. Position Rest.
    2.70996e+04   -2.34015e+03   -3.58719e+05    1.47211e+03    1.24167e-01
      Potential    Kinetic En.   Total Energy  Conserved En.    Temperature
   -2.71128e+05    5.12613e+04   -2.19867e+05   -2.19855e+05    2.98881e+02
 Pres. DC (bar) Pressure (bar)   Constr. rmsd
   -1.90273e+02   -6.63605e+01    4.75813e-05

           Step           Time
            500        1.00000

   Energies (kJ/mol)
          Angle    Proper Dih.  Improper Dih.          LJ-14     Coulomb-14
    9.71747e+03    1.02820e+04    5.69757e+02    4.20888e+03    3.63898e+04
        LJ (SR)  Disper. corr.   Coulomb (SR)   Coul. recip. Position Rest.
    2.69387e+04   -2.34196e+03   -3.59069e+05    1.41561e+03    8.87974e+02
      Potential    Kinetic En.   Total Energy  Conserved En.    Temperature
   -2.71001e+05    5.18492e+04   -2.19152e+05   -2.19893e+05    3.02309e+02
 Pres. DC (bar) Pressure (bar)   Constr. rmsd
   -1.90568e+02   -1.86423e+02    3.84026e-05

           Step           Time
           1000        2.00000

   Energies (kJ/mol)
          Angle    Proper Dih.  Improper Dih.          LJ-14     Coulomb-14
    9.63572e+03    1.02347e+04    4.95650e+02    4.21981e+03    3.64235e+04
        LJ (SR)  Disper. corr.   Coulomb (SR)   Coul. recip. Position Rest.
    2.77376e+04   -2.34593e+03   -3.59224e+05    1.45261e+03    1.09755e+03
      Potential    Kinetic En.   Total Energy  Conserved En.    Temperature
   -2.70273e+05    5.16552e+04   -2.18617e+05   -2.19923e+05    3.01178e+02
 Pres. DC (bar) Pressure (bar)   Constr. rmsd
   -1.91215e+02    2.10650e+02    3.80689e-05

           Step           Time
           1500        3.00000

   Energies (kJ/mol)
          Angle    Proper Dih.  Improper Dih.          LJ-14     Coulomb-14
    9.59737e+03    1.02815e+04    5.64804e+02    4.25762e+03    3.64540e+04
        LJ (SR)  Disper. corr.   Coulomb (SR)   Coul. recip. Position Rest.
    2.73312e+04   -2.33958e+03   -3.59501e+05    1.33473e+03    1.09434e+03
      Potential    Kinetic En.   Total Energy  Conserved En.    Temperature
   -2.70925e+05    5.20005e+04   -2.18924e+05   -2.19992e+05    3.03191e+02
 Pres. DC (bar) Pressure (bar)   Constr. rmsd
   -1.90182e+02   -1.51028e+02    3.59604e-05

           Step           Time
           2000        4.00000

   Energies (kJ/mol)
          Angle    Proper Dih.  Improper Dih.          LJ-14     Coulomb-14
    9.84792e+03    1.02398e+04    5.44950e+02    4.28229e+03    3.65260e+04
        LJ (SR)  Disper. corr.   Coulomb (SR)   Coul. recip. Position Rest.
    2.70339e+04   -2.35277e+03   -3.59895e+05    1.38611e+03    1.07483e+03
      Potential    Kinetic En.   Total Energy  Conserved En.    Temperature
   -2.71312e+05    5.12866e+04   -2.20026e+05   -2.20014e+05    2.99028e+02
 Pres. DC (bar) Pressure (bar)   Constr. rmsd
   -1.92330e+02   -2.48227e+02    4.11219e-05

           Step           Time
           2500        5.00000

   Energies (kJ/mol)
          Angle    Proper Dih.  Improper Dih.          LJ-14     Coulomb-14
    9.49816e+03    1.03152e+04    5.68680e+02    4.22919e+03    3.67545e+04
        LJ (SR)  Disper. corr.   Coulomb (SR)   Coul. recip. Position Rest.
    2.82725e+04   -2.34385e+03   -3.61118e+05    1.32070e+03    1.03268e+03
      Potential    Kinetic En.   Total Energy  Conserved En.    Temperature
   -2.71471e+05    5.18441e+04   -2.19627e+05   -2.20095e+05    3.02279e+02
 Pres. DC (bar) Pressure (bar)   Constr. rmsd
   -1.90876e+02    2.41907e+02    4.17481e-05

           Step           Time
           3000        6.00000

   Energies (kJ/mol)
          Angle    Proper Dih.  Improper Dih.          LJ-14     Coulomb-14
    9.11736e+03    1.02912e+04    5.45400e+02    4.24260e+03    3.67422e+04
        LJ (SR)  Disper. corr.   Coulomb (SR)   Coul. recip. Position Rest.
    2.67245e+04   -2.31983e+03   -3.58494e+05    1.42437e+03    1.13663e+03
      Potential    Kinetic En.   Total Energy  Conserved En.    Temperature
   -2.70589e+05    5.10719e+04   -2.19518e+05   -2.20128e+05    2.97777e+02
 Pres. DC (bar) Pressure (bar)   Constr. rmsd
   -1.86987e+02   -3.17047e+02    3.74631e-05

           Step           Time
           3500        7.00000

   Energies (kJ/mol)
          Angle    Proper Dih.  Improper Dih.          LJ-14     Coulomb-14
    9.45770e+03    1.02464e+04    5.46919e+02    4.25809e+03    3.65400e+04
        LJ (SR)  Disper. corr.   Coulomb (SR)   Coul. recip. Position Rest.
    2.81293e+04   -2.36252e+03   -3.61438e+05    1.38194e+03    1.09811e+03
      Potential    Kinetic En.   Total Energy  Conserved En.    Temperature
   -2.72142e+05    5.17586e+04   -2.20383e+05   -2.20150e+05    3.01781e+02
 Pres. DC (bar) Pressure (bar)   Constr. rmsd
   -1.93926e+02    3.79697e+02    3.80223e-05

           Step           Time
           4000        8.00000

   Energies (kJ/mol)
          Angle    Proper Dih.  Improper Dih.          LJ-14     Coulomb-14
    9.49064e+03    1.02596e+04    5.58718e+02    4.20980e+03    3.65075e+04
        LJ (SR)  Disper. corr.   Coulomb (SR)   Coul. recip. Position Rest.
    2.74159e+04   -2.32896e+03   -3.60268e+05    1.33734e+03    1.15820e+03
      Potential    Kinetic En.   Total Energy  Conserved En.    Temperature
   -2.71659e+05    5.14468e+04   -2.20212e+05   -2.20182e+05    2.99963e+02
 Pres. DC (bar) Pressure (bar)   Constr. rmsd
   -1.88460e+02   -6.21822e+01    3.80711e-05

           Step           Time
           4500        9.00000

   Energies (kJ/mol)
          Angle    Proper Dih.  Improper Dih.          LJ-14     Coulomb-14
    9.38156e+03    1.01382e+04    4.88094e+02    4.23994e+03    3.65831e+04
        LJ (SR)  Disper. corr.   Coulomb (SR)   Coul. recip. Position Rest.
    2.79896e+04   -2.34648e+03   -3.61109e+05    1.35861e+03    1.19165e+03
      Potential    Kinetic En.   Total Energy  Conserved En.    Temperature
   -2.72084e+05    5.15134e+04   -2.20571e+05   -2.20219e+05    3.00351e+02
 Pres. DC (bar) Pressure (bar)   Constr. rmsd
   -1.91304e+02    4.72311e+01    3.55622e-05

           Step           Time
           5000       10.00000

   Energies (kJ/mol)
          Angle    Proper Dih.  Improper Dih.          LJ-14     Coulomb-14
    9.61241e+03    1.02086e+04    5.58016e+02    4.23320e+03    3.67265e+04
        LJ (SR)  Disper. corr.   Coulomb (SR)   Coul. recip. Position Rest.
    2.67842e+04   -2.33327e+03   -3.59454e+05    1.31141e+03    1.17352e+03
      Potential    Kinetic En.   Total Energy  Conserved En.    Temperature
   -2.71180e+05    5.21393e+04   -2.19041e+05   -2.20270e+05    3.04000e+02
 Pres. DC (bar) Pressure (bar)   Constr. rmsd
   -1.89158e+02   -4.77113e+02    4.08589e-05

           Step           Time
           5500       11.00000

   Energies (kJ/mol)
          Angle    Proper Dih.  Improper Dih.          LJ-14     Coulomb-14
    9.84370e+03    1.00832e+04    4.77121e+02    4.21706e+03    3.64030e+04
        LJ (SR)  Disper. corr.   Coulomb (SR)   Coul. recip. Position Rest.
    2.81738e+04   -2.33865e+03   -3.60505e+05    1.33250e+03    1.07534e+03
      Potential    Kinetic En.   Total Energy  Conserved En.    Temperature
   -2.71238e+05    5.24119e+04   -2.18826e+05   -2.20308e+05    3.05590e+02
 Pres. DC (bar) Pressure (bar)   Constr. rmsd
   -1.90031e+02    1.15316e+02    4.01783e-05

           Step           Time
           6000       12.00000

   Energies (kJ/mol)
          Angle    Proper Dih.  Improper Dih.          LJ-14     Coulomb-14
    9.82339e+03    1.01805e+04    5.23695e+02    4.18437e+03    3.63725e+04
        LJ (SR)  Disper. corr.   Coulomb (SR)   Coul. recip. Position Rest.
    2.70217e+04   -2.33440e+03   -3.58675e+05    1.36513e+03    1.11376e+03
      Potential    Kinetic En.   Total Energy  Conserved En.    Temperature
   -2.70425e+05    5.22253e+04   -2.18199e+05   -2.20372e+05    3.04502e+02
 Pres. DC (bar) Pressure (bar)   Constr. rmsd
   -1.89340e+02   -3.01743e+02    4.22296e-05

           Step           Time
           6500       13.00000

   Energies (kJ/mol)
          Angle    Proper Dih.  Improper Dih.          LJ-14     Coulomb-14
    9.61229e+03    1.02269e+04    5.18198e+02    4.17725e+03    3.64116e+04
        LJ (SR)  Disper. corr.   Coulomb (SR)   Coul. recip. Position Rest.
    2.76484e+04   -2.34930e+03   -3.60123e+05    1.39030e+03    1.07976e+03
      Potential    Kinetic En.   Total Energy  Conserved En.    Temperature
   -2.71408e+05    5.18612e+04   -2.19547e+05   -2.20433e+05    3.02379e+02
 Pres. DC (bar) Pressure (bar)   Constr. rmsd
   -1.91764e+02   -2.30930e+02    4.24368e-05

           Step           Time
           7000       14.00000

   Energies (kJ/mol)
          Angle    Proper Dih.  Improper Dih.          LJ-14     Coulomb-14
    9.57495e+03    1.02781e+04    5.32856e+02    4.17876e+03    3.65684e+04
        LJ (SR)  Disper. corr.   Coulomb (SR)   Coul. recip. Position Rest.
    2.77819e+04   -2.32919e+03   -3.60721e+05    1.38315e+03    1.10905e+03
      Potential    Kinetic En.   Total Energy  Conserved En.    Temperature
   -2.71643e+05    5.12716e+04   -2.20372e+05   -2.20464e+05    2.98941e+02
 Pres. DC (bar) Pressure (bar)   Constr. rmsd
   -1.88498e+02   -3.62685e+02    4.10536e-05

           Step           Time
           7500       15.00000

   Energies (kJ/mol)
          Angle    Proper Dih.  Improper Dih.          LJ-14     Coulomb-14
    9.73509e+03    1.03317e+04    5.05182e+02    4.24238e+03    3.66671e+04
        LJ (SR)  Disper. corr.   Coulomb (SR)   Coul. recip. Position Rest.
    2.75171e+04   -2.34723e+03   -3.60080e+05    1.34339e+03    1.03814e+03
      Potential    Kinetic En.   Total Energy  Conserved En.    Temperature
   -2.71047e+05    5.17599e+04   -2.19287e+05   -2.20506e+05    3.01788e+02
 Pres. DC (bar) Pressure (bar)   Constr. rmsd
   -1.91427e+02    2.39695e+02    3.51013e-05

           Step           Time
           8000       16.00000

   Energies (kJ/mol)
          Angle    Proper Dih.  Improper Dih.          LJ-14     Coulomb-14
    9.51179e+03    1.01479e+04    5.39770e+02    4.31158e+03    3.65863e+04
        LJ (SR)  Disper. corr.   Coulomb (SR)   Coul. recip. Position Rest.
    2.69203e+04   -2.33281e+03   -3.59726e+05    1.41236e+03    1.11562e+03
      Potential    Kinetic En.   Total Energy  Conserved En.    Temperature
   -2.71513e+05    5.13911e+04   -2.20122e+05   -2.20546e+05    2.99638e+02
 Pres. DC (bar) Pressure (bar)   Constr. rmsd
   -1.89084e+02   -3.05352e+02    3.78015e-05

           Step           Time
           8500       17.00000

   Energies (kJ/mol)
          Angle    Proper Dih.  Improper Dih.          LJ-14     Coulomb-14
    9.49437e+03    1.01427e+04    5.34194e+02    4.19621e+03    3.64232e+04
        LJ (SR)  Disper. corr.   Coulomb (SR)   Coul. recip. Position Rest.
    2.70725e+04   -2.33465e+03   -3.59329e+05    1.40504e+03    1.07541e+03
      Potential    Kinetic En.   Total Energy  Conserved En.    Temperature
   -2.71320e+05    5.18637e+04   -2.19456e+05   -2.20604e+05    3.02393e+02
 Pres. DC (bar) Pressure (bar)   Constr. rmsd
   -1.89381e+02   -3.97758e+02    4.14048e-05

           Step           Time
           9000       18.00000

   Energies (kJ/mol)
          Angle    Proper Dih.  Improper Dih.          LJ-14     Coulomb-14
    9.65994e+03    1.02500e+04    5.06557e+02    4.29447e+03    3.65477e+04
        LJ (SR)  Disper. corr.   Coulomb (SR)   Coul. recip. Position Rest.
    2.73123e+04   -2.33850e+03   -3.59667e+05    1.42509e+03    1.19948e+03
      Potential    Kinetic En.   Total Energy  Conserved En.    Temperature
   -2.70810e+05    5.22006e+04   -2.18610e+05   -2.20639e+05    3.04358e+02
 Pres. DC (bar) Pressure (bar)   Constr. rmsd
   -1.90006e+02   -6.90687e+01    3.97628e-05

           Step           Time
           9500       19.00000

   Energies (kJ/mol)
          Angle    Proper Dih.  Improper Dih.          LJ-14     Coulomb-14
    9.46600e+03    1.01937e+04    4.94933e+02    4.32224e+03    3.67402e+04
        LJ (SR)  Disper. corr.   Coulomb (SR)   Coul. recip. Position Rest.
    2.73087e+04   -2.34256e+03   -3.59903e+05    1.37529e+03    1.08963e+03
      Potential    Kinetic En.   Total Energy  Conserved En.    Temperature
   -2.71255e+05    5.13431e+04   -2.19912e+05   -2.20676e+05    2.99358e+02
 Pres. DC (bar) Pressure (bar)   Constr. rmsd
   -1.90666e+02    4.74140e+01    3.65337e-05

           Step           Time
          10000       20.00000

   Energies (kJ/mol)
          Angle    Proper Dih.  Improper Dih.          LJ-14     Coulomb-14
    9.49821e+03    1.01606e+04    4.79392e+02    4.23564e+03    3.64868e+04
        LJ (SR)  Disper. corr.   Coulomb (SR)   Coul. recip. Position Rest.
    2.70839e+04   -2.33958e+03   -3.59669e+05    1.34749e+03    1.05941e+03
      Potential    Kinetic En.   Total Energy  Conserved En.    Temperature
   -2.71657e+05    5.17534e+04   -2.19904e+05   -2.20721e+05    3.01750e+02
 Pres. DC (bar) Pressure (bar)   Constr. rmsd
   -1.90182e+02   -3.08190e+02    3.86074e-05

           Step           Time
          10500       21.00000

   Energies (kJ/mol)
          Angle    Proper Dih.  Improper Dih.          LJ-14     Coulomb-14
    9.52404e+03    1.01727e+04    5.14134e+02    4.16593e+03    3.66350e+04
        LJ (SR)  Disper. corr.   Coulomb (SR)   Coul. recip. Position Rest.
    2.78822e+04   -2.35439e+03   -3.60993e+05    1.41588e+03    1.08774e+03
      Potential    Kinetic En.   Total Energy  Conserved En.    Temperature
   -2.71950e+05    5.12518e+04   -2.20698e+05   -2.20763e+05    2.98826e+02
 Pres. DC (bar) Pressure (bar)   Constr. rmsd
   -1.92595e+02    8.50588e+01    3.91642e-05

           Step           Time
          11000       22.00000

   Energies (kJ/mol)
          Angle    Proper Dih.  Improper Dih.          LJ-14     Coulomb-14
    9.44376e+03    1.02793e+04    5.11591e+02    4.29892e+03    3.66746e+04
        LJ (SR)  Disper. corr.   Coulomb (SR)   Coul. recip. Position Rest.
    2.68876e+04   -2.33641e+03   -3.59396e+05    1.37608e+03    1.05812e+03
      Potential    Kinetic En.   Total Energy  Conserved En.    Temperature
   -2.71203e+05    5.16028e+04   -2.19600e+05   -2.20820e+05    3.00872e+02
 Pres. DC (bar) Pressure (bar)   Constr. rmsd
   -1.89667e+02   -1.36306e+02    3.65251e-05

           Step           Time
          11500       23.00000

   Energies (kJ/mol)
          Angle    Proper Dih.  Improper Dih.          LJ-14     Coulomb-14
    9.33370e+03    1.01447e+04    5.07909e+02    4.23724e+03    3.66023e+04
        LJ (SR)  Disper. corr.   Coulomb (SR)   Coul. recip. Position Rest.
    2.80187e+04   -2.34475e+03   -3.61342e+05    1.38037e+03    9.98746e+02
      Potential    Kinetic En.   Total Energy  Conserved En.    Temperature
   -2.72463e+05    5.17215e+04   -2.20741e+05   -2.20868e+05    3.01564e+02
 Pres. DC (bar) Pressure (bar)   Constr. rmsd
   -1.91023e+02    1.80611e+02    3.77537e-05

           Step           Time
          12000       24.00000

   Energies (kJ/mol)
          Angle    Proper Dih.  Improper Dih.          LJ-14     Coulomb-14
    9.57681e+03    1.02498e+04    5.02775e+02    4.25699e+03    3.65136e+04
        LJ (SR)  Disper. corr.   Coulomb (SR)   Coul. recip. Position Rest.
    2.70717e+04   -2.34333e+03   -3.59170e+05    1.38637e+03    1.09626e+03
      Potential    Kinetic En.   Total Energy  Conserved En.    Temperature
   -2.70859e+05    5.13875e+04   -2.19472e+05   -2.20914e+05    2.99617e+02
 Pres. DC (bar) Pressure (bar)   Constr. rmsd
   -1.90790e+02    4.95868e+01    3.86595e-05

           Step           Time
          12500       25.00000

Writing checkpoint, step 12500 at Mon Dec 14 03:13:27 2020


   Energies (kJ/mol)
          Angle    Proper Dih.  Improper Dih.          LJ-14     Coulomb-14
    9.40350e+03    1.02785e+04    5.30372e+02    4.18845e+03    3.64366e+04
        LJ (SR)  Disper. corr.   Coulomb (SR)   Coul. recip. Position Rest.
    2.85157e+04   -2.33910e+03   -3.61193e+05    1.40205e+03    1.03197e+03
      Potential    Kinetic En.   Total Energy  Conserved En.    Temperature
   -2.71745e+05    5.09257e+04   -2.20820e+05   -2.20943e+05    2.96924e+02
 Pres. DC (bar) Pressure (bar)   Constr. rmsd
   -1.90103e+02    2.24228e+01    3.95226e-05


	<======  ###############  ==>
	<====  A V E R A G E S  ====>
	<==  ###############  ======>

	Statistics over 12501 steps using 126 frames

   Energies (kJ/mol)
          Angle    Proper Dih.  Improper Dih.          LJ-14     Coulomb-14
    9.54153e+03    1.02301e+04    5.29345e+02    4.23829e+03    3.65402e+04
        LJ (SR)  Disper. corr.   Coulomb (SR)   Coul. recip. Position Rest.
    2.73348e+04   -2.34046e+03   -3.59791e+05    1.38402e+03    1.06909e+03
      Potential    Kinetic En.   Total Energy  Conserved En.    Temperature
   -2.71264e+05    5.15964e+04   -2.19667e+05   -2.20398e+05    3.00835e+02
 Pres. DC (bar) Pressure (bar)   Constr. rmsd
   -1.90327e+02   -7.18139e+01    0.00000e+00

          Box-X          Box-Y          Box-Z
    5.47306e+00    8.22950e+00    4.53767e+00

   Total Virial (kJ/mol)
    1.79439e+04    3.07465e+02    3.15275e+02
    3.08401e+02    1.87385e+04    4.02165e+02
    3.15806e+02    4.01639e+02    1.62452e+04

   Pressure (bar)
   -1.13321e+02   -5.08271e+01   -5.21842e+01
   -5.09800e+01   -2.49635e+02   -6.97407e+01
   -5.22708e+01   -6.96554e+01    1.47514e+02

      T-Protein  T-non-Protein
    3.01030e+02    3.00790e+02


	M E G A - F L O P S   A C C O U N T I N G

 NB=Group-cutoff nonbonded kernels    NxN=N-by-N cluster Verlet kernels
 RF=Reaction-Field  VdW=Van der Waals  QSTab=quadratic-spline table
 W3=SPC/TIP3p  W4=TIP4p (single or pairs)
 V&F=Potential and force  V=Potential only  F=Force only

 Computing:                               M-Number         M-Flops  % Flops
-----------------------------------------------------------------------------
 Pair Search distance check            1162.074402       10458.670     0.1
 NxN QSTab Elec. + LJ [F]            125902.825488     6672849.751    65.8
 NxN QSTab Elec. + LJ [V&F]            1281.943056      103837.388     1.0
 NxN QSTab Elec. [F]                  84677.593968     2879038.195    28.4
 NxN QSTab Elec. [V&F]                  862.186160       35349.633     0.3
 1,4 nonbonded interactions             128.035242       11523.172     0.1
 Calc Weights                           773.499375       27845.978     0.3
 Spread Q Bspline                     16501.320000       33002.640     0.3
 Gather F Bspline                     16501.320000       99007.920     1.0
 3D-FFT                               23769.351396      190154.811     1.9
 Solve PME                               23.401872        1497.720     0.0
 Shift-X                                  2.598750          15.592     0.0
 Angles                                  88.857108       14927.994     0.1
 Propers                                136.923453       31355.471     0.3
 Impropers                                9.463257        1968.357     0.0
 Pos. Restr.                             24.301944        1215.097     0.0
 Virial                                  25.858170         465.447     0.0
 Stop-CM                                  2.598750          25.987     0.0
 Calc-Ekin                               51.603750        1393.301     0.0
 Lincs                                   49.166433        2949.986     0.0
 Lincs-Mat                             1066.285296        4265.141     0.0
 Constraint-V                           306.887049        2455.096     0.0
 Constraint-Vir                          25.790616         618.975     0.0
 Settle                                  69.518061       22454.334     0.2
-----------------------------------------------------------------------------
 Total                                                10148676.656   100.0
-----------------------------------------------------------------------------


     R E A L   C Y C L E   A N D   T I M E   A C C O U N T I N G

On 1 MPI rank, each using 8 OpenMP threads

 Computing:          Num   Num      Call    Wall time         Giga-Cycles
                     Ranks Threads  Count      (s)         total sum    %
-----------------------------------------------------------------------------
 Neighbor search        1    8        126       1.823         26.254   0.9
 Force                  1    8      12501     170.613       2456.829  85.2
 PME mesh               1    8      12501      18.993        273.497   9.5
 NB X/F buffer ops.     1    8      24876       3.411         49.122   1.7
 Write traj.            1    8          1       0.111          1.603   0.1
 Update                 1    8      12501       1.414         20.362   0.7
 Constraints            1    8      12501       3.272         47.116   1.6
 Rest                                           0.615          8.851   0.3
-----------------------------------------------------------------------------
 Total                                        200.253       2883.633 100.0
-----------------------------------------------------------------------------
 Breakdown of PME mesh computation
-----------------------------------------------------------------------------
 PME spread             1    8      12501       8.294        119.430   4.1
 PME gather             1    8      12501       6.767         97.438   3.4
 PME 3D-FFT             1    8      25002       3.193         45.972   1.6
 PME solve Elec         1    8      12501       0.550          7.923   0.3
-----------------------------------------------------------------------------

               Core t (s)   Wall t (s)        (%)
       Time:     1602.016      200.253      800.0
                 (ns/day)    (hour/ns)
Performance:       10.787        2.225
Finished mdrun on rank 0 Mon Dec 14 03:13:27 2020

