              :-) GROMACS - gmx mdrun, 2020.1-Ubuntu-2020.1-1 (-:

                            GROMACS is written by:
     Emile Apol      Rossen Apostolov      Paul Bauer     Herman J.C. Berendsen
    Par Bjelkmar      Christian Blau   Viacheslav Bolnykh     Kevin Boyd    
 Aldert van Buuren   Rudi van Drunen     Anton Feenstra       Alan Gray     
  Gerrit Groenhof     Anca Hamuraru    Vincent Hindriksen  M. Eric Irrgang  
  Aleksei Iupinov   Christoph Junghans     Joe Jordan     Dimitrios Karkoulis
    Peter Kasson        Jiri Kraus      Carsten Kutzner      Per Larsson    
  Justin A. Lemkul    Viveca Lindahl    Magnus Lundborg     Erik Marklund   
    Pascal Merz     Pieter Meulenhoff    Teemu Murtola       Szilard Pall   
    Sander Pronk      Roland Schulz      Michael Shirts    Alexey Shvetsov  
   Alfons Sijbers     Peter Tieleman      Jon Vincent      Teemu Virolainen 
 Christian Wennberg    Maarten Wolf      Artem Zhmurov   
                           and the project leaders:
        Mark Abraham, Berk Hess, Erik Lindahl, and David van der Spoel

Copyright (c) 1991-2000, University of Groningen, The Netherlands.
Copyright (c) 2001-2019, The GROMACS development team at
Uppsala University, Stockholm University and
the Royal Institute of Technology, Sweden.
check out http://www.gromacs.org for more information.

GROMACS is free software; you can redistribute it and/or modify it
under the terms of the GNU Lesser General Public License
as published by the Free Software Foundation; either version 2.1
of the License, or (at your option) any later version.

GROMACS:      gmx mdrun, version 2020.1-Ubuntu-2020.1-1
Executable:   /usr/bin/gmx
Data prefix:  /usr
Working dir:  /mnt/d/Textbook-Sem7/BT5420 Computer Simulations of Biomolecular Systems/Assignments/Project/FINAL/FINAL2
Process ID:   420
Command line:
  gmx mdrun -nt 8 -v -deffnm V66M_nvt

GROMACS version:    2020.1-Ubuntu-2020.1-1
Precision:          single
Memory model:       64 bit
MPI library:        thread_mpi
OpenMP support:     enabled (GMX_OPENMP_MAX_THREADS = 64)
GPU support:        disabled
SIMD instructions:  SSE2
FFT library:        fftw-3.3.8-sse2-avx
RDTSCP usage:       disabled
TNG support:        enabled
Hwloc support:      hwloc-2.1.0
Tracing support:    disabled
C compiler:         /usr/bin/cc GNU 9.3.0
C compiler flags:   -msse2 -fexcess-precision=fast -funroll-all-loops
C++ compiler:       /usr/bin/c++ GNU 9.3.0
C++ compiler flags: -msse2 -fexcess-precision=fast -funroll-all-loops -fopenmp


Running on 1 node with total 4 cores, 8 logical cores
Hardware detected:
  CPU info:
    Vendor: Intel
    Brand:  Intel(R) Core(TM) i5-8265U CPU @ 1.60GHz
    Family: 6   Model: 142   Stepping: 11
    Features: aes apic avx avx2 clfsh cmov cx8 cx16 f16c fma htt intel lahf mmx msr nonstop_tsc pcid pclmuldq pdcm pdpe1gb popcnt pse rdrnd rdtscp sse2 sse3 sse4.1 sse4.2 ssse3 tdt x2apic
  Hardware topology: Basic
    Sockets, cores, and logical processors:
      Socket  0: [   0   1] [   2   3] [   4   5] [   6   7]

Highest SIMD level requested by all nodes in run: AVX2_256
SIMD instructions selected at compile time:       SSE2
This program was compiled for different hardware than you are running on,
which could influence performance.
The current CPU can measure timings more accurately than the code in
gmx mdrun was configured to use. This might affect your simulation
speed as accurate timings are needed for load-balancing.
Please consider rebuilding gmx mdrun with the GMX_USE_RDTSCP=ON CMake option.

++++ PLEASE READ AND CITE THE FOLLOWING REFERENCE ++++
M. J. Abraham, T. Murtola, R. Schulz, S. Páll, J. C. Smith, B. Hess, E.
Lindahl
GROMACS: High performance molecular simulations through multi-level
parallelism from laptops to supercomputers
SoftwareX 1 (2015) pp. 19-25
-------- -------- --- Thank You --- -------- --------


++++ PLEASE READ AND CITE THE FOLLOWING REFERENCE ++++
S. Páll, M. J. Abraham, C. Kutzner, B. Hess, E. Lindahl
Tackling Exascale Software Challenges in Molecular Dynamics Simulations with
GROMACS
In S. Markidis & E. Laure (Eds.), Solving Software Challenges for Exascale 8759 (2015) pp. 3-27
-------- -------- --- Thank You --- -------- --------


++++ PLEASE READ AND CITE THE FOLLOWING REFERENCE ++++
S. Pronk, S. Páll, R. Schulz, P. Larsson, P. Bjelkmar, R. Apostolov, M. R.
Shirts, J. C. Smith, P. M. Kasson, D. van der Spoel, B. Hess, and E. Lindahl
GROMACS 4.5: a high-throughput and highly parallel open source molecular
simulation toolkit
Bioinformatics 29 (2013) pp. 845-54
-------- -------- --- Thank You --- -------- --------


++++ PLEASE READ AND CITE THE FOLLOWING REFERENCE ++++
B. Hess and C. Kutzner and D. van der Spoel and E. Lindahl
GROMACS 4: Algorithms for highly efficient, load-balanced, and scalable
molecular simulation
J. Chem. Theory Comput. 4 (2008) pp. 435-447
-------- -------- --- Thank You --- -------- --------


++++ PLEASE READ AND CITE THE FOLLOWING REFERENCE ++++
D. van der Spoel, E. Lindahl, B. Hess, G. Groenhof, A. E. Mark and H. J. C.
Berendsen
GROMACS: Fast, Flexible and Free
J. Comp. Chem. 26 (2005) pp. 1701-1719
-------- -------- --- Thank You --- -------- --------


++++ PLEASE READ AND CITE THE FOLLOWING REFERENCE ++++
E. Lindahl and B. Hess and D. van der Spoel
GROMACS 3.0: A package for molecular simulation and trajectory analysis
J. Mol. Mod. 7 (2001) pp. 306-317
-------- -------- --- Thank You --- -------- --------


++++ PLEASE READ AND CITE THE FOLLOWING REFERENCE ++++
H. J. C. Berendsen, D. van der Spoel and R. van Drunen
GROMACS: A message-passing parallel molecular dynamics implementation
Comp. Phys. Comm. 91 (1995) pp. 43-56
-------- -------- --- Thank You --- -------- --------

Input Parameters:
   integrator                     = md
   tinit                          = 0
   dt                             = 0.002
   nsteps                         = 50000
   init-step                      = 0
   simulation-part                = 1
   comm-mode                      = Linear
   nstcomm                        = 100
   bd-fric                        = 0
   ld-seed                        = 1307721948
   emtol                          = 10
   emstep                         = 0.01
   niter                          = 20
   fcstep                         = 0
   nstcgsteep                     = 1000
   nbfgscorr                      = 10
   rtpi                           = 0.05
   nstxout                        = 0
   nstvout                        = 0
   nstfout                        = 0
   nstlog                         = 500
   nstcalcenergy                  = 100
   nstenergy                      = 500
   nstxout-compressed             = 0
   compressed-x-precision         = 1000
   cutoff-scheme                  = Verlet
   nstlist                        = 10
   pbc                            = xyz
   periodic-molecules             = false
   verlet-buffer-tolerance        = 0.005
   rlist                          = 1.2
   coulombtype                    = PME
   coulomb-modifier               = Potential-shift
   rcoulomb-switch                = 0
   rcoulomb                       = 1.2
   epsilon-r                      = 1
   epsilon-rf                     = inf
   vdw-type                       = Cut-off
   vdw-modifier                   = Force-switch
   rvdw-switch                    = 1
   rvdw                           = 1.2
   DispCorr                       = EnerPres
   table-extension                = 1
   fourierspacing                 = 0.16
   fourier-nx                     = 36
   fourier-ny                     = 52
   fourier-nz                     = 32
   pme-order                      = 4
   ewald-rtol                     = 1e-05
   ewald-rtol-lj                  = 0.001
   lj-pme-comb-rule               = Geometric
   ewald-geometry                 = 0
   epsilon-surface                = 0
   tcoupl                         = V-rescale
   nsttcouple                     = 10
   nh-chain-length                = 0
   print-nose-hoover-chain-variables = false
   pcoupl                         = No
   pcoupltype                     = Isotropic
   nstpcouple                     = -1
   tau-p                          = 1
   compressibility (3x3):
      compressibility[    0]={ 0.00000e+00,  0.00000e+00,  0.00000e+00}
      compressibility[    1]={ 0.00000e+00,  0.00000e+00,  0.00000e+00}
      compressibility[    2]={ 0.00000e+00,  0.00000e+00,  0.00000e+00}
   ref-p (3x3):
      ref-p[    0]={ 0.00000e+00,  0.00000e+00,  0.00000e+00}
      ref-p[    1]={ 0.00000e+00,  0.00000e+00,  0.00000e+00}
      ref-p[    2]={ 0.00000e+00,  0.00000e+00,  0.00000e+00}
   refcoord-scaling               = No
   posres-com (3):
      posres-com[0]= 0.00000e+00
      posres-com[1]= 0.00000e+00
      posres-com[2]= 0.00000e+00
   posres-comB (3):
      posres-comB[0]= 0.00000e+00
      posres-comB[1]= 0.00000e+00
      posres-comB[2]= 0.00000e+00
   QMMM                           = false
   QMconstraints                  = 0
   QMMMscheme                     = 0
   MMChargeScaleFactor            = 1
qm-opts:
   ngQM                           = 0
   constraint-algorithm           = Lincs
   continuation                   = false
   Shake-SOR                      = false
   shake-tol                      = 0.0001
   lincs-order                    = 4
   lincs-iter                     = 1
   lincs-warnangle                = 30
   nwall                          = 0
   wall-type                      = 9-3
   wall-r-linpot                  = -1
   wall-atomtype[0]               = -1
   wall-atomtype[1]               = -1
   wall-density[0]                = 0
   wall-density[1]                = 0
   wall-ewald-zfac                = 3
   pull                           = false
   awh                            = false
   rotation                       = false
   interactiveMD                  = false
   disre                          = No
   disre-weighting                = Conservative
   disre-mixed                    = false
   dr-fc                          = 1000
   dr-tau                         = 0
   nstdisreout                    = 100
   orire-fc                       = 0
   orire-tau                      = 0
   nstorireout                    = 100
   free-energy                    = no
   cos-acceleration               = 0
   deform (3x3):
      deform[    0]={ 0.00000e+00,  0.00000e+00,  0.00000e+00}
      deform[    1]={ 0.00000e+00,  0.00000e+00,  0.00000e+00}
      deform[    2]={ 0.00000e+00,  0.00000e+00,  0.00000e+00}
   simulated-tempering            = false
   swapcoords                     = no
   userint1                       = 0
   userint2                       = 0
   userint3                       = 0
   userint4                       = 0
   userreal1                      = 0
   userreal2                      = 0
   userreal3                      = 0
   userreal4                      = 0
   applied-forces:
     electric-field:
       x:
         E0                       = 0
         omega                    = 0
         t0                       = 0
         sigma                    = 0
       y:
         E0                       = 0
         omega                    = 0
         t0                       = 0
         sigma                    = 0
       z:
         E0                       = 0
         omega                    = 0
         t0                       = 0
         sigma                    = 0
     density-guided-simulation:
       active                     = false
       group                      = protein
       similarity-measure         = inner-product
       atom-spreading-weight      = unity
       force-constant             = 1e+09
       gaussian-transform-spreading-width = 0.2
       gaussian-transform-spreading-range-in-multiples-of-width = 4
       reference-density-filename = reference.mrc
       nst                        = 1
       normalize-densities        = true
       adaptive-force-scaling     = false
       adaptive-force-scaling-time-constant = 4
grpopts:
   nrdf:     7759.44     33528.6
   ref-t:         300         300
   tau-t:         0.5         0.5
annealing:          No          No
annealing-npoints:           0           0
   acc:	           0           0           0
   nfreeze:           N           N           N
   energygrp-flags[  0]: 0

Changing nstlist from 10 to 100, rlist from 1.2 to 1.331


Using 1 MPI thread

Non-default thread affinity set, disabling internal thread affinity

Using 8 OpenMP threads 

System total charge: 0.000
Will do PME sum in reciprocal space for electrostatic interactions.

++++ PLEASE READ AND CITE THE FOLLOWING REFERENCE ++++
U. Essmann, L. Perera, M. L. Berkowitz, T. Darden, H. Lee and L. G. Pedersen 
A smooth particle mesh Ewald method
J. Chem. Phys. 103 (1995) pp. 8577-8592
-------- -------- --- Thank You --- -------- --------

Using a Gaussian width (1/beta) of 0.384195 nm for Ewald
Potential shift: LJ r^-12: -2.648e-01 r^-6: -5.349e-01, Ewald -8.333e-06
Initialized non-bonded Coulomb Ewald tables, spacing: 1.02e-03 size: 1176

Generated table with 1165 data points for 1-4 COUL.
Tabscale = 500 points/nm
Generated table with 1165 data points for 1-4 LJ6.
Tabscale = 500 points/nm
Generated table with 1165 data points for 1-4 LJ12.
Tabscale = 500 points/nm

Using SIMD 4x4 nonbonded short-range kernels

Using a dual 4x4 pair-list setup updated with dynamic pruning:
  outer list: updated every 100 steps, buffer 0.131 nm, rlist 1.331 nm
  inner list: updated every  14 steps, buffer 0.001 nm, rlist 1.201 nm
At tolerance 0.005 kJ/mol/ps per atom, equivalent classical 1x1 list would be:
  outer list: updated every 100 steps, buffer 0.285 nm, rlist 1.485 nm
  inner list: updated every  14 steps, buffer 0.054 nm, rlist 1.254 nm

Long Range LJ corr.: <C6> 3.7003e-04

Removing pbc first time

Initializing LINear Constraint Solver

++++ PLEASE READ AND CITE THE FOLLOWING REFERENCE ++++
B. Hess and H. Bekker and H. J. C. Berendsen and J. G. E. M. Fraaije
LINCS: A Linear Constraint Solver for molecular simulations
J. Comp. Chem. 18 (1997) pp. 1463-1472
-------- -------- --- Thank You --- -------- --------

The number of constraints is 3934

++++ PLEASE READ AND CITE THE FOLLOWING REFERENCE ++++
S. Miyamoto and P. A. Kollman
SETTLE: An Analytical Version of the SHAKE and RATTLE Algorithms for Rigid
Water Models
J. Comp. Chem. 13 (1992) pp. 952-962
-------- -------- --- Thank You --- -------- --------


++++ PLEASE READ AND CITE THE FOLLOWING REFERENCE ++++
G. Bussi, D. Donadio and M. Parrinello
Canonical sampling through velocity rescaling
J. Chem. Phys. 126 (2007) pp. 014101
-------- -------- --- Thank You --- -------- --------

There are: 20641 Atoms

Constraining the starting coordinates (step 0)

Constraining the coordinates at t0-dt (step 0)
Center of mass motion removal mode is Linear
We have the following groups for center of mass motion removal:
  0:  rest
RMS relative constraint deviation after constraining: 1.02e-03
Initial temperature: 307.177 K

Started mdrun on rank 0 Mon Dec 14 11:37:23 2020

           Step           Time
              0        0.00000

   Energies (kJ/mol)
          Angle    Proper Dih.  Improper Dih.          LJ-14     Coulomb-14
    1.47823e+04    1.01020e+04    3.78312e+02    4.07537e+03    3.56254e+04
        LJ (SR)  Disper. corr.   Coulomb (SR)   Coul. recip. Position Rest.
    3.44598e+04   -2.31009e+03   -3.67467e+05    6.00734e+03    1.23932e+01
      Potential    Kinetic En.   Total Energy  Conserved En.    Temperature
   -2.64334e+05    5.24995e+04   -2.11835e+05   -2.11835e+05    3.05863e+02
 Pres. DC (bar) Pressure (bar)   Constr. rmsd
   -1.85109e+02   -1.61381e+04    1.75344e-03

           Step           Time
            500        1.00000

   Energies (kJ/mol)
          Angle    Proper Dih.  Improper Dih.          LJ-14     Coulomb-14
    9.88254e+03    1.06587e+04    5.80030e+02    4.39113e+03    3.65484e+04
        LJ (SR)  Disper. corr.   Coulomb (SR)   Coul. recip. Position Rest.
    2.94209e+04   -2.31009e+03   -3.58125e+05    1.66997e+03    3.97901e+03
      Potential    Kinetic En.   Total Energy  Conserved En.    Temperature
   -2.63304e+05    5.26038e+04   -2.10701e+05   -2.09723e+05    3.06471e+02
 Pres. DC (bar) Pressure (bar)   Constr. rmsd
   -1.85109e+02    6.93793e+02    6.14284e-05

           Step           Time
           1000        2.00000

   Energies (kJ/mol)
          Angle    Proper Dih.  Improper Dih.          LJ-14     Coulomb-14
    1.01454e+04    1.06897e+04    5.87325e+02    4.44345e+03    3.64110e+04
        LJ (SR)  Disper. corr.   Coulomb (SR)   Coul. recip. Position Rest.
    2.74988e+04   -2.31009e+03   -3.56784e+05    1.61009e+03    3.69189e+03
      Potential    Kinetic En.   Total Energy  Conserved En.    Temperature
   -2.64016e+05    5.20832e+04   -2.11933e+05   -2.09753e+05    3.03438e+02
 Pres. DC (bar) Pressure (bar)   Constr. rmsd
   -1.85109e+02    1.97429e+02    6.00416e-05

           Step           Time
           1500        3.00000

   Energies (kJ/mol)
          Angle    Proper Dih.  Improper Dih.          LJ-14     Coulomb-14
    9.83809e+03    1.06493e+04    5.41874e+02    4.34135e+03    3.66231e+04
        LJ (SR)  Disper. corr.   Coulomb (SR)   Coul. recip. Position Rest.
    2.86472e+04   -2.31009e+03   -3.58139e+05    1.65596e+03    3.67139e+03
      Potential    Kinetic En.   Total Energy  Conserved En.    Temperature
   -2.64481e+05    5.21948e+04   -2.12286e+05   -2.09806e+05    3.04088e+02
 Pres. DC (bar) Pressure (bar)   Constr. rmsd
   -1.85109e+02    5.54913e+02    5.91231e-05

           Step           Time
           2000        4.00000

   Energies (kJ/mol)
          Angle    Proper Dih.  Improper Dih.          LJ-14     Coulomb-14
    9.96203e+03    1.05564e+04    5.94059e+02    4.32751e+03    3.65379e+04
        LJ (SR)  Disper. corr.   Coulomb (SR)   Coul. recip. Position Rest.
    2.79353e+04   -2.31009e+03   -3.57659e+05    1.59551e+03    3.44316e+03
      Potential    Kinetic En.   Total Energy  Conserved En.    Temperature
   -2.65017e+05    5.21035e+04   -2.12914e+05   -2.09881e+05    3.03556e+02
 Pres. DC (bar) Pressure (bar)   Constr. rmsd
   -1.85109e+02    4.14963e+02    6.87160e-05

           Step           Time
           2500        5.00000

   Energies (kJ/mol)
          Angle    Proper Dih.  Improper Dih.          LJ-14     Coulomb-14
    1.01040e+04    1.05106e+04    5.51507e+02    4.43910e+03    3.66351e+04
        LJ (SR)  Disper. corr.   Coulomb (SR)   Coul. recip. Position Rest.
    2.82339e+04   -2.31009e+03   -3.57941e+05    1.55056e+03    3.44874e+03
      Potential    Kinetic En.   Total Energy  Conserved En.    Temperature
   -2.64778e+05    5.13999e+04   -2.13378e+05   -2.09919e+05    2.99457e+02
 Pres. DC (bar) Pressure (bar)   Constr. rmsd
   -1.85109e+02    5.05530e+02    5.42666e-05

           Step           Time
           3000        6.00000

   Energies (kJ/mol)
          Angle    Proper Dih.  Improper Dih.          LJ-14     Coulomb-14
    1.01498e+04    1.07529e+04    5.61662e+02    4.37053e+03    3.65663e+04
        LJ (SR)  Disper. corr.   Coulomb (SR)   Coul. recip. Position Rest.
    2.85163e+04   -2.31009e+03   -3.58490e+05    1.60287e+03    3.46642e+03
      Potential    Kinetic En.   Total Energy  Conserved En.    Temperature
   -2.64814e+05    5.14561e+04   -2.13358e+05   -2.09968e+05    2.99784e+02
 Pres. DC (bar) Pressure (bar)   Constr. rmsd
   -1.85109e+02    2.43654e+02    5.42405e-05

           Step           Time
           3500        7.00000

   Energies (kJ/mol)
          Angle    Proper Dih.  Improper Dih.          LJ-14     Coulomb-14
    1.04092e+04    1.05433e+04    5.42157e+02    4.46880e+03    3.66240e+04
        LJ (SR)  Disper. corr.   Coulomb (SR)   Coul. recip. Position Rest.
    2.81724e+04   -2.31009e+03   -3.58201e+05    1.54702e+03    3.36130e+03
      Potential    Kinetic En.   Total Energy  Conserved En.    Temperature
   -2.64843e+05    5.12755e+04   -2.13567e+05   -2.10017e+05    2.98732e+02
 Pres. DC (bar) Pressure (bar)   Constr. rmsd
   -1.85109e+02    9.73657e+02    5.98186e-05

           Step           Time
           4000        8.00000

   Energies (kJ/mol)
          Angle    Proper Dih.  Improper Dih.          LJ-14     Coulomb-14
    1.03042e+04    1.05288e+04    6.50324e+02    4.36961e+03    3.65695e+04
        LJ (SR)  Disper. corr.   Coulomb (SR)   Coul. recip. Position Rest.
    2.83253e+04   -2.31009e+03   -3.58650e+05    1.55595e+03    3.36974e+03
      Potential    Kinetic En.   Total Energy  Conserved En.    Temperature
   -2.65287e+05    5.15978e+04   -2.13689e+05   -2.10078e+05    3.00610e+02
 Pres. DC (bar) Pressure (bar)   Constr. rmsd
   -1.85109e+02   -2.92001e+02    5.93807e-05

           Step           Time
           4500        9.00000

   Energies (kJ/mol)
          Angle    Proper Dih.  Improper Dih.          LJ-14     Coulomb-14
    1.01416e+04    1.06714e+04    5.65554e+02    4.36708e+03    3.66245e+04
        LJ (SR)  Disper. corr.   Coulomb (SR)   Coul. recip. Position Rest.
    2.80038e+04   -2.31009e+03   -3.58634e+05    1.52244e+03    3.47005e+03
      Potential    Kinetic En.   Total Energy  Conserved En.    Temperature
   -2.65578e+05    5.13998e+04   -2.14178e+05   -2.10129e+05    2.99456e+02
 Pres. DC (bar) Pressure (bar)   Constr. rmsd
   -1.85109e+02    5.30047e+01    5.78037e-05

           Step           Time
           5000       10.00000

   Energies (kJ/mol)
          Angle    Proper Dih.  Improper Dih.          LJ-14     Coulomb-14
    1.03599e+04    1.05087e+04    5.55165e+02    4.40480e+03    3.66544e+04
        LJ (SR)  Disper. corr.   Coulomb (SR)   Coul. recip. Position Rest.
    2.80858e+04   -2.31009e+03   -3.57974e+05    1.53387e+03    3.47295e+03
      Potential    Kinetic En.   Total Energy  Conserved En.    Temperature
   -2.64708e+05    5.17226e+04   -2.12986e+05   -2.10177e+05    3.01337e+02
 Pres. DC (bar) Pressure (bar)   Constr. rmsd
   -1.85109e+02    3.23023e+02    5.69613e-05

           Step           Time
           5500       11.00000

   Energies (kJ/mol)
          Angle    Proper Dih.  Improper Dih.          LJ-14     Coulomb-14
    1.01748e+04    1.06413e+04    5.33663e+02    4.34110e+03    3.65290e+04
        LJ (SR)  Disper. corr.   Coulomb (SR)   Coul. recip. Position Rest.
    2.83752e+04   -2.31009e+03   -3.58261e+05    1.55000e+03    3.61682e+03
      Potential    Kinetic En.   Total Energy  Conserved En.    Temperature
   -2.64809e+05    5.17972e+04   -2.13012e+05   -2.10232e+05    3.01771e+02
 Pres. DC (bar) Pressure (bar)   Constr. rmsd
   -1.85109e+02    5.39833e+02    5.49539e-05

           Step           Time
           6000       12.00000

   Energies (kJ/mol)
          Angle    Proper Dih.  Improper Dih.          LJ-14     Coulomb-14
    1.01834e+04    1.06713e+04    5.06359e+02    4.27627e+03    3.66373e+04
        LJ (SR)  Disper. corr.   Coulomb (SR)   Coul. recip. Position Rest.
    2.80483e+04   -2.31009e+03   -3.57866e+05    1.51403e+03    3.52432e+03
      Potential    Kinetic En.   Total Energy  Conserved En.    Temperature
   -2.64815e+05    5.25303e+04   -2.12284e+05   -2.10321e+05    3.06043e+02
 Pres. DC (bar) Pressure (bar)   Constr. rmsd
   -1.85109e+02    3.92260e+02    5.54829e-05

           Step           Time
           6500       13.00000

   Energies (kJ/mol)
          Angle    Proper Dih.  Improper Dih.          LJ-14     Coulomb-14
    1.03429e+04    1.04174e+04    5.00133e+02    4.33451e+03    3.67958e+04
        LJ (SR)  Disper. corr.   Coulomb (SR)   Coul. recip. Position Rest.
    2.77889e+04   -2.31009e+03   -3.58231e+05    1.48184e+03    3.42560e+03
      Potential    Kinetic En.   Total Energy  Conserved En.    Temperature
   -2.65454e+05    5.20499e+04   -2.13404e+05   -2.10368e+05    3.03244e+02
 Pres. DC (bar) Pressure (bar)   Constr. rmsd
   -1.85109e+02   -2.98627e+02    5.47539e-05

           Step           Time
           7000       14.00000

   Energies (kJ/mol)
          Angle    Proper Dih.  Improper Dih.          LJ-14     Coulomb-14
    1.03117e+04    1.04928e+04    5.73042e+02    4.38896e+03    3.65945e+04
        LJ (SR)  Disper. corr.   Coulomb (SR)   Coul. recip. Position Rest.
    2.77319e+04   -2.31009e+03   -3.57755e+05    1.60219e+03    3.44343e+03
      Potential    Kinetic En.   Total Energy  Conserved En.    Temperature
   -2.64926e+05    5.16087e+04   -2.13318e+05   -2.10408e+05    3.00673e+02
 Pres. DC (bar) Pressure (bar)   Constr. rmsd
   -1.85109e+02    3.81865e+02    4.97093e-05

           Step           Time
           7500       15.00000

   Energies (kJ/mol)
          Angle    Proper Dih.  Improper Dih.          LJ-14     Coulomb-14
    1.01700e+04    1.05028e+04    5.56386e+02    4.33191e+03    3.67005e+04
        LJ (SR)  Disper. corr.   Coulomb (SR)   Coul. recip. Position Rest.
    2.84300e+04   -2.31009e+03   -3.59115e+05    1.51704e+03    3.36021e+03
      Potential    Kinetic En.   Total Energy  Conserved En.    Temperature
   -2.65857e+05    5.11674e+04   -2.14689e+05   -2.10451e+05    2.98102e+02
 Pres. DC (bar) Pressure (bar)   Constr. rmsd
   -1.85109e+02    7.65901e+02    5.72576e-05

           Step           Time
           8000       16.00000

   Energies (kJ/mol)
          Angle    Proper Dih.  Improper Dih.          LJ-14     Coulomb-14
    1.06420e+04    1.04410e+04    5.83443e+02    4.31343e+03    3.63449e+04
        LJ (SR)  Disper. corr.   Coulomb (SR)   Coul. recip. Position Rest.
    2.79146e+04   -2.31009e+03   -3.58611e+05    1.53846e+03    3.38698e+03
      Potential    Kinetic En.   Total Energy  Conserved En.    Temperature
   -2.65756e+05    5.18961e+04   -2.13860e+05   -2.10514e+05    3.02348e+02
 Pres. DC (bar) Pressure (bar)   Constr. rmsd
   -1.85109e+02   -1.15752e+01    5.66177e-05

           Step           Time
           8500       17.00000

   Energies (kJ/mol)
          Angle    Proper Dih.  Improper Dih.          LJ-14     Coulomb-14
    1.02695e+04    1.05126e+04    5.13309e+02    4.39002e+03    3.67378e+04
        LJ (SR)  Disper. corr.   Coulomb (SR)   Coul. recip. Position Rest.
    2.76164e+04   -2.31009e+03   -3.58350e+05    1.58930e+03    3.50649e+03
      Potential    Kinetic En.   Total Energy  Conserved En.    Temperature
   -2.65525e+05    5.09843e+04   -2.14541e+05   -2.10574e+05    2.97035e+02
 Pres. DC (bar) Pressure (bar)   Constr. rmsd
   -1.85109e+02    4.14018e+02    5.78194e-05

           Step           Time
           9000       18.00000

   Energies (kJ/mol)
          Angle    Proper Dih.  Improper Dih.          LJ-14     Coulomb-14
    1.04160e+04    1.04890e+04    5.96139e+02    4.32827e+03    3.64974e+04
        LJ (SR)  Disper. corr.   Coulomb (SR)   Coul. recip. Position Rest.
    2.84476e+04   -2.31009e+03   -3.59423e+05    1.55638e+03    3.16196e+03
      Potential    Kinetic En.   Total Energy  Conserved En.    Temperature
   -2.66241e+05    5.22366e+04   -2.14004e+05   -2.10618e+05    3.04331e+02
 Pres. DC (bar) Pressure (bar)   Constr. rmsd
   -1.85109e+02    1.20335e+02    5.69871e-05

           Step           Time
           9500       19.00000

   Energies (kJ/mol)
          Angle    Proper Dih.  Improper Dih.          LJ-14     Coulomb-14
    1.03985e+04    1.04743e+04    4.99216e+02    4.27726e+03    3.64434e+04
        LJ (SR)  Disper. corr.   Coulomb (SR)   Coul. recip. Position Rest.
    2.77386e+04   -2.31009e+03   -3.58645e+05    1.54488e+03    3.52204e+03
      Potential    Kinetic En.   Total Energy  Conserved En.    Temperature
   -2.66057e+05    5.16213e+04   -2.14436e+05   -2.10672e+05    3.00747e+02
 Pres. DC (bar) Pressure (bar)   Constr. rmsd
   -1.85109e+02   -2.63901e+01    5.91091e-05

           Step           Time
          10000       20.00000

   Energies (kJ/mol)
          Angle    Proper Dih.  Improper Dih.          LJ-14     Coulomb-14
    1.03464e+04    1.04189e+04    5.23407e+02    4.42058e+03    3.66766e+04
        LJ (SR)  Disper. corr.   Coulomb (SR)   Coul. recip. Position Rest.
    2.72871e+04   -2.31009e+03   -3.58168e+05    1.50225e+03    3.40920e+03
      Potential    Kinetic En.   Total Energy  Conserved En.    Temperature
   -2.65894e+05    5.13174e+04   -2.14576e+05   -2.10722e+05    2.98976e+02
 Pres. DC (bar) Pressure (bar)   Constr. rmsd
   -1.85109e+02   -3.65310e+02    5.88613e-05

           Step           Time
          10500       21.00000

   Energies (kJ/mol)
          Angle    Proper Dih.  Improper Dih.          LJ-14     Coulomb-14
    1.06076e+04    1.05448e+04    5.63477e+02    4.32650e+03    3.64568e+04
        LJ (SR)  Disper. corr.   Coulomb (SR)   Coul. recip. Position Rest.
    2.75944e+04   -2.31009e+03   -3.57766e+05    1.50163e+03    3.33667e+03
      Potential    Kinetic En.   Total Energy  Conserved En.    Temperature
   -2.65144e+05    5.18828e+04   -2.13261e+05   -2.10783e+05    3.02270e+02
 Pres. DC (bar) Pressure (bar)   Constr. rmsd
   -1.85109e+02    1.81341e+02    5.80317e-05

           Step           Time
          11000       22.00000

   Energies (kJ/mol)
          Angle    Proper Dih.  Improper Dih.          LJ-14     Coulomb-14
    1.02195e+04    1.04787e+04    5.51874e+02    4.29042e+03    3.67016e+04
        LJ (SR)  Disper. corr.   Coulomb (SR)   Coul. recip. Position Rest.
    2.83088e+04   -2.31009e+03   -3.59106e+05    1.49107e+03    3.41452e+03
      Potential    Kinetic En.   Total Energy  Conserved En.    Temperature
   -2.65959e+05    5.10277e+04   -2.14932e+05   -2.10844e+05    2.97288e+02
 Pres. DC (bar) Pressure (bar)   Constr. rmsd
   -1.85109e+02   -2.94979e+02    5.23682e-05

           Step           Time
          11500       23.00000

   Energies (kJ/mol)
          Angle    Proper Dih.  Improper Dih.          LJ-14     Coulomb-14
    1.02810e+04    1.05638e+04    5.55032e+02    4.32957e+03    3.65323e+04
        LJ (SR)  Disper. corr.   Coulomb (SR)   Coul. recip. Position Rest.
    2.77285e+04   -2.31009e+03   -3.58016e+05    1.45705e+03    3.42670e+03
      Potential    Kinetic En.   Total Energy  Conserved En.    Temperature
   -2.65453e+05    5.17147e+04   -2.13738e+05   -2.10878e+05    3.01291e+02
 Pres. DC (bar) Pressure (bar)   Constr. rmsd
   -1.85109e+02   -1.25936e+02    5.16647e-05

           Step           Time
          12000       24.00000

   Energies (kJ/mol)
          Angle    Proper Dih.  Improper Dih.          LJ-14     Coulomb-14
    1.04561e+04    1.05790e+04    5.52234e+02    4.22978e+03    3.63981e+04
        LJ (SR)  Disper. corr.   Coulomb (SR)   Coul. recip. Position Rest.
    2.74566e+04   -2.31009e+03   -3.57727e+05    1.47796e+03    3.27507e+03
      Potential    Kinetic En.   Total Energy  Conserved En.    Temperature
   -2.65612e+05    5.16399e+04   -2.13972e+05   -2.10944e+05    3.00855e+02
 Pres. DC (bar) Pressure (bar)   Constr. rmsd
   -1.85109e+02   -3.76066e+02    5.74972e-05

           Step           Time
          12500       25.00000

   Energies (kJ/mol)
          Angle    Proper Dih.  Improper Dih.          LJ-14     Coulomb-14
    1.01990e+04    1.05916e+04    5.43272e+02    4.34888e+03    3.67749e+04
        LJ (SR)  Disper. corr.   Coulomb (SR)   Coul. recip. Position Rest.
    2.80148e+04   -2.31009e+03   -3.59012e+05    1.45227e+03    3.47395e+03
      Potential    Kinetic En.   Total Energy  Conserved En.    Temperature
   -2.65923e+05    5.17044e+04   -2.14219e+05   -2.10981e+05    3.01231e+02
 Pres. DC (bar) Pressure (bar)   Constr. rmsd
   -1.85109e+02    5.80943e+02    5.47883e-05

           Step           Time
          13000       26.00000

   Energies (kJ/mol)
          Angle    Proper Dih.  Improper Dih.          LJ-14     Coulomb-14
    1.04829e+04    1.05050e+04    6.12278e+02    4.36613e+03    3.66302e+04
        LJ (SR)  Disper. corr.   Coulomb (SR)   Coul. recip. Position Rest.
    2.76924e+04   -2.31009e+03   -3.58588e+05    1.54903e+03    3.57717e+03
      Potential    Kinetic En.   Total Energy  Conserved En.    Temperature
   -2.65483e+05    5.14538e+04   -2.14029e+05   -2.11016e+05    2.99771e+02
 Pres. DC (bar) Pressure (bar)   Constr. rmsd
   -1.85109e+02   -8.80427e+02    6.03912e-05

           Step           Time
          13500       27.00000

   Energies (kJ/mol)
          Angle    Proper Dih.  Improper Dih.          LJ-14     Coulomb-14
    1.01338e+04    1.04991e+04    5.35681e+02    4.30237e+03    3.66650e+04
        LJ (SR)  Disper. corr.   Coulomb (SR)   Coul. recip. Position Rest.
    2.75473e+04   -2.31009e+03   -3.58457e+05    1.54341e+03    3.48365e+03
      Potential    Kinetic En.   Total Energy  Conserved En.    Temperature
   -2.66056e+05    5.16905e+04   -2.14366e+05   -2.11100e+05    3.01150e+02
 Pres. DC (bar) Pressure (bar)   Constr. rmsd
   -1.85109e+02    2.93184e+02    4.83066e-05

           Step           Time
          14000       28.00000

   Energies (kJ/mol)
          Angle    Proper Dih.  Improper Dih.          LJ-14     Coulomb-14
    1.02493e+04    1.05036e+04    5.62068e+02    4.42037e+03    3.68726e+04
        LJ (SR)  Disper. corr.   Coulomb (SR)   Coul. recip. Position Rest.
    2.74951e+04   -2.31009e+03   -3.57953e+05    1.56101e+03    3.49070e+03
      Potential    Kinetic En.   Total Energy  Conserved En.    Temperature
   -2.65108e+05    5.17401e+04   -2.13368e+05   -2.11137e+05    3.01439e+02
 Pres. DC (bar) Pressure (bar)   Constr. rmsd
   -1.85109e+02    4.90859e+01    4.83467e-05

           Step           Time
          14500       29.00000

   Energies (kJ/mol)
          Angle    Proper Dih.  Improper Dih.          LJ-14     Coulomb-14
    1.01234e+04    1.04845e+04    4.90397e+02    4.32851e+03    3.68072e+04
        LJ (SR)  Disper. corr.   Coulomb (SR)   Coul. recip. Position Rest.
    2.75869e+04   -2.31009e+03   -3.58907e+05    1.51724e+03    3.33469e+03
      Potential    Kinetic En.   Total Energy  Conserved En.    Temperature
   -2.66544e+05    5.17235e+04   -2.14820e+05   -2.11217e+05    3.01342e+02
 Pres. DC (bar) Pressure (bar)   Constr. rmsd
   -1.85109e+02   -3.46883e+01    5.76725e-05

           Step           Time
          15000       30.00000

   Energies (kJ/mol)
          Angle    Proper Dih.  Improper Dih.          LJ-14     Coulomb-14
    1.02373e+04    1.05443e+04    5.70768e+02    4.36896e+03    3.66297e+04
        LJ (SR)  Disper. corr.   Coulomb (SR)   Coul. recip. Position Rest.
    2.78076e+04   -2.31009e+03   -3.58663e+05    1.45173e+03    3.36604e+03
      Potential    Kinetic En.   Total Energy  Conserved En.    Temperature
   -2.65997e+05    5.11362e+04   -2.14860e+05   -2.11256e+05    2.97920e+02
 Pres. DC (bar) Pressure (bar)   Constr. rmsd
   -1.85109e+02   -1.86305e+02    5.76151e-05

           Step           Time
          15500       31.00000

   Energies (kJ/mol)
          Angle    Proper Dih.  Improper Dih.          LJ-14     Coulomb-14
    1.04268e+04    1.04319e+04    5.78507e+02    4.29568e+03    3.63819e+04
        LJ (SR)  Disper. corr.   Coulomb (SR)   Coul. recip. Position Rest.
    2.77861e+04   -2.31009e+03   -3.58915e+05    1.50919e+03    3.27212e+03
      Potential    Kinetic En.   Total Energy  Conserved En.    Temperature
   -2.66543e+05    5.08921e+04   -2.15650e+05   -2.11297e+05    2.96499e+02
 Pres. DC (bar) Pressure (bar)   Constr. rmsd
   -1.85109e+02   -1.47108e+02    5.62800e-05

           Step           Time
          16000       32.00000

   Energies (kJ/mol)
          Angle    Proper Dih.  Improper Dih.          LJ-14     Coulomb-14
    1.05950e+04    1.05158e+04    5.67495e+02    4.31611e+03    3.66785e+04
        LJ (SR)  Disper. corr.   Coulomb (SR)   Coul. recip. Position Rest.
    2.79759e+04   -2.31009e+03   -3.58339e+05    1.45104e+03    3.41618e+03
      Potential    Kinetic En.   Total Energy  Conserved En.    Temperature
   -2.65133e+05    5.12515e+04   -2.13882e+05   -2.11333e+05    2.98592e+02
 Pres. DC (bar) Pressure (bar)   Constr. rmsd
   -1.85109e+02    1.33621e+02    5.32637e-05

           Step           Time
          16500       33.00000

   Energies (kJ/mol)
          Angle    Proper Dih.  Improper Dih.          LJ-14     Coulomb-14
    1.04021e+04    1.04000e+04    5.73745e+02    4.29953e+03    3.63946e+04
        LJ (SR)  Disper. corr.   Coulomb (SR)   Coul. recip. Position Rest.
    2.81295e+04   -2.31009e+03   -3.58218e+05    1.45517e+03    3.33396e+03
      Potential    Kinetic En.   Total Energy  Conserved En.    Temperature
   -2.65540e+05    5.17885e+04   -2.13751e+05   -2.11421e+05    3.01721e+02
 Pres. DC (bar) Pressure (bar)   Constr. rmsd
   -1.85109e+02    8.62955e+01    5.65300e-05

           Step           Time
          17000       34.00000

   Energies (kJ/mol)
          Angle    Proper Dih.  Improper Dih.          LJ-14     Coulomb-14
    1.05968e+04    1.04961e+04    5.25699e+02    4.33617e+03    3.65534e+04
        LJ (SR)  Disper. corr.   Coulomb (SR)   Coul. recip. Position Rest.
    2.80978e+04   -2.31009e+03   -3.58385e+05    1.61649e+03    3.38740e+03
      Potential    Kinetic En.   Total Energy  Conserved En.    Temperature
   -2.65085e+05    5.15474e+04   -2.13538e+05   -2.11459e+05    3.00316e+02
 Pres. DC (bar) Pressure (bar)   Constr. rmsd
   -1.85109e+02    2.27616e+02    5.17684e-05

           Step           Time
          17500       35.00000

   Energies (kJ/mol)
          Angle    Proper Dih.  Improper Dih.          LJ-14     Coulomb-14
    1.03213e+04    1.03540e+04    5.60336e+02    4.38483e+03    3.66141e+04
        LJ (SR)  Disper. corr.   Coulomb (SR)   Coul. recip. Position Rest.
    2.83293e+04   -2.31009e+03   -3.58852e+05    1.58121e+03    3.66615e+03
      Potential    Kinetic En.   Total Energy  Conserved En.    Temperature
   -2.65351e+05    5.13036e+04   -2.14047e+05   -2.11487e+05    2.98896e+02
 Pres. DC (bar) Pressure (bar)   Constr. rmsd
   -1.85109e+02    5.33998e+02    4.86560e-05

           Step           Time
          18000       36.00000

   Energies (kJ/mol)
          Angle    Proper Dih.  Improper Dih.          LJ-14     Coulomb-14
    1.02980e+04    1.04652e+04    5.16542e+02    4.26708e+03    3.64263e+04
        LJ (SR)  Disper. corr.   Coulomb (SR)   Coul. recip. Position Rest.
    2.73952e+04   -2.31009e+03   -3.58158e+05    1.54361e+03    3.46306e+03
      Potential    Kinetic En.   Total Energy  Conserved En.    Temperature
   -2.66093e+05    5.14924e+04   -2.14601e+05   -2.11571e+05    2.99996e+02
 Pres. DC (bar) Pressure (bar)   Constr. rmsd
   -1.85109e+02   -3.39137e+02    5.26697e-05

           Step           Time
          18500       37.00000

   Energies (kJ/mol)
          Angle    Proper Dih.  Improper Dih.          LJ-14     Coulomb-14
    1.03412e+04    1.04383e+04    5.66276e+02    4.28755e+03    3.66685e+04
        LJ (SR)  Disper. corr.   Coulomb (SR)   Coul. recip. Position Rest.
    2.71312e+04   -2.31009e+03   -3.57915e+05    1.47620e+03    3.45374e+03
      Potential    Kinetic En.   Total Energy  Conserved En.    Temperature
   -2.65862e+05    5.16892e+04   -2.14173e+05   -2.11621e+05    3.01142e+02
 Pres. DC (bar) Pressure (bar)   Constr. rmsd
   -1.85109e+02   -4.78540e+02    5.25824e-05

           Step           Time
          19000       38.00000

   Energies (kJ/mol)
          Angle    Proper Dih.  Improper Dih.          LJ-14     Coulomb-14
    1.04374e+04    1.02538e+04    5.47038e+02    4.37149e+03    3.65497e+04
        LJ (SR)  Disper. corr.   Coulomb (SR)   Coul. recip. Position Rest.
    2.72422e+04   -2.31009e+03   -3.57350e+05    1.57468e+03    3.42738e+03
      Potential    Kinetic En.   Total Energy  Conserved En.    Temperature
   -2.65256e+05    5.16706e+04   -2.13586e+05   -2.11674e+05    3.01034e+02
 Pres. DC (bar) Pressure (bar)   Constr. rmsd
   -1.85109e+02    6.07810e+02    5.36248e-05

           Step           Time
          19500       39.00000

   Energies (kJ/mol)
          Angle    Proper Dih.  Improper Dih.          LJ-14     Coulomb-14
    1.03636e+04    1.05075e+04    5.99794e+02    4.34763e+03    3.67967e+04
        LJ (SR)  Disper. corr.   Coulomb (SR)   Coul. recip. Position Rest.
    2.85299e+04   -2.31009e+03   -3.59720e+05    1.57655e+03    3.31475e+03
      Potential    Kinetic En.   Total Energy  Conserved En.    Temperature
   -2.65994e+05    5.05916e+04   -2.15402e+05   -2.11706e+05    2.94748e+02
 Pres. DC (bar) Pressure (bar)   Constr. rmsd
   -1.85109e+02    2.87196e+02    5.68279e-05

           Step           Time
          20000       40.00000

   Energies (kJ/mol)
          Angle    Proper Dih.  Improper Dih.          LJ-14     Coulomb-14
    1.04927e+04    1.04720e+04    5.15361e+02    4.26730e+03    3.66207e+04
        LJ (SR)  Disper. corr.   Coulomb (SR)   Coul. recip. Position Rest.
    2.76784e+04   -2.31009e+03   -3.58541e+05    1.53471e+03    3.35634e+03
      Potential    Kinetic En.   Total Energy  Conserved En.    Temperature
   -2.65913e+05    5.09092e+04   -2.15004e+05   -2.11783e+05    2.96598e+02
 Pres. DC (bar) Pressure (bar)   Constr. rmsd
   -1.85109e+02   -5.49632e+02    6.03943e-05

           Step           Time
          20500       41.00000

   Energies (kJ/mol)
          Angle    Proper Dih.  Improper Dih.          LJ-14     Coulomb-14
    1.03502e+04    1.04429e+04    5.94924e+02    4.31759e+03    3.66337e+04
        LJ (SR)  Disper. corr.   Coulomb (SR)   Coul. recip. Position Rest.
    2.78742e+04   -2.31009e+03   -3.58939e+05    1.55057e+03    3.37904e+03
      Potential    Kinetic En.   Total Energy  Conserved En.    Temperature
   -2.66106e+05    5.16330e+04   -2.14473e+05   -2.11834e+05    3.00815e+02
 Pres. DC (bar) Pressure (bar)   Constr. rmsd
   -1.85109e+02   -2.08188e+00    5.20943e-05

           Step           Time
          21000       42.00000

   Energies (kJ/mol)
          Angle    Proper Dih.  Improper Dih.          LJ-14     Coulomb-14
    1.05220e+04    1.04697e+04    5.89934e+02    4.29624e+03    3.64694e+04
        LJ (SR)  Disper. corr.   Coulomb (SR)   Coul. recip. Position Rest.
    2.77802e+04   -2.31009e+03   -3.59180e+05    1.51189e+03    3.34215e+03
      Potential    Kinetic En.   Total Energy  Conserved En.    Temperature
   -2.66509e+05    5.20688e+04   -2.14440e+05   -2.11875e+05    3.03354e+02
 Pres. DC (bar) Pressure (bar)   Constr. rmsd
   -1.85109e+02    2.10249e+02    6.25453e-05

           Step           Time
          21500       43.00000

   Energies (kJ/mol)
          Angle    Proper Dih.  Improper Dih.          LJ-14     Coulomb-14
    1.02718e+04    1.04553e+04    5.23291e+02    4.37435e+03    3.66721e+04
        LJ (SR)  Disper. corr.   Coulomb (SR)   Coul. recip. Position Rest.
    2.80231e+04   -2.31009e+03   -3.59687e+05    1.51653e+03    3.38139e+03
      Potential    Kinetic En.   Total Energy  Conserved En.    Temperature
   -2.66779e+05    5.14663e+04   -2.15312e+05   -2.11927e+05    2.99844e+02
 Pres. DC (bar) Pressure (bar)   Constr. rmsd
   -1.85109e+02   -4.10067e+02    5.61068e-05

           Step           Time
          22000       44.00000

   Energies (kJ/mol)
          Angle    Proper Dih.  Improper Dih.          LJ-14     Coulomb-14
    1.04163e+04    1.03443e+04    5.07537e+02    4.28360e+03    3.65802e+04
        LJ (SR)  Disper. corr.   Coulomb (SR)   Coul. recip. Position Rest.
    2.88666e+04   -2.31009e+03   -3.60006e+05    1.48101e+03    3.48571e+03
      Potential    Kinetic En.   Total Energy  Conserved En.    Temperature
   -2.66350e+05    5.16043e+04   -2.14746e+05   -2.11983e+05    3.00648e+02
 Pres. DC (bar) Pressure (bar)   Constr. rmsd
   -1.85109e+02    5.94637e+02    5.01001e-05

           Step           Time
          22500       45.00000

   Energies (kJ/mol)
          Angle    Proper Dih.  Improper Dih.          LJ-14     Coulomb-14
    1.01145e+04    1.05496e+04    5.17843e+02    4.32451e+03    3.67258e+04
        LJ (SR)  Disper. corr.   Coulomb (SR)   Coul. recip. Position Rest.
    2.77781e+04   -2.31009e+03   -3.58710e+05    1.48522e+03    3.29104e+03
      Potential    Kinetic En.   Total Energy  Conserved En.    Temperature
   -2.66234e+05    5.15400e+04   -2.14694e+05   -2.12047e+05    3.00273e+02
 Pres. DC (bar) Pressure (bar)   Constr. rmsd
   -1.85109e+02    8.86003e+01    5.57197e-05

           Step           Time
          23000       46.00000

   Energies (kJ/mol)
          Angle    Proper Dih.  Improper Dih.          LJ-14     Coulomb-14
    9.91960e+03    1.05439e+04    5.44818e+02    4.33315e+03    3.67832e+04
        LJ (SR)  Disper. corr.   Coulomb (SR)   Coul. recip. Position Rest.
    2.82470e+04   -2.31009e+03   -3.58258e+05    1.47302e+03    3.32565e+03
      Potential    Kinetic En.   Total Energy  Conserved En.    Temperature
   -2.65398e+05    5.12616e+04   -2.14136e+05   -2.12106e+05    2.98651e+02
 Pres. DC (bar) Pressure (bar)   Constr. rmsd
   -1.85109e+02    3.94090e+02    5.38891e-05

           Step           Time
          23500       47.00000

   Energies (kJ/mol)
          Angle    Proper Dih.  Improper Dih.          LJ-14     Coulomb-14
    1.02956e+04    1.03848e+04    4.50324e+02    4.42198e+03    3.66280e+04
        LJ (SR)  Disper. corr.   Coulomb (SR)   Coul. recip. Position Rest.
    2.80675e+04   -2.31009e+03   -3.58524e+05    1.51395e+03    3.39913e+03
      Potential    Kinetic En.   Total Energy  Conserved En.    Temperature
   -2.65673e+05    5.14440e+04   -2.14229e+05   -2.12152e+05    2.99714e+02
 Pres. DC (bar) Pressure (bar)   Constr. rmsd
   -1.85109e+02    2.31962e+01    6.15842e-05

           Step           Time
          24000       48.00000

   Energies (kJ/mol)
          Angle    Proper Dih.  Improper Dih.          LJ-14     Coulomb-14
    1.05936e+04    1.04847e+04    5.77793e+02    4.30209e+03    3.65931e+04
        LJ (SR)  Disper. corr.   Coulomb (SR)   Coul. recip. Position Rest.
    2.75915e+04   -2.31009e+03   -3.57186e+05    1.47366e+03    3.38595e+03
      Potential    Kinetic En.   Total Energy  Conserved En.    Temperature
   -2.64494e+05    5.25934e+04   -2.11900e+05   -2.12198e+05    3.06410e+02
 Pres. DC (bar) Pressure (bar)   Constr. rmsd
   -1.85109e+02    5.68329e+02    5.73624e-05

           Step           Time
          24500       49.00000

   Energies (kJ/mol)
          Angle    Proper Dih.  Improper Dih.          LJ-14     Coulomb-14
    1.04042e+04    1.03271e+04    5.56018e+02    4.34466e+03    3.63396e+04
        LJ (SR)  Disper. corr.   Coulomb (SR)   Coul. recip. Position Rest.
    2.75424e+04   -2.31009e+03   -3.57976e+05    1.55262e+03    3.37154e+03
      Potential    Kinetic En.   Total Energy  Conserved En.    Temperature
   -2.65848e+05    5.23032e+04   -2.13545e+05   -2.12273e+05    3.04719e+02
 Pres. DC (bar) Pressure (bar)   Constr. rmsd
   -1.85109e+02    6.49900e+02    5.65196e-05

           Step           Time
          25000       50.00000

   Energies (kJ/mol)
          Angle    Proper Dih.  Improper Dih.          LJ-14     Coulomb-14
    1.03807e+04    1.05518e+04    5.44274e+02    4.29614e+03    3.67436e+04
        LJ (SR)  Disper. corr.   Coulomb (SR)   Coul. recip. Position Rest.
    2.74678e+04   -2.31009e+03   -3.57814e+05    1.52573e+03    3.36079e+03
      Potential    Kinetic En.   Total Energy  Conserved En.    Temperature
   -2.65254e+05    5.09111e+04   -2.14342e+05   -2.12296e+05    2.96609e+02
 Pres. DC (bar) Pressure (bar)   Constr. rmsd
   -1.85109e+02   -2.69688e+02    5.54275e-05

           Step           Time
          25500       51.00000

   Energies (kJ/mol)
          Angle    Proper Dih.  Improper Dih.          LJ-14     Coulomb-14
    1.05347e+04    1.03983e+04    5.70460e+02    4.29559e+03    3.65445e+04
        LJ (SR)  Disper. corr.   Coulomb (SR)   Coul. recip. Position Rest.
    2.81450e+04   -2.31009e+03   -3.58595e+05    1.52585e+03    3.43980e+03
      Potential    Kinetic En.   Total Energy  Conserved En.    Temperature
   -2.65451e+05    5.16195e+04   -2.13831e+05   -2.12332e+05    3.00736e+02
 Pres. DC (bar) Pressure (bar)   Constr. rmsd
   -1.85109e+02    5.00964e+02    6.00787e-05

           Step           Time
          26000       52.00000

   Energies (kJ/mol)
          Angle    Proper Dih.  Improper Dih.          LJ-14     Coulomb-14
    1.05574e+04    1.04833e+04    5.62355e+02    4.30037e+03    3.63521e+04
        LJ (SR)  Disper. corr.   Coulomb (SR)   Coul. recip. Position Rest.
    2.80608e+04   -2.31009e+03   -3.58875e+05    1.55705e+03    3.28866e+03
      Potential    Kinetic En.   Total Energy  Conserved En.    Temperature
   -2.66023e+05    5.13036e+04   -2.14720e+05   -2.12366e+05    2.98896e+02
 Pres. DC (bar) Pressure (bar)   Constr. rmsd
   -1.85109e+02   -1.18359e+02    5.40268e-05

           Step           Time
          26500       53.00000

   Energies (kJ/mol)
          Angle    Proper Dih.  Improper Dih.          LJ-14     Coulomb-14
    1.02583e+04    1.05614e+04    5.48898e+02    4.35704e+03    3.66509e+04
        LJ (SR)  Disper. corr.   Coulomb (SR)   Coul. recip. Position Rest.
    2.80197e+04   -2.31009e+03   -3.58467e+05    1.52147e+03    3.32252e+03
      Potential    Kinetic En.   Total Energy  Conserved En.    Temperature
   -2.65537e+05    5.15616e+04   -2.13975e+05   -2.12459e+05    3.00399e+02
 Pres. DC (bar) Pressure (bar)   Constr. rmsd
   -1.85109e+02   -4.67116e+02    5.55968e-05

           Step           Time
          27000       54.00000

   Energies (kJ/mol)
          Angle    Proper Dih.  Improper Dih.          LJ-14     Coulomb-14
    1.05662e+04    1.04409e+04    5.10890e+02    4.23697e+03    3.65768e+04
        LJ (SR)  Disper. corr.   Coulomb (SR)   Coul. recip. Position Rest.
    2.79264e+04   -2.31009e+03   -3.58064e+05    1.55369e+03    3.43298e+03
      Potential    Kinetic En.   Total Energy  Conserved En.    Temperature
   -2.65129e+05    5.14746e+04   -2.13654e+05   -2.12508e+05    2.99892e+02
 Pres. DC (bar) Pressure (bar)   Constr. rmsd
   -1.85109e+02    1.29872e+02    5.48514e-05

           Step           Time
          27500       55.00000

   Energies (kJ/mol)
          Angle    Proper Dih.  Improper Dih.          LJ-14     Coulomb-14
    1.04553e+04    1.04537e+04    5.60714e+02    4.32294e+03    3.63744e+04
        LJ (SR)  Disper. corr.   Coulomb (SR)   Coul. recip. Position Rest.
    2.71461e+04   -2.31009e+03   -3.56518e+05    1.53859e+03    3.28677e+03
      Potential    Kinetic En.   Total Energy  Conserved En.    Temperature
   -2.64690e+05    5.19711e+04   -2.12719e+05   -2.12564e+05    3.02785e+02
 Pres. DC (bar) Pressure (bar)   Constr. rmsd
   -1.85109e+02    3.58596e+02    6.22943e-05

           Step           Time
          28000       56.00000

   Energies (kJ/mol)
          Angle    Proper Dih.  Improper Dih.          LJ-14     Coulomb-14
    1.03514e+04    1.04636e+04    5.35882e+02    4.32017e+03    3.65909e+04
        LJ (SR)  Disper. corr.   Coulomb (SR)   Coul. recip. Position Rest.
    2.78853e+04   -2.31009e+03   -3.58408e+05    1.56310e+03    3.34389e+03
      Potential    Kinetic En.   Total Energy  Conserved En.    Temperature
   -2.65664e+05    5.20444e+04   -2.13620e+05   -2.12613e+05    3.03212e+02
 Pres. DC (bar) Pressure (bar)   Constr. rmsd
   -1.85109e+02    3.66096e+02    5.07706e-05

           Step           Time
          28500       57.00000

   Energies (kJ/mol)
          Angle    Proper Dih.  Improper Dih.          LJ-14     Coulomb-14
    1.01552e+04    1.04784e+04    6.02516e+02    4.37292e+03    3.67136e+04
        LJ (SR)  Disper. corr.   Coulomb (SR)   Coul. recip. Position Rest.
    2.82052e+04   -2.31009e+03   -3.59021e+05    1.54283e+03    3.35049e+03
      Potential    Kinetic En.   Total Energy  Conserved En.    Temperature
   -2.65910e+05    5.14087e+04   -2.14501e+05   -2.12668e+05    2.99508e+02
 Pres. DC (bar) Pressure (bar)   Constr. rmsd
   -1.85109e+02    2.71107e+02    5.44625e-05

           Step           Time
          29000       58.00000

   Energies (kJ/mol)
          Angle    Proper Dih.  Improper Dih.          LJ-14     Coulomb-14
    1.05570e+04    1.03590e+04    5.62285e+02    4.33177e+03    3.67322e+04
        LJ (SR)  Disper. corr.   Coulomb (SR)   Coul. recip. Position Rest.
    2.76743e+04   -2.31009e+03   -3.57906e+05    1.52948e+03    3.19911e+03
      Potential    Kinetic En.   Total Energy  Conserved En.    Temperature
   -2.65271e+05    5.15301e+04   -2.13740e+05   -2.12711e+05    3.00215e+02
 Pres. DC (bar) Pressure (bar)   Constr. rmsd
   -1.85109e+02    2.33035e+02    5.35806e-05

           Step           Time
          29500       59.00000

   Energies (kJ/mol)
          Angle    Proper Dih.  Improper Dih.          LJ-14     Coulomb-14
    1.05475e+04    1.05449e+04    5.63749e+02    4.24943e+03    3.62784e+04
        LJ (SR)  Disper. corr.   Coulomb (SR)   Coul. recip. Position Rest.
    2.85992e+04   -2.31009e+03   -3.58870e+05    1.59857e+03    3.18855e+03
      Potential    Kinetic En.   Total Energy  Conserved En.    Temperature
   -2.65609e+05    5.12538e+04   -2.14356e+05   -2.12748e+05    2.98606e+02
 Pres. DC (bar) Pressure (bar)   Constr. rmsd
   -1.85109e+02    5.46337e+02    6.09456e-05

           Step           Time
          30000       60.00000

   Energies (kJ/mol)
          Angle    Proper Dih.  Improper Dih.          LJ-14     Coulomb-14
    1.03856e+04    1.04829e+04    5.24972e+02    4.36426e+03    3.66730e+04
        LJ (SR)  Disper. corr.   Coulomb (SR)   Coul. recip. Position Rest.
    2.71548e+04   -2.31009e+03   -3.57915e+05    1.59042e+03    3.36577e+03
      Potential    Kinetic En.   Total Energy  Conserved En.    Temperature
   -2.65683e+05    5.07569e+04   -2.14926e+05   -2.12795e+05    2.95711e+02
 Pres. DC (bar) Pressure (bar)   Constr. rmsd
   -1.85109e+02   -2.79437e+02    5.65698e-05

           Step           Time
          30500       61.00000

   Energies (kJ/mol)
          Angle    Proper Dih.  Improper Dih.          LJ-14     Coulomb-14
    1.03747e+04    1.04180e+04    5.36165e+02    4.36429e+03    3.65684e+04
        LJ (SR)  Disper. corr.   Coulomb (SR)   Coul. recip. Position Rest.
    2.70361e+04   -2.31009e+03   -3.57874e+05    1.43419e+03    3.42908e+03
      Potential    Kinetic En.   Total Energy  Conserved En.    Temperature
   -2.66023e+05    5.11710e+04   -2.14852e+05   -2.12857e+05    2.98123e+02
 Pres. DC (bar) Pressure (bar)   Constr. rmsd
   -1.85109e+02   -1.33407e+02    5.11478e-05

           Step           Time
          31000       62.00000

   Energies (kJ/mol)
          Angle    Proper Dih.  Improper Dih.          LJ-14     Coulomb-14
    1.02291e+04    1.04252e+04    5.82818e+02    4.33134e+03    3.65983e+04
        LJ (SR)  Disper. corr.   Coulomb (SR)   Coul. recip. Position Rest.
    2.77661e+04   -2.31009e+03   -3.59180e+05    1.55855e+03    3.33760e+03
      Potential    Kinetic En.   Total Energy  Conserved En.    Temperature
   -2.66661e+05    5.12784e+04   -2.15383e+05   -2.12936e+05    2.98749e+02
 Pres. DC (bar) Pressure (bar)   Constr. rmsd
   -1.85109e+02    2.45749e+02    5.46615e-05

           Step           Time
          31500       63.00000

   Energies (kJ/mol)
          Angle    Proper Dih.  Improper Dih.          LJ-14     Coulomb-14
    1.02788e+04    1.04954e+04    5.45515e+02    4.27728e+03    3.64791e+04
        LJ (SR)  Disper. corr.   Coulomb (SR)   Coul. recip. Position Rest.
    2.71053e+04   -2.31009e+03   -3.58201e+05    1.58125e+03    3.22044e+03
      Potential    Kinetic En.   Total Energy  Conserved En.    Temperature
   -2.66528e+05    5.02227e+04   -2.16306e+05   -2.12968e+05    2.92598e+02
 Pres. DC (bar) Pressure (bar)   Constr. rmsd
   -1.85109e+02    2.32173e+02    5.11188e-05

           Step           Time
          32000       64.00000

   Energies (kJ/mol)
          Angle    Proper Dih.  Improper Dih.          LJ-14     Coulomb-14
    1.03340e+04    1.04400e+04    5.15843e+02    4.32452e+03    3.66430e+04
        LJ (SR)  Disper. corr.   Coulomb (SR)   Coul. recip. Position Rest.
    2.75725e+04   -2.31009e+03   -3.58891e+05    1.50313e+03    3.36667e+03
      Potential    Kinetic En.   Total Energy  Conserved En.    Temperature
   -2.66502e+05    5.11069e+04   -2.15395e+05   -2.13003e+05    2.97750e+02
 Pres. DC (bar) Pressure (bar)   Constr. rmsd
   -1.85109e+02    2.84532e+02    5.22526e-05

           Step           Time
          32500       65.00000

   Energies (kJ/mol)
          Angle    Proper Dih.  Improper Dih.          LJ-14     Coulomb-14
    1.01793e+04    1.04997e+04    5.42709e+02    4.32284e+03    3.65693e+04
        LJ (SR)  Disper. corr.   Coulomb (SR)   Coul. recip. Position Rest.
    2.77655e+04   -2.31009e+03   -3.58490e+05    1.58871e+03    3.40830e+03
      Potential    Kinetic En.   Total Energy  Conserved En.    Temperature
   -2.65924e+05    5.09067e+04   -2.15017e+05   -2.13068e+05    2.96583e+02
 Pres. DC (bar) Pressure (bar)   Constr. rmsd
   -1.85109e+02   -3.31148e+02    5.33111e-05

           Step           Time
          33000       66.00000

   Energies (kJ/mol)
          Angle    Proper Dih.  Improper Dih.          LJ-14     Coulomb-14
    1.03131e+04    1.04621e+04    5.00700e+02    4.41922e+03    3.66553e+04
        LJ (SR)  Disper. corr.   Coulomb (SR)   Coul. recip. Position Rest.
    2.86013e+04   -2.31009e+03   -3.59961e+05    1.48978e+03    3.34784e+03
      Potential    Kinetic En.   Total Energy  Conserved En.    Temperature
   -2.66481e+05    5.13554e+04   -2.15126e+05   -2.13133e+05    2.99197e+02
 Pres. DC (bar) Pressure (bar)   Constr. rmsd
   -1.85109e+02    2.07538e+02    5.19039e-05

           Step           Time
          33500       67.00000

   Energies (kJ/mol)
          Angle    Proper Dih.  Improper Dih.          LJ-14     Coulomb-14
    1.02877e+04    1.04205e+04    5.00186e+02    4.29615e+03    3.64196e+04
        LJ (SR)  Disper. corr.   Coulomb (SR)   Coul. recip. Position Rest.
    2.76494e+04   -2.31009e+03   -3.58858e+05    1.46874e+03    3.45647e+03
      Potential    Kinetic En.   Total Energy  Conserved En.    Temperature
   -2.66669e+05    5.08911e+04   -2.15778e+05   -2.13163e+05    2.96493e+02
 Pres. DC (bar) Pressure (bar)   Constr. rmsd
   -1.85109e+02    1.25199e+01    5.20835e-05

           Step           Time
          34000       68.00000

   Energies (kJ/mol)
          Angle    Proper Dih.  Improper Dih.          LJ-14     Coulomb-14
    1.02976e+04    1.04438e+04    5.53001e+02    4.38223e+03    3.66688e+04
        LJ (SR)  Disper. corr.   Coulomb (SR)   Coul. recip. Position Rest.
    2.78136e+04   -2.31009e+03   -3.58587e+05    1.55338e+03    3.25603e+03
      Potential    Kinetic En.   Total Energy  Conserved En.    Temperature
   -2.65928e+05    5.12823e+04   -2.14646e+05   -2.13228e+05    2.98772e+02
 Pres. DC (bar) Pressure (bar)   Constr. rmsd
   -1.85109e+02    6.49097e+02    5.45379e-05

           Step           Time
          34500       69.00000

   Energies (kJ/mol)
          Angle    Proper Dih.  Improper Dih.          LJ-14     Coulomb-14
    1.05112e+04    1.04747e+04    5.67152e+02    4.28812e+03    3.63248e+04
        LJ (SR)  Disper. corr.   Coulomb (SR)   Coul. recip. Position Rest.
    2.70496e+04   -2.31009e+03   -3.57544e+05    1.64078e+03    3.30911e+03
      Potential    Kinetic En.   Total Energy  Conserved En.    Temperature
   -2.65688e+05    5.14300e+04   -2.14258e+05   -2.13284e+05    2.99633e+02
 Pres. DC (bar) Pressure (bar)   Constr. rmsd
   -1.85109e+02   -6.51830e+01    5.93701e-05

           Step           Time
          35000       70.00000

   Energies (kJ/mol)
          Angle    Proper Dih.  Improper Dih.          LJ-14     Coulomb-14
    1.02151e+04    1.03895e+04    5.52074e+02    4.36591e+03    3.62520e+04
        LJ (SR)  Disper. corr.   Coulomb (SR)   Coul. recip. Position Rest.
    2.86456e+04   -2.31009e+03   -3.59175e+05    1.54117e+03    3.32851e+03
      Potential    Kinetic En.   Total Energy  Conserved En.    Temperature
   -2.66196e+05    5.14922e+04   -2.14703e+05   -2.13355e+05    2.99994e+02
 Pres. DC (bar) Pressure (bar)   Constr. rmsd
   -1.85109e+02    3.28199e+02    5.47047e-05

           Step           Time
          35500       71.00000

   Energies (kJ/mol)
          Angle    Proper Dih.  Improper Dih.          LJ-14     Coulomb-14
    1.02260e+04    1.04066e+04    5.76576e+02    4.31268e+03    3.65860e+04
        LJ (SR)  Disper. corr.   Coulomb (SR)   Coul. recip. Position Rest.
    2.73766e+04   -2.31009e+03   -3.58590e+05    1.56073e+03    3.29190e+03
      Potential    Kinetic En.   Total Energy  Conserved En.    Temperature
   -2.66563e+05    5.12393e+04   -2.15324e+05   -2.13377e+05    2.98521e+02
 Pres. DC (bar) Pressure (bar)   Constr. rmsd
   -1.85109e+02    2.71434e+00    5.09351e-05

           Step           Time
          36000       72.00000

   Energies (kJ/mol)
          Angle    Proper Dih.  Improper Dih.          LJ-14     Coulomb-14
    1.04168e+04    1.04752e+04    5.53242e+02    4.34863e+03    3.67716e+04
        LJ (SR)  Disper. corr.   Coulomb (SR)   Coul. recip. Position Rest.
    2.74713e+04   -2.31009e+03   -3.58283e+05    1.48711e+03    3.37705e+03
      Potential    Kinetic En.   Total Energy  Conserved En.    Temperature
   -2.65692e+05    5.08603e+04   -2.14832e+05   -2.13438e+05    2.96313e+02
 Pres. DC (bar) Pressure (bar)   Constr. rmsd
   -1.85109e+02   -9.76766e+01    5.28830e-05

           Step           Time
          36500       73.00000

   Energies (kJ/mol)
          Angle    Proper Dih.  Improper Dih.          LJ-14     Coulomb-14
    1.05635e+04    1.05016e+04    5.29366e+02    4.29473e+03    3.65013e+04
        LJ (SR)  Disper. corr.   Coulomb (SR)   Coul. recip. Position Rest.
    2.69796e+04   -2.31009e+03   -3.57478e+05    1.53894e+03    3.31107e+03
      Potential    Kinetic En.   Total Energy  Conserved En.    Temperature
   -2.65568e+05    5.14200e+04   -2.14148e+05   -2.13487e+05    2.99574e+02
 Pres. DC (bar) Pressure (bar)   Constr. rmsd
   -1.85109e+02   -1.63779e+01    6.12230e-05

           Step           Time
          37000       74.00000

   Energies (kJ/mol)
          Angle    Proper Dih.  Improper Dih.          LJ-14     Coulomb-14
    1.01724e+04    1.04783e+04    5.39921e+02    4.29360e+03    3.65480e+04
        LJ (SR)  Disper. corr.   Coulomb (SR)   Coul. recip. Position Rest.
    2.77802e+04   -2.31009e+03   -3.58484e+05    1.53885e+03    3.39392e+03
      Potential    Kinetic En.   Total Energy  Conserved En.    Temperature
   -2.66049e+05    5.16695e+04   -2.14380e+05   -2.13563e+05    3.01028e+02
 Pres. DC (bar) Pressure (bar)   Constr. rmsd
   -1.85109e+02   -3.05120e+02    5.46196e-05

           Step           Time
          37500       75.00000

   Energies (kJ/mol)
          Angle    Proper Dih.  Improper Dih.          LJ-14     Coulomb-14
    1.02772e+04    1.04409e+04    5.29189e+02    4.31587e+03    3.65844e+04
        LJ (SR)  Disper. corr.   Coulomb (SR)   Coul. recip. Position Rest.
    2.81008e+04   -2.31009e+03   -3.58898e+05    1.59435e+03    3.36636e+03
      Potential    Kinetic En.   Total Energy  Conserved En.    Temperature
   -2.65999e+05    5.13863e+04   -2.14613e+05   -2.13609e+05    2.99378e+02
 Pres. DC (bar) Pressure (bar)   Constr. rmsd
   -1.85109e+02    3.31521e+02    5.30479e-05

           Step           Time
          38000       76.00000

   Energies (kJ/mol)
          Angle    Proper Dih.  Improper Dih.          LJ-14     Coulomb-14
    1.04446e+04    1.03529e+04    5.67471e+02    4.18624e+03    3.63843e+04
        LJ (SR)  Disper. corr.   Coulomb (SR)   Coul. recip. Position Rest.
    2.82904e+04   -2.31009e+03   -3.59110e+05    1.50074e+03    3.31352e+03
      Potential    Kinetic En.   Total Energy  Conserved En.    Temperature
   -2.66380e+05    5.17113e+04   -2.14668e+05   -2.13669e+05    3.01271e+02
 Pres. DC (bar) Pressure (bar)   Constr. rmsd
   -1.85109e+02   -3.24633e+02    5.62423e-05

           Step           Time
          38500       77.00000

   Energies (kJ/mol)
          Angle    Proper Dih.  Improper Dih.          LJ-14     Coulomb-14
    1.03339e+04    1.04776e+04    5.54443e+02    4.36628e+03    3.66780e+04
        LJ (SR)  Disper. corr.   Coulomb (SR)   Coul. recip. Position Rest.
    2.81718e+04   -2.31009e+03   -3.58941e+05    1.44869e+03    3.32899e+03
      Potential    Kinetic En.   Total Energy  Conserved En.    Temperature
   -2.65891e+05    5.15721e+04   -2.14319e+05   -2.13717e+05    3.00460e+02
 Pres. DC (bar) Pressure (bar)   Constr. rmsd
   -1.85109e+02    4.59859e+02    5.28916e-05

           Step           Time
          39000       78.00000

   Energies (kJ/mol)
          Angle    Proper Dih.  Improper Dih.          LJ-14     Coulomb-14
    1.02145e+04    1.04162e+04    5.29974e+02    4.27816e+03    3.65291e+04
        LJ (SR)  Disper. corr.   Coulomb (SR)   Coul. recip. Position Rest.
    2.72499e+04   -2.31009e+03   -3.58529e+05    1.48495e+03    3.49708e+03
      Potential    Kinetic En.   Total Energy  Conserved En.    Temperature
   -2.66639e+05    5.12417e+04   -2.15398e+05   -2.13773e+05    2.98535e+02
 Pres. DC (bar) Pressure (bar)   Constr. rmsd
   -1.85109e+02   -5.94015e+02    5.28385e-05

           Step           Time
          39500       79.00000

   Energies (kJ/mol)
          Angle    Proper Dih.  Improper Dih.          LJ-14     Coulomb-14
    1.02952e+04    1.04052e+04    4.94571e+02    4.30503e+03    3.65564e+04
        LJ (SR)  Disper. corr.   Coulomb (SR)   Coul. recip. Position Rest.
    2.86251e+04   -2.31009e+03   -3.59322e+05    1.45677e+03    3.17510e+03
      Potential    Kinetic En.   Total Energy  Conserved En.    Temperature
   -2.66319e+05    5.09988e+04   -2.15320e+05   -2.13822e+05    2.97120e+02
 Pres. DC (bar) Pressure (bar)   Constr. rmsd
   -1.85109e+02    6.06297e+02    5.91975e-05

           Step           Time
          40000       80.00000

   Energies (kJ/mol)
          Angle    Proper Dih.  Improper Dih.          LJ-14     Coulomb-14
    1.02793e+04    1.03938e+04    4.88780e+02    4.34235e+03    3.64722e+04
        LJ (SR)  Disper. corr.   Coulomb (SR)   Coul. recip. Position Rest.
    2.78109e+04   -2.31009e+03   -3.59418e+05    1.51304e+03    3.40344e+03
      Potential    Kinetic En.   Total Energy  Conserved En.    Temperature
   -2.67024e+05    5.08967e+04   -2.16128e+05   -2.13861e+05    2.96525e+02
 Pres. DC (bar) Pressure (bar)   Constr. rmsd
   -1.85109e+02    3.95171e+02    5.89779e-05

           Step           Time
          40500       81.00000

   Energies (kJ/mol)
          Angle    Proper Dih.  Improper Dih.          LJ-14     Coulomb-14
    9.98251e+03    1.04122e+04    6.01029e+02    4.26115e+03    3.65450e+04
        LJ (SR)  Disper. corr.   Coulomb (SR)   Coul. recip. Position Rest.
    2.85060e+04   -2.31009e+03   -3.59654e+05    1.50290e+03    3.46985e+03
      Potential    Kinetic En.   Total Energy  Conserved En.    Temperature
   -2.66684e+05    5.07584e+04   -2.15925e+05   -2.13922e+05    2.95719e+02
 Pres. DC (bar) Pressure (bar)   Constr. rmsd
   -1.85109e+02    4.23601e+02    5.17609e-05

           Step           Time
          41000       82.00000

   Energies (kJ/mol)
          Angle    Proper Dih.  Improper Dih.          LJ-14     Coulomb-14
    1.04091e+04    1.04472e+04    5.44653e+02    4.38373e+03    3.66105e+04
        LJ (SR)  Disper. corr.   Coulomb (SR)   Coul. recip. Position Rest.
    2.74977e+04   -2.31009e+03   -3.58176e+05    1.47560e+03    3.48558e+03
      Potential    Kinetic En.   Total Energy  Conserved En.    Temperature
   -2.65632e+05    5.14125e+04   -2.14220e+05   -2.13967e+05    2.99530e+02
 Pres. DC (bar) Pressure (bar)   Constr. rmsd
   -1.85109e+02   -4.64884e+01    5.47823e-05

           Step           Time
          41500       83.00000

   Energies (kJ/mol)
          Angle    Proper Dih.  Improper Dih.          LJ-14     Coulomb-14
    1.01818e+04    1.04709e+04    5.62390e+02    4.36096e+03    3.65677e+04
        LJ (SR)  Disper. corr.   Coulomb (SR)   Coul. recip. Position Rest.
    2.72218e+04   -2.31009e+03   -3.57690e+05    1.46837e+03    3.27983e+03
      Potential    Kinetic En.   Total Energy  Conserved En.    Temperature
   -2.65887e+05    5.11895e+04   -2.14697e+05   -2.14018e+05    2.98231e+02
 Pres. DC (bar) Pressure (bar)   Constr. rmsd
   -1.85109e+02    3.81650e+02    5.03127e-05

           Step           Time
          42000       84.00000

   Energies (kJ/mol)
          Angle    Proper Dih.  Improper Dih.          LJ-14     Coulomb-14
    1.02152e+04    1.05378e+04    5.48673e+02    4.33532e+03    3.64108e+04
        LJ (SR)  Disper. corr.   Coulomb (SR)   Coul. recip. Position Rest.
    2.82986e+04   -2.31009e+03   -3.59068e+05    1.47547e+03    3.40855e+03
      Potential    Kinetic En.   Total Energy  Conserved En.    Temperature
   -2.66148e+05    5.17304e+04   -2.14417e+05   -2.14086e+05    3.01383e+02
 Pres. DC (bar) Pressure (bar)   Constr. rmsd
   -1.85109e+02    3.74501e+02    5.28487e-05

           Step           Time
          42500       85.00000

   Energies (kJ/mol)
          Angle    Proper Dih.  Improper Dih.          LJ-14     Coulomb-14
    1.02276e+04    1.04044e+04    5.42347e+02    4.44212e+03    3.65734e+04
        LJ (SR)  Disper. corr.   Coulomb (SR)   Coul. recip. Position Rest.
    2.83046e+04   -2.31009e+03   -3.59718e+05    1.46898e+03    3.41910e+03
      Potential    Kinetic En.   Total Energy  Conserved En.    Temperature
   -2.66645e+05    5.22009e+04   -2.14445e+05   -2.14138e+05    3.04124e+02
 Pres. DC (bar) Pressure (bar)   Constr. rmsd
   -1.85109e+02    4.83361e+02    5.05763e-05

           Step           Time
          43000       86.00000

   Energies (kJ/mol)
          Angle    Proper Dih.  Improper Dih.          LJ-14     Coulomb-14
    1.02173e+04    1.07086e+04    6.28906e+02    4.30078e+03    3.63866e+04
        LJ (SR)  Disper. corr.   Coulomb (SR)   Coul. recip. Position Rest.
    2.83848e+04   -2.31009e+03   -3.59407e+05    1.46851e+03    3.37914e+03
      Potential    Kinetic En.   Total Energy  Conserved En.    Temperature
   -2.66243e+05    5.08357e+04   -2.15407e+05   -2.14164e+05    2.96170e+02
 Pres. DC (bar) Pressure (bar)   Constr. rmsd
   -1.85109e+02   -3.40042e+02    5.00032e-05

           Step           Time
          43500       87.00000

   Energies (kJ/mol)
          Angle    Proper Dih.  Improper Dih.          LJ-14     Coulomb-14
    1.04509e+04    1.05511e+04    5.35622e+02    4.37360e+03    3.65605e+04
        LJ (SR)  Disper. corr.   Coulomb (SR)   Coul. recip. Position Rest.
    2.76925e+04   -2.31009e+03   -3.58746e+05    1.51391e+03    3.32983e+03
      Potential    Kinetic En.   Total Energy  Conserved En.    Temperature
   -2.66048e+05    5.11082e+04   -2.14940e+05   -2.14222e+05    2.97757e+02
 Pres. DC (bar) Pressure (bar)   Constr. rmsd
   -1.85109e+02    3.88188e+02    5.78126e-05

           Step           Time
          44000       88.00000

   Energies (kJ/mol)
          Angle    Proper Dih.  Improper Dih.          LJ-14     Coulomb-14
    1.01489e+04    1.05517e+04    5.72575e+02    4.32556e+03    3.64896e+04
        LJ (SR)  Disper. corr.   Coulomb (SR)   Coul. recip. Position Rest.
    2.78732e+04   -2.31009e+03   -3.58200e+05    1.61712e+03    3.43201e+03
      Potential    Kinetic En.   Total Energy  Conserved En.    Temperature
   -2.65499e+05    5.11535e+04   -2.14346e+05   -2.14289e+05    2.98021e+02
 Pres. DC (bar) Pressure (bar)   Constr. rmsd
   -1.85109e+02    6.73788e+01    5.46243e-05

           Step           Time
          44500       89.00000

   Energies (kJ/mol)
          Angle    Proper Dih.  Improper Dih.          LJ-14     Coulomb-14
    1.04409e+04    1.03784e+04    5.34243e+02    4.36671e+03    3.66569e+04
        LJ (SR)  Disper. corr.   Coulomb (SR)   Coul. recip. Position Rest.
    2.82764e+04   -2.31009e+03   -3.58461e+05    1.46343e+03    3.41388e+03
      Potential    Kinetic En.   Total Energy  Conserved En.    Temperature
   -2.65240e+05    5.15075e+04   -2.13733e+05   -2.14314e+05    3.00084e+02
 Pres. DC (bar) Pressure (bar)   Constr. rmsd
   -1.85109e+02    2.36514e+02    5.27704e-05

           Step           Time
          45000       90.00000

   Energies (kJ/mol)
          Angle    Proper Dih.  Improper Dih.          LJ-14     Coulomb-14
    1.05057e+04    1.05082e+04    4.95565e+02    4.30407e+03    3.63829e+04
        LJ (SR)  Disper. corr.   Coulomb (SR)   Coul. recip. Position Rest.
    2.76663e+04   -2.31009e+03   -3.58714e+05    1.48725e+03    3.57322e+03
      Potential    Kinetic En.   Total Energy  Conserved En.    Temperature
   -2.66101e+05    5.19471e+04   -2.14154e+05   -2.14369e+05    3.02645e+02
 Pres. DC (bar) Pressure (bar)   Constr. rmsd
   -1.85109e+02    1.90138e+02    5.55736e-05

           Step           Time
          45500       91.00000

   Energies (kJ/mol)
          Angle    Proper Dih.  Improper Dih.          LJ-14     Coulomb-14
    1.03021e+04    1.05705e+04    5.09989e+02    4.33315e+03    3.65201e+04
        LJ (SR)  Disper. corr.   Coulomb (SR)   Coul. recip. Position Rest.
    2.70492e+04   -2.31009e+03   -3.57017e+05    1.53331e+03    3.43143e+03
      Potential    Kinetic En.   Total Energy  Conserved En.    Temperature
   -2.65077e+05    5.14383e+04   -2.13639e+05   -2.14453e+05    2.99681e+02
 Pres. DC (bar) Pressure (bar)   Constr. rmsd
   -1.85109e+02    2.62889e+02    5.39639e-05

           Step           Time
          46000       92.00000

   Energies (kJ/mol)
          Angle    Proper Dih.  Improper Dih.          LJ-14     Coulomb-14
    1.03916e+04    1.05023e+04    5.82603e+02    4.30443e+03    3.65800e+04
        LJ (SR)  Disper. corr.   Coulomb (SR)   Coul. recip. Position Rest.
    2.82131e+04   -2.31009e+03   -3.58929e+05    1.48437e+03    3.37763e+03
      Potential    Kinetic En.   Total Energy  Conserved En.    Temperature
   -2.65803e+05    5.23055e+04   -2.13497e+05   -2.14509e+05    3.04733e+02
 Pres. DC (bar) Pressure (bar)   Constr. rmsd
   -1.85109e+02    5.39860e+02    5.62802e-05

           Step           Time
          46500       93.00000

   Energies (kJ/mol)
          Angle    Proper Dih.  Improper Dih.          LJ-14     Coulomb-14
    1.00938e+04    1.05507e+04    5.45503e+02    4.28113e+03    3.64806e+04
        LJ (SR)  Disper. corr.   Coulomb (SR)   Coul. recip. Position Rest.
    2.75252e+04   -2.31009e+03   -3.58378e+05    1.54284e+03    3.39022e+03
      Potential    Kinetic En.   Total Energy  Conserved En.    Temperature
   -2.66278e+05    5.16868e+04   -2.14591e+05   -2.14578e+05    3.01128e+02
 Pres. DC (bar) Pressure (bar)   Constr. rmsd
   -1.85109e+02   -2.56173e+02    5.31249e-05

           Step           Time
          47000       94.00000

   Energies (kJ/mol)
          Angle    Proper Dih.  Improper Dih.          LJ-14     Coulomb-14
    1.05500e+04    1.04790e+04    5.64412e+02    4.34236e+03    3.67010e+04
        LJ (SR)  Disper. corr.   Coulomb (SR)   Coul. recip. Position Rest.
    2.72278e+04   -2.31009e+03   -3.58177e+05    1.49166e+03    3.36294e+03
      Potential    Kinetic En.   Total Energy  Conserved En.    Temperature
   -2.65768e+05    5.13816e+04   -2.14386e+05   -2.14590e+05    2.99350e+02
 Pres. DC (bar) Pressure (bar)   Constr. rmsd
   -1.85109e+02   -2.47308e+01    5.35947e-05

           Step           Time
          47500       95.00000

   Energies (kJ/mol)
          Angle    Proper Dih.  Improper Dih.          LJ-14     Coulomb-14
    1.03345e+04    1.05498e+04    5.32194e+02    4.39821e+03    3.66708e+04
        LJ (SR)  Disper. corr.   Coulomb (SR)   Coul. recip. Position Rest.
    2.76290e+04   -2.31009e+03   -3.57959e+05    1.53842e+03    3.42956e+03
      Potential    Kinetic En.   Total Energy  Conserved En.    Temperature
   -2.65187e+05    5.18214e+04   -2.13365e+05   -2.14669e+05    3.01912e+02
 Pres. DC (bar) Pressure (bar)   Constr. rmsd
   -1.85109e+02    2.67999e+02    5.37003e-05

           Step           Time
          48000       96.00000

   Energies (kJ/mol)
          Angle    Proper Dih.  Improper Dih.          LJ-14     Coulomb-14
    1.03579e+04    1.05012e+04    5.35628e+02    4.31093e+03    3.65891e+04
        LJ (SR)  Disper. corr.   Coulomb (SR)   Coul. recip. Position Rest.
    2.78641e+04   -2.31009e+03   -3.58377e+05    1.45556e+03    3.40010e+03
      Potential    Kinetic En.   Total Energy  Conserved En.    Temperature
   -2.65673e+05    5.14905e+04   -2.14182e+05   -2.14731e+05    2.99985e+02
 Pres. DC (bar) Pressure (bar)   Constr. rmsd
   -1.85109e+02   -1.37294e+01    5.44694e-05

           Step           Time
          48500       97.00000

   Energies (kJ/mol)
          Angle    Proper Dih.  Improper Dih.          LJ-14     Coulomb-14
    1.04457e+04    1.05214e+04    5.65455e+02    4.24550e+03    3.64428e+04
        LJ (SR)  Disper. corr.   Coulomb (SR)   Coul. recip. Position Rest.
    2.84193e+04   -2.31009e+03   -3.59378e+05    1.52067e+03    3.42551e+03
      Potential    Kinetic En.   Total Energy  Conserved En.    Temperature
   -2.66101e+05    5.11962e+04   -2.14905e+05   -2.14769e+05    2.98270e+02
 Pres. DC (bar) Pressure (bar)   Constr. rmsd
   -1.85109e+02   -1.55258e+02    5.46211e-05

           Step           Time
          49000       98.00000

   Energies (kJ/mol)
          Angle    Proper Dih.  Improper Dih.          LJ-14     Coulomb-14
    1.01827e+04    1.02456e+04    5.04655e+02    4.35696e+03    3.66532e+04
        LJ (SR)  Disper. corr.   Coulomb (SR)   Coul. recip. Position Rest.
    2.84189e+04   -2.31009e+03   -3.59838e+05    1.52353e+03    3.47817e+03
      Potential    Kinetic En.   Total Energy  Conserved En.    Temperature
   -2.66785e+05    5.09900e+04   -2.15795e+05   -2.14837e+05    2.97069e+02
 Pres. DC (bar) Pressure (bar)   Constr. rmsd
   -1.85109e+02    4.38135e+02    5.41506e-05

           Step           Time
          49500       99.00000

   Energies (kJ/mol)
          Angle    Proper Dih.  Improper Dih.          LJ-14     Coulomb-14
    1.05082e+04    1.03732e+04    5.22819e+02    4.34169e+03    3.65578e+04
        LJ (SR)  Disper. corr.   Coulomb (SR)   Coul. recip. Position Rest.
    2.77288e+04   -2.31009e+03   -3.58146e+05    1.48347e+03    3.29851e+03
      Potential    Kinetic En.   Total Energy  Conserved En.    Temperature
   -2.65642e+05    5.14405e+04   -2.14201e+05   -2.14876e+05    2.99694e+02
 Pres. DC (bar) Pressure (bar)   Constr. rmsd
   -1.85109e+02    1.93366e+02    5.73922e-05

           Step           Time
          50000      100.00000

Writing checkpoint, step 50000 at Mon Dec 14 11:50:50 2020


   Energies (kJ/mol)
          Angle    Proper Dih.  Improper Dih.          LJ-14     Coulomb-14
    1.01451e+04    1.04001e+04    5.25332e+02    4.37533e+03    3.63855e+04
        LJ (SR)  Disper. corr.   Coulomb (SR)   Coul. recip. Position Rest.
    2.81154e+04   -2.31009e+03   -3.58815e+05    1.53437e+03    3.42804e+03
      Potential    Kinetic En.   Total Energy  Conserved En.    Temperature
   -2.66216e+05    5.19642e+04   -2.14251e+05   -2.14964e+05    3.02745e+02
 Pres. DC (bar) Pressure (bar)   Constr. rmsd
   -1.85109e+02   -1.49819e+02    5.46493e-05


	<======  ###############  ==>
	<====  A V E R A G E S  ====>
	<==  ###############  ======>

	Statistics over 50001 steps using 501 frames

   Energies (kJ/mol)
          Angle    Proper Dih.  Improper Dih.          LJ-14     Coulomb-14
    1.03259e+04    1.04817e+04    5.47390e+02    4.33073e+03    3.65605e+04
        LJ (SR)  Disper. corr.   Coulomb (SR)   Coul. recip. Position Rest.
    2.78751e+04   -2.31009e+03   -3.58486e+05    1.53883e+03    3.39583e+03
      Potential    Kinetic En.   Total Energy  Conserved En.    Temperature
   -2.65740e+05    5.15594e+04   -2.14181e+05   -2.12301e+05    3.00386e+02
 Pres. DC (bar) Pressure (bar)   Constr. rmsd
   -1.85109e+02    6.57771e+01    0.00000e+00

   Total Virial (kJ/mol)
    1.60053e+04    1.05295e+03    1.26844e+02
    1.05278e+03    2.06573e+04    3.83102e+02
    1.27040e+02    3.83511e+02    1.36644e+04

   Pressure (bar)
    1.90085e+02   -1.71691e+02   -2.51806e+01
   -1.71664e+02   -5.54782e+02   -6.56559e+01
   -2.52120e+01   -6.57214e+01    5.62029e+02

      T-Protein  T-non-Protein
    3.01088e+02    3.00224e+02


	M E G A - F L O P S   A C C O U N T I N G

 NB=Group-cutoff nonbonded kernels    NxN=N-by-N cluster Verlet kernels
 RF=Reaction-Field  VdW=Van der Waals  QSTab=quadratic-spline table
 W3=SPC/TIP3p  W4=TIP4p (single or pairs)
 V&F=Potential and force  V=Potential only  F=Force only

 Computing:                               M-Number         M-Flops  % Flops
-----------------------------------------------------------------------------
 Pair Search distance check            4593.646532       41342.819     0.1
 NxN QSTab Elec. + LJ [F]            497882.765160    26387786.553    65.8
 NxN QSTab Elec. + LJ [V&F]            5039.186656      408174.119     1.0
 NxN QSTab Elec. [F]                 333613.528776    11342859.978    28.3
 NxN QSTab Elec. [V&F]                 3376.554768      138438.745     0.3
 1,4 nonbonded interactions             511.960239       46076.422     0.1
 Calc Weights                          3096.211923      111463.629     0.3
 Spread Q Bspline                     66052.521024      132105.042     0.3
 Gather F Bspline                     66052.521024      396315.126     1.0
 3D-FFT                               95071.701396      760573.611     1.9
 Solve PME                               93.601872        5990.520     0.0
 Shift-X                                 10.341141          62.047     0.0
 Angles                                 355.457109       59716.794     0.1
 Propers                                547.510950      125380.008     0.3
 Impropers                               37.850757        7872.957     0.0
 Pos. Restr.                             97.251945        4862.597     0.0
 Virial                                  10.363686         186.546     0.0
 Stop-CM                                 10.361782         103.618     0.0
 Calc-Ekin                              206.451282        5574.185     0.0
 Lincs                                  196.711802       11802.708     0.0
 Lincs-Mat                             4265.655924       17062.624     0.0
 Constraint-V                          1228.349132        9826.793     0.0
 Constraint-Vir                          10.336632         248.079     0.0
 Settle                                 278.316698       89896.293     0.2
-----------------------------------------------------------------------------
 Total                                                40103721.815   100.0
-----------------------------------------------------------------------------


     R E A L   C Y C L E   A N D   T I M E   A C C O U N T I N G

On 1 MPI rank, each using 8 OpenMP threads

 Computing:          Num   Num      Call    Wall time         Giga-Cycles
                     Ranks Threads  Count      (s)         total sum    %
-----------------------------------------------------------------------------
 Neighbor search        1    8        501       7.612        109.610   0.9
 Force                  1    8      50001     688.384       9912.715  85.3
 PME mesh               1    8      50001      75.943       1093.584   9.4
 NB X/F buffer ops.     1    8      99501      14.170        204.052   1.8
 Write traj.            1    8          1       0.105          1.505   0.0
 Update                 1    8      50001       6.163         88.745   0.8
 Constraints            1    8      50003      13.306        191.605   1.6
 Rest                                           1.788         25.743   0.2
-----------------------------------------------------------------------------
 Total                                        807.470      11627.558 100.0
-----------------------------------------------------------------------------
 Breakdown of PME mesh computation
-----------------------------------------------------------------------------
 PME spread             1    8      50001      32.723        471.214   4.1
 PME gather             1    8      50001      27.871        401.348   3.5
 PME 3D-FFT             1    8     100002      12.727        183.271   1.6
 PME solve Elec         1    8      50001       1.960         28.222   0.2
-----------------------------------------------------------------------------

               Core t (s)   Wall t (s)        (%)
       Time:     6459.756      807.470      800.0
                 (ns/day)    (hour/ns)
Performance:       10.700        2.243
Finished mdrun on rank 0 Mon Dec 14 11:50:50 2020

